[0.065s] Invoking command in '/home/rayann/xrc_rover/build/xrc_rover_description': CMAKE_PREFIX_PATH=/opt/ros/humble /usr/bin/cmake --build /home/rayann/xrc_rover/build/xrc_rover_description -- -j16 -l16
[0.117s] Invoked command in '/home/rayann/xrc_rover/build/xrc_rover_description' returned '0': CMAKE_PREFIX_PATH=/opt/ros/humble /usr/bin/cmake --build /home/rayann/xrc_rover/build/xrc_rover_description -- -j16 -l16
[0.149s] Invoking command in '/home/rayann/xrc_rover/build/xrc_rover_description': CMAKE_PREFIX_PATH=/opt/ros/humble /usr/bin/cmake --install /home/rayann/xrc_rover/build/xrc_rover_description
[0.158s] -- Install configuration: ""
[0.158s] -- Execute custom install script
[0.159s] -- Up-to-date symlink: /home/rayann/xrc_rover/install/xrc_rover_description/share/xrc_rover_description//urdf/camera.xacro
[0.159s] -- Up-to-date symlink: /home/rayann/xrc_rover/install/xrc_rover_description/share/xrc_rover_description//urdf/common_properties.xacro
[0.159s] -- Up-to-date symlink: /home/rayann/xrc_rover/install/xrc_rover_description/share/xrc_rover_description//urdf/gazebo_control.xacro
[0.159s] -- Up-to-date symlink: /home/rayann/xrc_rover/install/xrc_rover_description/share/xrc_rover_description//urdf/lidar.xacro
[0.159s] -- Up-to-date symlink: /home/rayann/xrc_rover/install/xrc_rover_description/share/xrc_rover_description//urdf/mobile_base.xacro
[0.159s] -- Up-to-date symlink: /home/rayann/xrc_rover/install/xrc_rover_description/share/xrc_rover_description//urdf/test.xacro
[0.160s] -- Up-to-date symlink: /home/rayann/xrc_rover/install/xrc_rover_description/share/xrc_rover_description//urdf/xrc_rover.urdf.xacro
[0.160s] -- Up-to-date symlink: /home/rayann/xrc_rover/install/xrc_rover_description/share/xrc_rover_description//rviz/xrc_rover_config.rviz
[0.160s] -- Up-to-date symlink: /home/rayann/xrc_rover/install/xrc_rover_description/share/xrc_rover_description//worlds/test_world.world
[0.160s] -- Up-to-date symlink: /home/rayann/xrc_rover/install/xrc_rover_description/share/ament_index/resource_index/package_run_dependencies/xrc_rover_description
[0.161s] -- Up-to-date symlink: /home/rayann/xrc_rover/install/xrc_rover_description/share/ament_index/resource_index/parent_prefix_path/xrc_rover_description
[0.161s] -- Up-to-date symlink: /home/rayann/xrc_rover/install/xrc_rover_description/share/xrc_rover_description/environment/ament_prefix_path.sh
[0.161s] -- Up-to-date symlink: /home/rayann/xrc_rover/install/xrc_rover_description/share/xrc_rover_description/environment/ament_prefix_path.dsv
[0.162s] -- Up-to-date symlink: /home/rayann/xrc_rover/install/xrc_rover_description/share/xrc_rover_description/environment/path.sh
[0.162s] -- Up-to-date symlink: /home/rayann/xrc_rover/install/xrc_rover_description/share/xrc_rover_description/environment/path.dsv
[0.162s] -- Up-to-date symlink: /home/rayann/xrc_rover/install/xrc_rover_description/share/xrc_rover_description/local_setup.bash
[0.162s] -- Up-to-date symlink: /home/rayann/xrc_rover/install/xrc_rover_description/share/xrc_rover_description/local_setup.sh
[0.162s] -- Up-to-date symlink: /home/rayann/xrc_rover/install/xrc_rover_description/share/xrc_rover_description/local_setup.zsh
[0.162s] -- Up-to-date symlink: /home/rayann/xrc_rover/install/xrc_rover_description/share/xrc_rover_description/local_setup.dsv
[0.163s] -- Symlinking: /home/rayann/xrc_rover/install/xrc_rover_description/share/xrc_rover_description/package.dsv
[0.173s] -- Up-to-date symlink: /home/rayann/xrc_rover/install/xrc_rover_description/share/ament_index/resource_index/packages/xrc_rover_description
[0.173s] -- Up-to-date symlink: /home/rayann/xrc_rover/install/xrc_rover_description/share/xrc_rover_description/cmake/xrc_rover_descriptionConfig.cmake
[0.174s] -- Up-to-date symlink: /home/rayann/xrc_rover/install/xrc_rover_description/share/xrc_rover_description/cmake/xrc_rover_descriptionConfig-version.cmake
[0.174s] -- Up-to-date symlink: /home/rayann/xrc_rover/install/xrc_rover_description/share/xrc_rover_description/package.xml
[0.215s] Invoked command in '/home/rayann/xrc_rover/build/xrc_rover_description' returned '0': CMAKE_PREFIX_PATH=/opt/ros/humble /usr/bin/cmake --install /home/rayann/xrc_rover/build/xrc_rover_description
