[0.057s] Invoking command in '/home/rayann/xrc_rover/build/xrc_rover_description': CMAKE_PREFIX_PATH=${CMAKE_PREFIX_PATH}:/opt/ros/humble /usr/bin/cmake /home/rayann/xrc_rover/src/xrc_rover_description -DAMENT_CMAKE_SYMLINK_INSTALL=1 -DCMAKE_INSTALL_PREFIX=/home/rayann/xrc_rover/install/xrc_rover_description
[0.066s] -- Found ament_cmake: 1.3.6 (/opt/ros/humble/share/ament_cmake/cmake)
[0.154s] -- Override CMake install command with custom implementation using symlinks instead of copying resources
[0.202s] -- Configuring done
[0.206s] -- Generating done
[0.207s] -- Build files have been written to: /home/rayann/xrc_rover/build/xrc_rover_description
[0.214s] Invoked command in '/home/rayann/xrc_rover/build/xrc_rover_description' returned '0': CMAKE_PREFIX_PATH=${CMAKE_PREFIX_PATH}:/opt/ros/humble /usr/bin/cmake /home/rayann/xrc_rover/src/xrc_rover_description -DAMENT_CMAKE_SYMLINK_INSTALL=1 -DCMAKE_INSTALL_PREFIX=/home/rayann/xrc_rover/install/xrc_rover_description
[0.215s] Invoking command in '/home/rayann/xrc_rover/build/xrc_rover_description': CMAKE_PREFIX_PATH=${CMAKE_PREFIX_PATH}:/opt/ros/humble /usr/bin/cmake --build /home/rayann/xrc_rover/build/xrc_rover_description -- -j16 -l16
[0.245s] Invoked command in '/home/rayann/xrc_rover/build/xrc_rover_description' returned '0': CMAKE_PREFIX_PATH=${CMAKE_PREFIX_PATH}:/opt/ros/humble /usr/bin/cmake --build /home/rayann/xrc_rover/build/xrc_rover_description -- -j16 -l16
[0.276s] Invoking command in '/home/rayann/xrc_rover/build/xrc_rover_description': CMAKE_PREFIX_PATH=${CMAKE_PREFIX_PATH}:/opt/ros/humble /usr/bin/cmake --install /home/rayann/xrc_rover/build/xrc_rover_description
[0.281s] -- Install configuration: ""
[0.281s] -- Execute custom install script
[0.281s] -- Up-to-date symlink: /home/rayann/xrc_rover/install/xrc_rover_description/share/xrc_rover_description//urdf/camera.xacro
[0.281s] -- Up-to-date symlink: /home/rayann/xrc_rover/install/xrc_rover_description/share/xrc_rover_description//urdf/common_properties.xacro
[0.282s] -- Up-to-date symlink: /home/rayann/xrc_rover/install/xrc_rover_description/share/xrc_rover_description//urdf/gazebo_control.xacro
[0.282s] -- Up-to-date symlink: /home/rayann/xrc_rover/install/xrc_rover_description/share/xrc_rover_description//urdf/lidar.xacro
[0.282s] -- Up-to-date symlink: /home/rayann/xrc_rover/install/xrc_rover_description/share/xrc_rover_description//urdf/mobile_base.xacro
[0.282s] -- Up-to-date symlink: /home/rayann/xrc_rover/install/xrc_rover_description/share/xrc_rover_description//urdf/xrc_rover.urdf.xacro
[0.282s] -- Up-to-date symlink: /home/rayann/xrc_rover/install/xrc_rover_description/share/xrc_rover_description//rviz/xrc_rover_config.rviz
[0.282s] -- Up-to-date symlink: /home/rayann/xrc_rover/install/xrc_rover_description/share/ament_index/resource_index/package_run_dependencies/xrc_rover_description
[0.282s] -- Up-to-date symlink: /home/rayann/xrc_rover/install/xrc_rover_description/share/ament_index/resource_index/parent_prefix_path/xrc_rover_description
[0.282s] -- Up-to-date symlink: /home/rayann/xrc_rover/install/xrc_rover_description/share/xrc_rover_description/environment/ament_prefix_path.sh
[0.282s] -- Up-to-date symlink: /home/rayann/xrc_rover/install/xrc_rover_description/share/xrc_rover_description/environment/ament_prefix_path.dsv
[0.282s] -- Up-to-date symlink: /home/rayann/xrc_rover/install/xrc_rover_description/share/xrc_rover_description/environment/path.sh
[0.282s] -- Up-to-date symlink: /home/rayann/xrc_rover/install/xrc_rover_description/share/xrc_rover_description/environment/path.dsv
[0.282s] -- Up-to-date symlink: /home/rayann/xrc_rover/install/xrc_rover_description/share/xrc_rover_description/local_setup.bash
[0.283s] -- Up-to-date symlink: /home/rayann/xrc_rover/install/xrc_rover_description/share/xrc_rover_description/local_setup.sh
[0.283s] -- Up-to-date symlink: /home/rayann/xrc_rover/install/xrc_rover_description/share/xrc_rover_description/local_setup.zsh
[0.283s] -- Up-to-date symlink: /home/rayann/xrc_rover/install/xrc_rover_description/share/xrc_rover_description/local_setup.dsv
[0.283s] -- Symlinking: /home/rayann/xrc_rover/install/xrc_rover_description/share/xrc_rover_description/package.dsv
[0.289s] -- Up-to-date symlink: /home/rayann/xrc_rover/install/xrc_rover_description/share/ament_index/resource_index/packages/xrc_rover_description
[0.289s] -- Up-to-date symlink: /home/rayann/xrc_rover/install/xrc_rover_description/share/xrc_rover_description/cmake/xrc_rover_descriptionConfig.cmake
[0.289s] -- Up-to-date symlink: /home/rayann/xrc_rover/install/xrc_rover_description/share/xrc_rover_description/cmake/xrc_rover_descriptionConfig-version.cmake
[0.290s] -- Up-to-date symlink: /home/rayann/xrc_rover/install/xrc_rover_description/share/xrc_rover_description/package.xml
[0.319s] Invoked command in '/home/rayann/xrc_rover/build/xrc_rover_description' returned '0': CMAKE_PREFIX_PATH=${CMAKE_PREFIX_PATH}:/opt/ros/humble /usr/bin/cmake --install /home/rayann/xrc_rover/build/xrc_rover_description
