[0.082s] Invoking command in '/home/rayann/xrc_rover/build/xrc_rover_bringup': CMAKE_PREFIX_PATH=${CMAKE_PREFIX_PATH}:/opt/ros/humble /usr/bin/cmake /home/rayann/xrc_rover/src/xrc_rover_bringup -DAMENT_CMAKE_SYMLINK_INSTALL=1 -DCMAKE_INSTALL_PREFIX=/home/rayann/xrc_rover/install/xrc_rover_bringup
[0.093s] -- Found ament_cmake: 1.3.6 (/opt/ros/humble/share/ament_cmake/cmake)
[0.181s] -- Override CMake install command with custom implementation using symlinks instead of copying resources
[0.230s] -- Configuring done
[0.234s] -- Generating done
[0.234s] -- Build files have been written to: /home/rayann/xrc_rover/build/xrc_rover_bringup
[0.237s] Invoked command in '/home/rayann/xrc_rover/build/xrc_rover_bringup' returned '0': CMAKE_PREFIX_PATH=${CMAKE_PREFIX_PATH}:/opt/ros/humble /usr/bin/cmake /home/rayann/xrc_rover/src/xrc_rover_bringup -DAMENT_CMAKE_SYMLINK_INSTALL=1 -DCMAKE_INSTALL_PREFIX=/home/rayann/xrc_rover/install/xrc_rover_bringup
[0.241s] Invoking command in '/home/rayann/xrc_rover/build/xrc_rover_bringup': CMAKE_PREFIX_PATH=${CMAKE_PREFIX_PATH}:/opt/ros/humble /usr/bin/cmake --build /home/rayann/xrc_rover/build/xrc_rover_bringup -- -j16 -l16
[0.273s] Invoked command in '/home/rayann/xrc_rover/build/xrc_rover_bringup' returned '0': CMAKE_PREFIX_PATH=${CMAKE_PREFIX_PATH}:/opt/ros/humble /usr/bin/cmake --build /home/rayann/xrc_rover/build/xrc_rover_bringup -- -j16 -l16
[0.302s] Invoking command in '/home/rayann/xrc_rover/build/xrc_rover_bringup': CMAKE_PREFIX_PATH=${CMAKE_PREFIX_PATH}:/opt/ros/humble /usr/bin/cmake --install /home/rayann/xrc_rover/build/xrc_rover_bringup
[0.307s] -- Install configuration: ""
[0.307s] -- Execute custom install script
[0.308s] -- Up-to-date symlink: /home/rayann/xrc_rover/install/xrc_rover_bringup/share/xrc_rover_bringup//launch/xrc_rover_gazebo.launch.xml
[0.308s] -- Up-to-date symlink: /home/rayann/xrc_rover/install/xrc_rover_bringup/share/xrc_rover_bringup//launch/xrc_rover_model.launch.xml
[0.308s] -- Up-to-date symlink: /home/rayann/xrc_rover/install/xrc_rover_bringup/share/ament_index/resource_index/package_run_dependencies/xrc_rover_bringup
[0.308s] -- Up-to-date symlink: /home/rayann/xrc_rover/install/xrc_rover_bringup/share/ament_index/resource_index/parent_prefix_path/xrc_rover_bringup
[0.308s] -- Up-to-date symlink: /home/rayann/xrc_rover/install/xrc_rover_bringup/share/xrc_rover_bringup/environment/ament_prefix_path.sh
[0.308s] -- Up-to-date symlink: /home/rayann/xrc_rover/install/xrc_rover_bringup/share/xrc_rover_bringup/environment/ament_prefix_path.dsv
[0.308s] -- Up-to-date symlink: /home/rayann/xrc_rover/install/xrc_rover_bringup/share/xrc_rover_bringup/environment/path.sh
[0.308s] -- Up-to-date symlink: /home/rayann/xrc_rover/install/xrc_rover_bringup/share/xrc_rover_bringup/environment/path.dsv
[0.308s] -- Up-to-date symlink: /home/rayann/xrc_rover/install/xrc_rover_bringup/share/xrc_rover_bringup/local_setup.bash
[0.308s] -- Up-to-date symlink: /home/rayann/xrc_rover/install/xrc_rover_bringup/share/xrc_rover_bringup/local_setup.sh
[0.308s] -- Up-to-date symlink: /home/rayann/xrc_rover/install/xrc_rover_bringup/share/xrc_rover_bringup/local_setup.zsh
[0.308s] -- Up-to-date symlink: /home/rayann/xrc_rover/install/xrc_rover_bringup/share/xrc_rover_bringup/local_setup.dsv
[0.308s] -- Symlinking: /home/rayann/xrc_rover/install/xrc_rover_bringup/share/xrc_rover_bringup/package.dsv
[0.316s] -- Up-to-date symlink: /home/rayann/xrc_rover/install/xrc_rover_bringup/share/ament_index/resource_index/packages/xrc_rover_bringup
[0.316s] -- Up-to-date symlink: /home/rayann/xrc_rover/install/xrc_rover_bringup/share/xrc_rover_bringup/cmake/xrc_rover_bringupConfig.cmake
[0.316s] -- Up-to-date symlink: /home/rayann/xrc_rover/install/xrc_rover_bringup/share/xrc_rover_bringup/cmake/xrc_rover_bringupConfig-version.cmake
[0.317s] -- Up-to-date symlink: /home/rayann/xrc_rover/install/xrc_rover_bringup/share/xrc_rover_bringup/package.xml
[0.319s] Invoked command in '/home/rayann/xrc_rover/build/xrc_rover_bringup' returned '0': CMAKE_PREFIX_PATH=${CMAKE_PREFIX_PATH}:/opt/ros/humble /usr/bin/cmake --install /home/rayann/xrc_rover/build/xrc_rover_bringup
