-- The C compiler identification is GNU 11.4.0
-- The CXX compiler identification is GNU 11.4.0
-- Detecting C compiler ABI info
-- Detecting C compiler ABI info - done
-- Check for working C compiler: /usr/bin/cc - skipped
-- Detecting C compile features
-- Detecting C compile features - done
-- Detecting CXX compiler ABI info
-- Detecting CXX compiler ABI info - done
-- Check for working CXX compiler: /usr/bin/c++ - skipped
-- Detecting CXX compile features
-- Detecting CXX compile features - done
-- Found ament_cmake: 1.3.6 (/opt/ros/humble/share/ament_cmake/cmake)
-- Found Python3: /usr/bin/python3.10 (found version "3.10.12") found components: Interpreter 
-- Found rclcpp: 16.0.7 (/opt/ros/humble/share/rclcpp/cmake)
-- Found rosidl_generator_c: 3.1.5 (/opt/ros/humble/share/rosidl_generator_c/cmake)
-- Found rosidl_adapter: 3.1.5 (/opt/ros/humble/share/rosidl_adapter/cmake)
-- Found rosidl_generator_cpp: 3.1.5 (/opt/ros/humble/share/rosidl_generator_cpp/cmake)
-- Using all available rosidl_typesupport_c: rosidl_typesupport_fastrtps_c;rosidl_typesupport_introspection_c
-- Using all available rosidl_typesupport_cpp: rosidl_typesupport_fastrtps_cpp;rosidl_typesupport_introspection_cpp
-- Found rmw_implementation_cmake: 6.1.1 (/opt/ros/humble/share/rmw_implementation_cmake/cmake)
-- Found rmw_cyclonedds_cpp: 1.3.4 (/opt/ros/humble/share/rmw_cyclonedds_cpp/cmake)
-- Using RMW implementation 'rmw_cyclonedds_cpp' as default
-- Looking for pthread.h
-- Looking for pthread.h - found
-- Performing Test CMAKE_HAVE_LIBC_PTHREAD
-- Performing Test CMAKE_HAVE_LIBC_PTHREAD - Success
-- Found Threads: TRUE  
-- Found geometry_msgs: 4.2.3 (/opt/ros/humble/share/geometry_msgs/cmake)
-- Found Curses: /usr/lib/x86_64-linux-gnu/libcurses.so  
-- Configuring done
-- Generating done
-- Build files have been written to: /home/rayann/xrc_rover/build/xrc_rover_teleop
[ 50%] [32mBuilding CXX object CMakeFiles/keyboard_teleop_node.dir/src/xrc_rover_teleop_key.cpp.o[0m
[100%] [32m[1mLinking CXX executable keyboard_teleop_node[0m
[100%] Built target keyboard_teleop_node
-- Install configuration: ""
-- Installing: /home/rayann/xrc_rover/install/xrc_rover_teleop/lib/xrc_rover_teleop/keyboard_teleop_node
-- Set runtime path of "/home/rayann/xrc_rover/install/xrc_rover_teleop/lib/xrc_rover_teleop/keyboard_teleop_node" to ""
-- Installing: /home/rayann/xrc_rover/install/xrc_rover_teleop/share/ament_index/resource_index/package_run_dependencies/xrc_rover_teleop
-- Installing: /home/rayann/xrc_rover/install/xrc_rover_teleop/share/ament_index/resource_index/parent_prefix_path/xrc_rover_teleop
-- Installing: /home/rayann/xrc_rover/install/xrc_rover_teleop/share/xrc_rover_teleop/environment/ament_prefix_path.sh
-- Installing: /home/rayann/xrc_rover/install/xrc_rover_teleop/share/xrc_rover_teleop/environment/ament_prefix_path.dsv
-- Installing: /home/rayann/xrc_rover/install/xrc_rover_teleop/share/xrc_rover_teleop/environment/path.sh
-- Installing: /home/rayann/xrc_rover/install/xrc_rover_teleop/share/xrc_rover_teleop/environment/path.dsv
-- Installing: /home/rayann/xrc_rover/install/xrc_rover_teleop/share/xrc_rover_teleop/local_setup.bash
-- Installing: /home/rayann/xrc_rover/install/xrc_rover_teleop/share/xrc_rover_teleop/local_setup.sh
-- Installing: /home/rayann/xrc_rover/install/xrc_rover_teleop/share/xrc_rover_teleop/local_setup.zsh
-- Installing: /home/rayann/xrc_rover/install/xrc_rover_teleop/share/xrc_rover_teleop/local_setup.dsv
-- Installing: /home/rayann/xrc_rover/install/xrc_rover_teleop/share/xrc_rover_teleop/package.dsv
-- Installing: /home/rayann/xrc_rover/install/xrc_rover_teleop/share/ament_index/resource_index/packages/xrc_rover_teleop
-- Installing: /home/rayann/xrc_rover/install/xrc_rover_teleop/share/xrc_rover_teleop/cmake/xrc_rover_teleopConfig.cmake
-- Installing: /home/rayann/xrc_rover/install/xrc_rover_teleop/share/xrc_rover_teleop/cmake/xrc_rover_teleopConfig-version.cmake
-- Installing: /home/rayann/xrc_rover/install/xrc_rover_teleop/share/xrc_rover_teleop/package.xml
