[0.428s] DEBUG:colcon:Command line arguments: ['/usr/bin/colcon', 'build']
[0.428s] DEBUG:colcon:Parsed command line arguments: Namespace(log_base=None, log_level=None, verb_name='build', build_base='build', install_base='install', merge_install=False, symlink_install=False, test_result_base=None, continue_on_error=False, executor='parallel', parallel_workers=16, event_handlers=None, ignore_user_meta=False, metas=['./colcon.meta'], base_paths=['.'], packages_ignore=None, packages_ignore_regex=None, paths=None, packages_up_to=None, packages_up_to_regex=None, packages_above=None, packages_above_and_dependencies=None, packages_above_depth=None, packages_select_by_dep=None, packages_skip_by_dep=None, packages_skip_up_to=None, packages_select_build_failed=False, packages_skip_build_finished=False, packages_select_test_failures=False, packages_skip_test_passed=False, packages_select=None, packages_skip=None, packages_select_regex=None, packages_skip_regex=None, packages_start=None, packages_end=None, allow_overriding=[], cmake_args=None, cmake_target=None, cmake_target_skip_unavailable=False, cmake_clean_cache=False, cmake_clean_first=False, cmake_force_configure=False, ament_cmake_args=None, catkin_cmake_args=None, catkin_skip_building_tests=False, verb_parser=<colcon_defaults.argument_parser.defaults.DefaultArgumentsDecorator object at 0x7f955093bfa0>, verb_extension=<colcon_core.verb.build.BuildVerb object at 0x7f95521d39a0>, main=<bound method BuildVerb.main of <colcon_core.verb.build.BuildVerb object at 0x7f95521d39a0>>)
[0.458s] Level 1:colcon.colcon_core.package_discovery:discover_packages(colcon_meta) check parameters
[0.458s] Level 1:colcon.colcon_core.package_discovery:discover_packages(recursive) check parameters
[0.458s] Level 1:colcon.colcon_core.package_discovery:discover_packages(ignore) check parameters
[0.458s] Level 1:colcon.colcon_core.package_discovery:discover_packages(path) check parameters
[0.459s] Level 1:colcon.colcon_core.package_discovery:discover_packages(colcon_meta) discover
[0.459s] Level 1:colcon.colcon_core.package_discovery:discover_packages(recursive) discover
[0.459s] INFO:colcon.colcon_core.package_discovery:Crawling recursively for packages in '/home/rayann/xrc_rover'
[0.459s] Level 1:colcon.colcon_core.package_identification:_identify(.) by extensions ['ignore', 'ignore_ament_install']
[0.459s] Level 1:colcon.colcon_core.package_identification:_identify(.) by extension 'ignore'
[0.459s] Level 1:colcon.colcon_core.package_identification:_identify(.) by extension 'ignore_ament_install'
[0.459s] Level 1:colcon.colcon_core.package_identification:_identify(.) by extensions ['colcon_pkg']
[0.459s] Level 1:colcon.colcon_core.package_identification:_identify(.) by extension 'colcon_pkg'
[0.459s] Level 1:colcon.colcon_core.package_identification:_identify(.) by extensions ['colcon_meta']
[0.459s] Level 1:colcon.colcon_core.package_identification:_identify(.) by extension 'colcon_meta'
[0.459s] Level 1:colcon.colcon_core.package_identification:_identify(.) by extensions ['ros']
[0.459s] Level 1:colcon.colcon_core.package_identification:_identify(.) by extension 'ros'
[0.466s] Level 1:colcon.colcon_core.package_identification:_identify(.) by extensions ['cmake', 'python']
[0.466s] Level 1:colcon.colcon_core.package_identification:_identify(.) by extension 'cmake'
[0.466s] Level 1:colcon.colcon_core.package_identification:_identify(.) by extension 'python'
[0.466s] Level 1:colcon.colcon_core.package_identification:_identify(.) by extensions ['python_setup_py']
[0.466s] Level 1:colcon.colcon_core.package_identification:_identify(.) by extension 'python_setup_py'
[0.466s] Level 1:colcon.colcon_core.package_identification:_identify(build) by extensions ['ignore', 'ignore_ament_install']
[0.466s] Level 1:colcon.colcon_core.package_identification:_identify(build) by extension 'ignore'
[0.466s] Level 1:colcon.colcon_core.package_identification:_identify(build) ignored
[0.466s] Level 1:colcon.colcon_core.package_identification:_identify(install) by extensions ['ignore', 'ignore_ament_install']
[0.466s] Level 1:colcon.colcon_core.package_identification:_identify(install) by extension 'ignore'
[0.466s] Level 1:colcon.colcon_core.package_identification:_identify(install) ignored
[0.466s] Level 1:colcon.colcon_core.package_identification:_identify(log) by extensions ['ignore', 'ignore_ament_install']
[0.467s] Level 1:colcon.colcon_core.package_identification:_identify(log) by extension 'ignore'
[0.467s] Level 1:colcon.colcon_core.package_identification:_identify(log) ignored
[0.467s] Level 1:colcon.colcon_core.package_identification:_identify(src) by extensions ['ignore', 'ignore_ament_install']
[0.467s] Level 1:colcon.colcon_core.package_identification:_identify(src) by extension 'ignore'
[0.467s] Level 1:colcon.colcon_core.package_identification:_identify(src) by extension 'ignore_ament_install'
[0.467s] Level 1:colcon.colcon_core.package_identification:_identify(src) by extensions ['colcon_pkg']
[0.467s] Level 1:colcon.colcon_core.package_identification:_identify(src) by extension 'colcon_pkg'
[0.467s] Level 1:colcon.colcon_core.package_identification:_identify(src) by extensions ['colcon_meta']
[0.467s] Level 1:colcon.colcon_core.package_identification:_identify(src) by extension 'colcon_meta'
[0.467s] Level 1:colcon.colcon_core.package_identification:_identify(src) by extensions ['ros']
[0.467s] Level 1:colcon.colcon_core.package_identification:_identify(src) by extension 'ros'
[0.467s] Level 1:colcon.colcon_core.package_identification:_identify(src) by extensions ['cmake', 'python']
[0.467s] Level 1:colcon.colcon_core.package_identification:_identify(src) by extension 'cmake'
[0.467s] Level 1:colcon.colcon_core.package_identification:_identify(src) by extension 'python'
[0.467s] Level 1:colcon.colcon_core.package_identification:_identify(src) by extensions ['python_setup_py']
[0.467s] Level 1:colcon.colcon_core.package_identification:_identify(src) by extension 'python_setup_py'
[0.467s] Level 1:colcon.colcon_core.package_identification:_identify(src/xrc_rover_bringup) by extensions ['ignore', 'ignore_ament_install']
[0.468s] Level 1:colcon.colcon_core.package_identification:_identify(src/xrc_rover_bringup) by extension 'ignore'
[0.468s] Level 1:colcon.colcon_core.package_identification:_identify(src/xrc_rover_bringup) by extension 'ignore_ament_install'
[0.468s] Level 1:colcon.colcon_core.package_identification:_identify(src/xrc_rover_bringup) by extensions ['colcon_pkg']
[0.468s] Level 1:colcon.colcon_core.package_identification:_identify(src/xrc_rover_bringup) by extension 'colcon_pkg'
[0.468s] Level 1:colcon.colcon_core.package_identification:_identify(src/xrc_rover_bringup) by extensions ['colcon_meta']
[0.468s] Level 1:colcon.colcon_core.package_identification:_identify(src/xrc_rover_bringup) by extension 'colcon_meta'
[0.468s] Level 1:colcon.colcon_core.package_identification:_identify(src/xrc_rover_bringup) by extensions ['ros']
[0.468s] Level 1:colcon.colcon_core.package_identification:_identify(src/xrc_rover_bringup) by extension 'ros'
[0.469s] DEBUG:colcon.colcon_core.package_identification:Package 'src/xrc_rover_bringup' with type 'ros.ament_cmake' and name 'xrc_rover_bringup'
[0.469s] Level 1:colcon.colcon_core.package_identification:_identify(src/xrc_rover_description) by extensions ['ignore', 'ignore_ament_install']
[0.469s] Level 1:colcon.colcon_core.package_identification:_identify(src/xrc_rover_description) by extension 'ignore'
[0.469s] Level 1:colcon.colcon_core.package_identification:_identify(src/xrc_rover_description) by extension 'ignore_ament_install'
[0.469s] Level 1:colcon.colcon_core.package_identification:_identify(src/xrc_rover_description) by extensions ['colcon_pkg']
[0.469s] Level 1:colcon.colcon_core.package_identification:_identify(src/xrc_rover_description) by extension 'colcon_pkg'
[0.469s] Level 1:colcon.colcon_core.package_identification:_identify(src/xrc_rover_description) by extensions ['colcon_meta']
[0.469s] Level 1:colcon.colcon_core.package_identification:_identify(src/xrc_rover_description) by extension 'colcon_meta'
[0.470s] Level 1:colcon.colcon_core.package_identification:_identify(src/xrc_rover_description) by extensions ['ros']
[0.470s] Level 1:colcon.colcon_core.package_identification:_identify(src/xrc_rover_description) by extension 'ros'
[0.470s] DEBUG:colcon.colcon_core.package_identification:Package 'src/xrc_rover_description' with type 'ros.ament_cmake' and name 'xrc_rover_description'
[0.470s] Level 1:colcon.colcon_core.package_identification:_identify(src/xrc_rover_teleop) by extensions ['ignore', 'ignore_ament_install']
[0.470s] Level 1:colcon.colcon_core.package_identification:_identify(src/xrc_rover_teleop) by extension 'ignore'
[0.470s] Level 1:colcon.colcon_core.package_identification:_identify(src/xrc_rover_teleop) by extension 'ignore_ament_install'
[0.470s] Level 1:colcon.colcon_core.package_identification:_identify(src/xrc_rover_teleop) by extensions ['colcon_pkg']
[0.470s] Level 1:colcon.colcon_core.package_identification:_identify(src/xrc_rover_teleop) by extension 'colcon_pkg'
[0.470s] Level 1:colcon.colcon_core.package_identification:_identify(src/xrc_rover_teleop) by extensions ['colcon_meta']
[0.470s] Level 1:colcon.colcon_core.package_identification:_identify(src/xrc_rover_teleop) by extension 'colcon_meta'
[0.470s] Level 1:colcon.colcon_core.package_identification:_identify(src/xrc_rover_teleop) by extensions ['ros']
[0.470s] Level 1:colcon.colcon_core.package_identification:_identify(src/xrc_rover_teleop) by extension 'ros'
[0.471s] DEBUG:colcon.colcon_core.package_identification:Package 'src/xrc_rover_teleop' with type 'ros.ament_cmake' and name 'xrc_rover_teleop'
[0.471s] Level 1:colcon.colcon_core.package_discovery:discover_packages(recursive) using defaults
[0.471s] Level 1:colcon.colcon_core.package_discovery:discover_packages(ignore) discover
[0.471s] Level 1:colcon.colcon_core.package_discovery:discover_packages(ignore) using defaults
[0.471s] Level 1:colcon.colcon_core.package_discovery:discover_packages(path) discover
[0.471s] Level 1:colcon.colcon_core.package_discovery:discover_packages(path) using defaults
[0.513s] Level 1:colcon.colcon_core.package_discovery:discover_packages(prefix_path) check parameters
[0.513s] Level 1:colcon.colcon_core.package_discovery:discover_packages(prefix_path) discover
[0.526s] DEBUG:colcon.colcon_installed_package_information.package_discovery:Found 323 installed packages in /opt/ros/humble
[0.527s] Level 1:colcon.colcon_core.package_discovery:discover_packages(prefix_path) using defaults
[0.581s] Level 5:colcon.colcon_core.verb:set package 'xrc_rover_bringup' build argument 'cmake_args' from command line to 'None'
[0.581s] Level 5:colcon.colcon_core.verb:set package 'xrc_rover_bringup' build argument 'cmake_target' from command line to 'None'
[0.581s] Level 5:colcon.colcon_core.verb:set package 'xrc_rover_bringup' build argument 'cmake_target_skip_unavailable' from command line to 'False'
[0.581s] Level 5:colcon.colcon_core.verb:set package 'xrc_rover_bringup' build argument 'cmake_clean_cache' from command line to 'False'
[0.581s] Level 5:colcon.colcon_core.verb:set package 'xrc_rover_bringup' build argument 'cmake_clean_first' from command line to 'False'
[0.581s] Level 5:colcon.colcon_core.verb:set package 'xrc_rover_bringup' build argument 'cmake_force_configure' from command line to 'False'
[0.581s] Level 5:colcon.colcon_core.verb:set package 'xrc_rover_bringup' build argument 'ament_cmake_args' from command line to 'None'
[0.581s] Level 5:colcon.colcon_core.verb:set package 'xrc_rover_bringup' build argument 'catkin_cmake_args' from command line to 'None'
[0.581s] Level 5:colcon.colcon_core.verb:set package 'xrc_rover_bringup' build argument 'catkin_skip_building_tests' from command line to 'False'
[0.581s] DEBUG:colcon.colcon_core.verb:Building package 'xrc_rover_bringup' with the following arguments: {'ament_cmake_args': None, 'build_base': '/home/rayann/xrc_rover/build/xrc_rover_bringup', 'catkin_cmake_args': None, 'catkin_skip_building_tests': False, 'cmake_args': None, 'cmake_clean_cache': False, 'cmake_clean_first': False, 'cmake_force_configure': False, 'cmake_target': None, 'cmake_target_skip_unavailable': False, 'install_base': '/home/rayann/xrc_rover/install/xrc_rover_bringup', 'merge_install': False, 'path': '/home/rayann/xrc_rover/src/xrc_rover_bringup', 'symlink_install': False, 'test_result_base': None}
[0.587s] Level 5:colcon.colcon_core.verb:set package 'xrc_rover_description' build argument 'cmake_args' from command line to 'None'
[0.587s] Level 5:colcon.colcon_core.verb:set package 'xrc_rover_description' build argument 'cmake_target' from command line to 'None'
[0.587s] Level 5:colcon.colcon_core.verb:set package 'xrc_rover_description' build argument 'cmake_target_skip_unavailable' from command line to 'False'
[0.587s] Level 5:colcon.colcon_core.verb:set package 'xrc_rover_description' build argument 'cmake_clean_cache' from command line to 'False'
[0.587s] Level 5:colcon.colcon_core.verb:set package 'xrc_rover_description' build argument 'cmake_clean_first' from command line to 'False'
[0.587s] Level 5:colcon.colcon_core.verb:set package 'xrc_rover_description' build argument 'cmake_force_configure' from command line to 'False'
[0.587s] Level 5:colcon.colcon_core.verb:set package 'xrc_rover_description' build argument 'ament_cmake_args' from command line to 'None'
[0.587s] Level 5:colcon.colcon_core.verb:set package 'xrc_rover_description' build argument 'catkin_cmake_args' from command line to 'None'
[0.587s] Level 5:colcon.colcon_core.verb:set package 'xrc_rover_description' build argument 'catkin_skip_building_tests' from command line to 'False'
[0.587s] DEBUG:colcon.colcon_core.verb:Building package 'xrc_rover_description' with the following arguments: {'ament_cmake_args': None, 'build_base': '/home/rayann/xrc_rover/build/xrc_rover_description', 'catkin_cmake_args': None, 'catkin_skip_building_tests': False, 'cmake_args': None, 'cmake_clean_cache': False, 'cmake_clean_first': False, 'cmake_force_configure': False, 'cmake_target': None, 'cmake_target_skip_unavailable': False, 'install_base': '/home/rayann/xrc_rover/install/xrc_rover_description', 'merge_install': False, 'path': '/home/rayann/xrc_rover/src/xrc_rover_description', 'symlink_install': False, 'test_result_base': None}
[0.593s] Level 5:colcon.colcon_core.verb:set package 'xrc_rover_teleop' build argument 'cmake_args' from command line to 'None'
[0.593s] Level 5:colcon.colcon_core.verb:set package 'xrc_rover_teleop' build argument 'cmake_target' from command line to 'None'
[0.593s] Level 5:colcon.colcon_core.verb:set package 'xrc_rover_teleop' build argument 'cmake_target_skip_unavailable' from command line to 'False'
[0.593s] Level 5:colcon.colcon_core.verb:set package 'xrc_rover_teleop' build argument 'cmake_clean_cache' from command line to 'False'
[0.593s] Level 5:colcon.colcon_core.verb:set package 'xrc_rover_teleop' build argument 'cmake_clean_first' from command line to 'False'
[0.593s] Level 5:colcon.colcon_core.verb:set package 'xrc_rover_teleop' build argument 'cmake_force_configure' from command line to 'False'
[0.593s] Level 5:colcon.colcon_core.verb:set package 'xrc_rover_teleop' build argument 'ament_cmake_args' from command line to 'None'
[0.593s] Level 5:colcon.colcon_core.verb:set package 'xrc_rover_teleop' build argument 'catkin_cmake_args' from command line to 'None'
[0.593s] Level 5:colcon.colcon_core.verb:set package 'xrc_rover_teleop' build argument 'catkin_skip_building_tests' from command line to 'False'
[0.593s] DEBUG:colcon.colcon_core.verb:Building package 'xrc_rover_teleop' with the following arguments: {'ament_cmake_args': None, 'build_base': '/home/rayann/xrc_rover/build/xrc_rover_teleop', 'catkin_cmake_args': None, 'catkin_skip_building_tests': False, 'cmake_args': None, 'cmake_clean_cache': False, 'cmake_clean_first': False, 'cmake_force_configure': False, 'cmake_target': None, 'cmake_target_skip_unavailable': False, 'install_base': '/home/rayann/xrc_rover/install/xrc_rover_teleop', 'merge_install': False, 'path': '/home/rayann/xrc_rover/src/xrc_rover_teleop', 'symlink_install': False, 'test_result_base': None}
[0.598s] INFO:colcon.colcon_core.executor:Executing jobs using 'parallel' executor
[0.605s] DEBUG:colcon.colcon_parallel_executor.executor.parallel:run_until_complete
[0.605s] INFO:colcon.colcon_ros.task.ament_cmake.build:Building ROS package in '/home/rayann/xrc_rover/src/xrc_rover_bringup' with build type 'ament_cmake'
[0.606s] INFO:colcon.colcon_cmake.task.cmake.build:Building CMake package in '/home/rayann/xrc_rover/src/xrc_rover_bringup'
[0.614s] INFO:colcon.colcon_core.plugin_system:Skipping extension 'colcon_core.shell.bat': Not used on non-Windows systems
[0.614s] INFO:colcon.colcon_core.shell:Skip shell extension 'powershell' for command environment: Not usable outside of PowerShell
[0.614s] DEBUG:colcon.colcon_core.shell:Skip shell extension 'dsv' for command environment
[0.631s] INFO:colcon.colcon_ros.task.ament_cmake.build:Building ROS package in '/home/rayann/xrc_rover/src/xrc_rover_description' with build type 'ament_cmake'
[0.631s] INFO:colcon.colcon_cmake.task.cmake.build:Building CMake package in '/home/rayann/xrc_rover/src/xrc_rover_description'
[0.637s] INFO:colcon.colcon_core.shell:Skip shell extension 'powershell' for command environment: Not usable outside of PowerShell
[0.637s] DEBUG:colcon.colcon_core.shell:Skip shell extension 'dsv' for command environment
[0.650s] INFO:colcon.colcon_ros.task.ament_cmake.build:Building ROS package in '/home/rayann/xrc_rover/src/xrc_rover_teleop' with build type 'ament_cmake'
[0.650s] INFO:colcon.colcon_cmake.task.cmake.build:Building CMake package in '/home/rayann/xrc_rover/src/xrc_rover_teleop'
[0.656s] INFO:colcon.colcon_core.shell:Skip shell extension 'powershell' for command environment: Not usable outside of PowerShell
[0.656s] DEBUG:colcon.colcon_core.shell:Skip shell extension 'dsv' for command environment
[0.671s] DEBUG:colcon.colcon_core.event_handler.log_command:Invoking command in '/home/rayann/xrc_rover/build/xrc_rover_bringup': CMAKE_PREFIX_PATH=/opt/ros/humble /usr/bin/cmake /home/rayann/xrc_rover/src/xrc_rover_bringup -DCMAKE_INSTALL_PREFIX=/home/rayann/xrc_rover/install/xrc_rover_bringup
[0.675s] DEBUG:colcon.colcon_core.event_handler.log_command:Invoking command in '/home/rayann/xrc_rover/build/xrc_rover_description': CMAKE_PREFIX_PATH=/opt/ros/humble /usr/bin/cmake /home/rayann/xrc_rover/src/xrc_rover_description -DCMAKE_INSTALL_PREFIX=/home/rayann/xrc_rover/install/xrc_rover_description
[0.677s] DEBUG:colcon.colcon_core.event_handler.log_command:Invoking command in '/home/rayann/xrc_rover/build/xrc_rover_teleop': CMAKE_PREFIX_PATH=/opt/ros/humble /usr/bin/cmake /home/rayann/xrc_rover/src/xrc_rover_teleop -DCMAKE_INSTALL_PREFIX=/home/rayann/xrc_rover/install/xrc_rover_teleop
[1.178s] DEBUG:colcon.colcon_core.event_handler.log_command:Invoked command in '/home/rayann/xrc_rover/build/xrc_rover_description' returned '0': CMAKE_PREFIX_PATH=/opt/ros/humble /usr/bin/cmake /home/rayann/xrc_rover/src/xrc_rover_description -DCMAKE_INSTALL_PREFIX=/home/rayann/xrc_rover/install/xrc_rover_description
[1.179s] DEBUG:colcon.colcon_core.event_handler.log_command:Invoking command in '/home/rayann/xrc_rover/build/xrc_rover_description': CMAKE_PREFIX_PATH=/opt/ros/humble /usr/bin/cmake --build /home/rayann/xrc_rover/build/xrc_rover_description -- -j16 -l16
[1.180s] DEBUG:colcon.colcon_core.event_handler.log_command:Invoked command in '/home/rayann/xrc_rover/build/xrc_rover_bringup' returned '0': CMAKE_PREFIX_PATH=/opt/ros/humble /usr/bin/cmake /home/rayann/xrc_rover/src/xrc_rover_bringup -DCMAKE_INSTALL_PREFIX=/home/rayann/xrc_rover/install/xrc_rover_bringup
[1.181s] DEBUG:colcon.colcon_core.event_handler.log_command:Invoking command in '/home/rayann/xrc_rover/build/xrc_rover_bringup': CMAKE_PREFIX_PATH=/opt/ros/humble /usr/bin/cmake --build /home/rayann/xrc_rover/build/xrc_rover_bringup -- -j16 -l16
[1.209s] DEBUG:colcon.colcon_core.event_handler.log_command:Invoked command in '/home/rayann/xrc_rover/build/xrc_rover_description' returned '0': CMAKE_PREFIX_PATH=/opt/ros/humble /usr/bin/cmake --build /home/rayann/xrc_rover/build/xrc_rover_description -- -j16 -l16
[1.211s] DEBUG:colcon.colcon_core.event_handler.log_command:Invoked command in '/home/rayann/xrc_rover/build/xrc_rover_bringup' returned '0': CMAKE_PREFIX_PATH=/opt/ros/humble /usr/bin/cmake --build /home/rayann/xrc_rover/build/xrc_rover_bringup -- -j16 -l16
[1.239s] DEBUG:colcon.colcon_core.event_handler.log_command:Invoking command in '/home/rayann/xrc_rover/build/xrc_rover_bringup': CMAKE_PREFIX_PATH=/opt/ros/humble /usr/bin/cmake --install /home/rayann/xrc_rover/build/xrc_rover_bringup
[1.240s] DEBUG:colcon.colcon_core.event_handler.log_command:Invoking command in '/home/rayann/xrc_rover/build/xrc_rover_description': CMAKE_PREFIX_PATH=/opt/ros/humble /usr/bin/cmake --install /home/rayann/xrc_rover/build/xrc_rover_description
[1.250s] Level 1:colcon.colcon_core.environment:create_environment_scripts_only(xrc_rover_bringup)
[1.251s] DEBUG:colcon.colcon_core.event_handler.log_command:Invoked command in '/home/rayann/xrc_rover/build/xrc_rover_bringup' returned '0': CMAKE_PREFIX_PATH=/opt/ros/humble /usr/bin/cmake --install /home/rayann/xrc_rover/build/xrc_rover_bringup
[1.260s] Level 1:colcon.colcon_core.environment:checking '/home/rayann/xrc_rover/install/xrc_rover_bringup' for CMake module files
[1.260s] Level 1:colcon.colcon_core.environment:checking '/home/rayann/xrc_rover/install/xrc_rover_bringup' for CMake config files
[1.260s] Level 1:colcon.colcon_core.shell:create_environment_hook('xrc_rover_bringup', 'cmake_prefix_path')
[1.266s] INFO:colcon.colcon_core.shell:Creating environment hook '/home/rayann/xrc_rover/install/xrc_rover_bringup/share/xrc_rover_bringup/hook/cmake_prefix_path.ps1'
[1.266s] INFO:colcon.colcon_core.shell:Creating environment descriptor '/home/rayann/xrc_rover/install/xrc_rover_bringup/share/xrc_rover_bringup/hook/cmake_prefix_path.dsv'
[1.267s] INFO:colcon.colcon_core.shell:Creating environment hook '/home/rayann/xrc_rover/install/xrc_rover_bringup/share/xrc_rover_bringup/hook/cmake_prefix_path.sh'
[1.267s] Level 1:colcon.colcon_core.environment:checking '/home/rayann/xrc_rover/install/xrc_rover_bringup/bin'
[1.267s] Level 1:colcon.colcon_core.environment:checking '/home/rayann/xrc_rover/install/xrc_rover_bringup/lib/pkgconfig/xrc_rover_bringup.pc'
[1.267s] Level 1:colcon.colcon_core.environment:checking '/home/rayann/xrc_rover/install/xrc_rover_bringup/lib/python3.10/site-packages'
[1.267s] Level 1:colcon.colcon_core.environment:checking '/home/rayann/xrc_rover/install/xrc_rover_bringup/bin'
[1.274s] INFO:colcon.colcon_core.shell:Creating package script '/home/rayann/xrc_rover/install/xrc_rover_bringup/share/xrc_rover_bringup/package.ps1'
[1.274s] INFO:colcon.colcon_core.shell:Creating package descriptor '/home/rayann/xrc_rover/install/xrc_rover_bringup/share/xrc_rover_bringup/package.dsv'
[1.274s] INFO:colcon.colcon_core.shell:Creating package script '/home/rayann/xrc_rover/install/xrc_rover_bringup/share/xrc_rover_bringup/package.sh'
[1.275s] INFO:colcon.colcon_core.shell:Creating package script '/home/rayann/xrc_rover/install/xrc_rover_bringup/share/xrc_rover_bringup/package.bash'
[1.275s] INFO:colcon.colcon_core.shell:Creating package script '/home/rayann/xrc_rover/install/xrc_rover_bringup/share/xrc_rover_bringup/package.zsh'
[1.276s] Level 1:colcon.colcon_core.environment:create_file_with_runtime_dependencies(/home/rayann/xrc_rover/install/xrc_rover_bringup/share/colcon-core/packages/xrc_rover_bringup)
[1.277s] Level 1:colcon.colcon_core.environment:create_environment_scripts_only(xrc_rover_description)
[1.278s] DEBUG:colcon.colcon_core.event_handler.log_command:Invoked command in '/home/rayann/xrc_rover/build/xrc_rover_description' returned '0': CMAKE_PREFIX_PATH=/opt/ros/humble /usr/bin/cmake --install /home/rayann/xrc_rover/build/xrc_rover_description
[1.284s] Level 1:colcon.colcon_core.environment:checking '/home/rayann/xrc_rover/install/xrc_rover_description' for CMake module files
[1.284s] Level 1:colcon.colcon_core.environment:checking '/home/rayann/xrc_rover/install/xrc_rover_description' for CMake config files
[1.284s] Level 1:colcon.colcon_core.shell:create_environment_hook('xrc_rover_description', 'cmake_prefix_path')
[1.291s] INFO:colcon.colcon_core.shell:Creating environment hook '/home/rayann/xrc_rover/install/xrc_rover_description/share/xrc_rover_description/hook/cmake_prefix_path.ps1'
[1.291s] INFO:colcon.colcon_core.shell:Creating environment descriptor '/home/rayann/xrc_rover/install/xrc_rover_description/share/xrc_rover_description/hook/cmake_prefix_path.dsv'
[1.291s] INFO:colcon.colcon_core.shell:Creating environment hook '/home/rayann/xrc_rover/install/xrc_rover_description/share/xrc_rover_description/hook/cmake_prefix_path.sh'
[1.291s] Level 1:colcon.colcon_core.environment:checking '/home/rayann/xrc_rover/install/xrc_rover_description/bin'
[1.291s] Level 1:colcon.colcon_core.environment:checking '/home/rayann/xrc_rover/install/xrc_rover_description/lib/pkgconfig/xrc_rover_description.pc'
[1.292s] Level 1:colcon.colcon_core.environment:checking '/home/rayann/xrc_rover/install/xrc_rover_description/lib/python3.10/site-packages'
[1.292s] Level 1:colcon.colcon_core.environment:checking '/home/rayann/xrc_rover/install/xrc_rover_description/bin'
[1.298s] INFO:colcon.colcon_core.shell:Creating package script '/home/rayann/xrc_rover/install/xrc_rover_description/share/xrc_rover_description/package.ps1'
[1.298s] INFO:colcon.colcon_core.shell:Creating package descriptor '/home/rayann/xrc_rover/install/xrc_rover_description/share/xrc_rover_description/package.dsv'
[1.298s] INFO:colcon.colcon_core.shell:Creating package script '/home/rayann/xrc_rover/install/xrc_rover_description/share/xrc_rover_description/package.sh'
[1.298s] INFO:colcon.colcon_core.shell:Creating package script '/home/rayann/xrc_rover/install/xrc_rover_description/share/xrc_rover_description/package.bash'
[1.299s] INFO:colcon.colcon_core.shell:Creating package script '/home/rayann/xrc_rover/install/xrc_rover_description/share/xrc_rover_description/package.zsh'
[1.299s] Level 1:colcon.colcon_core.environment:create_file_with_runtime_dependencies(/home/rayann/xrc_rover/install/xrc_rover_description/share/colcon-core/packages/xrc_rover_description)
[1.306s] Level 1:colcon.colcon_core.environment:create_environment_scripts_only(xrc_rover_bringup)
[1.313s] Level 1:colcon.colcon_core.environment:checking '/home/rayann/xrc_rover/install/xrc_rover_bringup' for CMake module files
[1.313s] Level 1:colcon.colcon_core.environment:checking '/home/rayann/xrc_rover/install/xrc_rover_bringup' for CMake config files
[1.313s] Level 1:colcon.colcon_core.shell:create_environment_hook('xrc_rover_bringup', 'cmake_prefix_path')
[1.319s] INFO:colcon.colcon_core.shell:Creating environment hook '/home/rayann/xrc_rover/install/xrc_rover_bringup/share/xrc_rover_bringup/hook/cmake_prefix_path.ps1'
[1.320s] INFO:colcon.colcon_core.shell:Creating environment descriptor '/home/rayann/xrc_rover/install/xrc_rover_bringup/share/xrc_rover_bringup/hook/cmake_prefix_path.dsv'
[1.320s] INFO:colcon.colcon_core.shell:Creating environment hook '/home/rayann/xrc_rover/install/xrc_rover_bringup/share/xrc_rover_bringup/hook/cmake_prefix_path.sh'
[1.320s] Level 1:colcon.colcon_core.environment:checking '/home/rayann/xrc_rover/install/xrc_rover_bringup/bin'
[1.320s] Level 1:colcon.colcon_core.environment:checking '/home/rayann/xrc_rover/install/xrc_rover_bringup/lib/pkgconfig/xrc_rover_bringup.pc'
[1.320s] Level 1:colcon.colcon_core.environment:checking '/home/rayann/xrc_rover/install/xrc_rover_bringup/lib/python3.10/site-packages'
[1.320s] Level 1:colcon.colcon_core.environment:checking '/home/rayann/xrc_rover/install/xrc_rover_bringup/bin'
[1.327s] INFO:colcon.colcon_core.shell:Creating package script '/home/rayann/xrc_rover/install/xrc_rover_bringup/share/xrc_rover_bringup/package.ps1'
[1.327s] INFO:colcon.colcon_core.shell:Creating package descriptor '/home/rayann/xrc_rover/install/xrc_rover_bringup/share/xrc_rover_bringup/package.dsv'
[1.327s] INFO:colcon.colcon_core.shell:Creating package script '/home/rayann/xrc_rover/install/xrc_rover_bringup/share/xrc_rover_bringup/package.sh'
[1.327s] INFO:colcon.colcon_core.shell:Creating package script '/home/rayann/xrc_rover/install/xrc_rover_bringup/share/xrc_rover_bringup/package.bash'
[1.327s] INFO:colcon.colcon_core.shell:Creating package script '/home/rayann/xrc_rover/install/xrc_rover_bringup/share/xrc_rover_bringup/package.zsh'
[1.328s] Level 1:colcon.colcon_core.environment:create_file_with_runtime_dependencies(/home/rayann/xrc_rover/install/xrc_rover_bringup/share/colcon-core/packages/xrc_rover_bringup)
[1.335s] Level 1:colcon.colcon_core.environment:create_environment_scripts_only(xrc_rover_description)
[1.341s] Level 1:colcon.colcon_core.environment:checking '/home/rayann/xrc_rover/install/xrc_rover_description' for CMake module files
[1.344s] Level 1:colcon.colcon_core.environment:checking '/home/rayann/xrc_rover/install/xrc_rover_description' for CMake config files
[1.344s] Level 1:colcon.colcon_core.shell:create_environment_hook('xrc_rover_description', 'cmake_prefix_path')
[1.351s] INFO:colcon.colcon_core.shell:Creating environment hook '/home/rayann/xrc_rover/install/xrc_rover_description/share/xrc_rover_description/hook/cmake_prefix_path.ps1'
[1.351s] INFO:colcon.colcon_core.shell:Creating environment descriptor '/home/rayann/xrc_rover/install/xrc_rover_description/share/xrc_rover_description/hook/cmake_prefix_path.dsv'
[1.351s] INFO:colcon.colcon_core.shell:Creating environment hook '/home/rayann/xrc_rover/install/xrc_rover_description/share/xrc_rover_description/hook/cmake_prefix_path.sh'
[1.351s] Level 1:colcon.colcon_core.environment:checking '/home/rayann/xrc_rover/install/xrc_rover_description/bin'
[1.351s] Level 1:colcon.colcon_core.environment:checking '/home/rayann/xrc_rover/install/xrc_rover_description/lib/pkgconfig/xrc_rover_description.pc'
[1.351s] Level 1:colcon.colcon_core.environment:checking '/home/rayann/xrc_rover/install/xrc_rover_description/lib/python3.10/site-packages'
[1.352s] Level 1:colcon.colcon_core.environment:checking '/home/rayann/xrc_rover/install/xrc_rover_description/bin'
[1.358s] INFO:colcon.colcon_core.shell:Creating package script '/home/rayann/xrc_rover/install/xrc_rover_description/share/xrc_rover_description/package.ps1'
[1.358s] INFO:colcon.colcon_core.shell:Creating package descriptor '/home/rayann/xrc_rover/install/xrc_rover_description/share/xrc_rover_description/package.dsv'
[1.358s] INFO:colcon.colcon_core.shell:Creating package script '/home/rayann/xrc_rover/install/xrc_rover_description/share/xrc_rover_description/package.sh'
[1.358s] INFO:colcon.colcon_core.shell:Creating package script '/home/rayann/xrc_rover/install/xrc_rover_description/share/xrc_rover_description/package.bash'
[1.359s] INFO:colcon.colcon_core.shell:Creating package script '/home/rayann/xrc_rover/install/xrc_rover_description/share/xrc_rover_description/package.zsh'
[1.359s] Level 1:colcon.colcon_core.environment:create_file_with_runtime_dependencies(/home/rayann/xrc_rover/install/xrc_rover_description/share/colcon-core/packages/xrc_rover_description)
[1.635s] DEBUG:colcon.colcon_core.event_handler.log_command:Invoked command in '/home/rayann/xrc_rover/build/xrc_rover_teleop' returned '0': CMAKE_PREFIX_PATH=/opt/ros/humble /usr/bin/cmake /home/rayann/xrc_rover/src/xrc_rover_teleop -DCMAKE_INSTALL_PREFIX=/home/rayann/xrc_rover/install/xrc_rover_teleop
[1.636s] DEBUG:colcon.colcon_core.event_handler.log_command:Invoking command in '/home/rayann/xrc_rover/build/xrc_rover_teleop': CMAKE_PREFIX_PATH=/opt/ros/humble /usr/bin/cmake --build /home/rayann/xrc_rover/build/xrc_rover_teleop -- -j16 -l16
[4.376s] DEBUG:colcon.colcon_core.event_handler.log_command:Invoked command in '/home/rayann/xrc_rover/build/xrc_rover_teleop' returned '0': CMAKE_PREFIX_PATH=/opt/ros/humble /usr/bin/cmake --build /home/rayann/xrc_rover/build/xrc_rover_teleop -- -j16 -l16
[4.409s] DEBUG:colcon.colcon_core.event_handler.log_command:Invoking command in '/home/rayann/xrc_rover/build/xrc_rover_teleop': CMAKE_PREFIX_PATH=/opt/ros/humble /usr/bin/cmake --install /home/rayann/xrc_rover/build/xrc_rover_teleop
[4.417s] Level 1:colcon.colcon_core.environment:create_environment_scripts_only(xrc_rover_teleop)
[4.418s] DEBUG:colcon.colcon_core.event_handler.log_command:Invoked command in '/home/rayann/xrc_rover/build/xrc_rover_teleop' returned '0': CMAKE_PREFIX_PATH=/opt/ros/humble /usr/bin/cmake --install /home/rayann/xrc_rover/build/xrc_rover_teleop
[4.424s] Level 1:colcon.colcon_core.environment:checking '/home/rayann/xrc_rover/install/xrc_rover_teleop' for CMake module files
[4.425s] Level 1:colcon.colcon_core.environment:checking '/home/rayann/xrc_rover/install/xrc_rover_teleop' for CMake config files
[4.425s] Level 1:colcon.colcon_core.shell:create_environment_hook('xrc_rover_teleop', 'cmake_prefix_path')
[4.430s] INFO:colcon.colcon_core.shell:Creating environment hook '/home/rayann/xrc_rover/install/xrc_rover_teleop/share/xrc_rover_teleop/hook/cmake_prefix_path.ps1'
[4.431s] INFO:colcon.colcon_core.shell:Creating environment descriptor '/home/rayann/xrc_rover/install/xrc_rover_teleop/share/xrc_rover_teleop/hook/cmake_prefix_path.dsv'
[4.431s] INFO:colcon.colcon_core.shell:Creating environment hook '/home/rayann/xrc_rover/install/xrc_rover_teleop/share/xrc_rover_teleop/hook/cmake_prefix_path.sh'
[4.431s] Level 1:colcon.colcon_core.environment:checking '/home/rayann/xrc_rover/install/xrc_rover_teleop/lib'
[4.431s] Level 1:colcon.colcon_core.environment:checking '/home/rayann/xrc_rover/install/xrc_rover_teleop/bin'
[4.431s] Level 1:colcon.colcon_core.environment:checking '/home/rayann/xrc_rover/install/xrc_rover_teleop/lib/pkgconfig/xrc_rover_teleop.pc'
[4.431s] Level 1:colcon.colcon_core.environment:checking '/home/rayann/xrc_rover/install/xrc_rover_teleop/lib/python3.10/site-packages'
[4.432s] Level 1:colcon.colcon_core.environment:checking '/home/rayann/xrc_rover/install/xrc_rover_teleop/bin'
[4.437s] INFO:colcon.colcon_core.shell:Creating package script '/home/rayann/xrc_rover/install/xrc_rover_teleop/share/xrc_rover_teleop/package.ps1'
[4.437s] INFO:colcon.colcon_core.shell:Creating package descriptor '/home/rayann/xrc_rover/install/xrc_rover_teleop/share/xrc_rover_teleop/package.dsv'
[4.438s] INFO:colcon.colcon_core.shell:Creating package script '/home/rayann/xrc_rover/install/xrc_rover_teleop/share/xrc_rover_teleop/package.sh'
[4.438s] INFO:colcon.colcon_core.shell:Creating package script '/home/rayann/xrc_rover/install/xrc_rover_teleop/share/xrc_rover_teleop/package.bash'
[4.438s] INFO:colcon.colcon_core.shell:Creating package script '/home/rayann/xrc_rover/install/xrc_rover_teleop/share/xrc_rover_teleop/package.zsh'
[4.438s] Level 1:colcon.colcon_core.environment:create_file_with_runtime_dependencies(/home/rayann/xrc_rover/install/xrc_rover_teleop/share/colcon-core/packages/xrc_rover_teleop)
[4.478s] Level 1:colcon.colcon_core.environment:create_environment_scripts_only(xrc_rover_teleop)
[4.484s] Level 1:colcon.colcon_core.environment:checking '/home/rayann/xrc_rover/install/xrc_rover_teleop' for CMake module files
[4.484s] Level 1:colcon.colcon_core.environment:checking '/home/rayann/xrc_rover/install/xrc_rover_teleop' for CMake config files
[4.484s] Level 1:colcon.colcon_core.shell:create_environment_hook('xrc_rover_teleop', 'cmake_prefix_path')
[4.490s] INFO:colcon.colcon_core.shell:Creating environment hook '/home/rayann/xrc_rover/install/xrc_rover_teleop/share/xrc_rover_teleop/hook/cmake_prefix_path.ps1'
[4.496s] INFO:colcon.colcon_core.shell:Creating environment descriptor '/home/rayann/xrc_rover/install/xrc_rover_teleop/share/xrc_rover_teleop/hook/cmake_prefix_path.dsv'
[4.496s] INFO:colcon.colcon_core.shell:Creating environment hook '/home/rayann/xrc_rover/install/xrc_rover_teleop/share/xrc_rover_teleop/hook/cmake_prefix_path.sh'
[4.497s] Level 1:colcon.colcon_core.environment:checking '/home/rayann/xrc_rover/install/xrc_rover_teleop/lib'
[4.497s] Level 1:colcon.colcon_core.environment:checking '/home/rayann/xrc_rover/install/xrc_rover_teleop/bin'
[4.497s] Level 1:colcon.colcon_core.environment:checking '/home/rayann/xrc_rover/install/xrc_rover_teleop/lib/pkgconfig/xrc_rover_teleop.pc'
[4.497s] Level 1:colcon.colcon_core.environment:checking '/home/rayann/xrc_rover/install/xrc_rover_teleop/lib/python3.10/site-packages'
[4.497s] Level 1:colcon.colcon_core.environment:checking '/home/rayann/xrc_rover/install/xrc_rover_teleop/bin'
[4.503s] INFO:colcon.colcon_core.shell:Creating package script '/home/rayann/xrc_rover/install/xrc_rover_teleop/share/xrc_rover_teleop/package.ps1'
[4.503s] INFO:colcon.colcon_core.shell:Creating package descriptor '/home/rayann/xrc_rover/install/xrc_rover_teleop/share/xrc_rover_teleop/package.dsv'
[4.503s] INFO:colcon.colcon_core.shell:Creating package script '/home/rayann/xrc_rover/install/xrc_rover_teleop/share/xrc_rover_teleop/package.sh'
[4.504s] INFO:colcon.colcon_core.shell:Creating package script '/home/rayann/xrc_rover/install/xrc_rover_teleop/share/xrc_rover_teleop/package.bash'
[4.504s] INFO:colcon.colcon_core.shell:Creating package script '/home/rayann/xrc_rover/install/xrc_rover_teleop/share/xrc_rover_teleop/package.zsh'
[4.504s] Level 1:colcon.colcon_core.environment:create_file_with_runtime_dependencies(/home/rayann/xrc_rover/install/xrc_rover_teleop/share/colcon-core/packages/xrc_rover_teleop)
[4.504s] DEBUG:colcon.colcon_parallel_executor.executor.parallel:closing loop
[4.504s] DEBUG:colcon.colcon_parallel_executor.executor.parallel:loop closed
[4.504s] DEBUG:colcon.colcon_parallel_executor.executor.parallel:run_until_complete finished with '0'
[4.504s] DEBUG:colcon.colcon_core.event_reactor:joining thread
[4.515s] INFO:colcon.colcon_core.plugin_system:Skipping extension 'colcon_notification.desktop_notification.terminal_notifier': Not used on non-Darwin systems
[4.515s] INFO:colcon.colcon_core.plugin_system:Skipping extension 'colcon_notification.desktop_notification.win32': Not used on non-Windows systems
[4.515s] INFO:colcon.colcon_notification.desktop_notification:Sending desktop notification using 'notify2'
[4.529s] DEBUG:colcon.colcon_core.event_reactor:joined thread
[4.536s] INFO:colcon.colcon_core.shell:Creating prefix script '/home/rayann/xrc_rover/install/local_setup.ps1'
[4.537s] INFO:colcon.colcon_core.shell:Creating prefix util module '/home/rayann/xrc_rover/install/_local_setup_util_ps1.py'
[4.537s] INFO:colcon.colcon_core.shell:Creating prefix chain script '/home/rayann/xrc_rover/install/setup.ps1'
[4.543s] INFO:colcon.colcon_core.shell:Creating prefix script '/home/rayann/xrc_rover/install/local_setup.sh'
[4.544s] INFO:colcon.colcon_core.shell:Creating prefix util module '/home/rayann/xrc_rover/install/_local_setup_util_sh.py'
[4.544s] INFO:colcon.colcon_core.shell:Creating prefix chain script '/home/rayann/xrc_rover/install/setup.sh'
[4.550s] INFO:colcon.colcon_core.shell:Creating prefix script '/home/rayann/xrc_rover/install/local_setup.bash'
[4.551s] INFO:colcon.colcon_core.shell:Creating prefix chain script '/home/rayann/xrc_rover/install/setup.bash'
[4.557s] INFO:colcon.colcon_core.shell:Creating prefix script '/home/rayann/xrc_rover/install/local_setup.zsh'
[4.557s] INFO:colcon.colcon_core.shell:Creating prefix chain script '/home/rayann/xrc_rover/install/setup.zsh'
