[0.413s] DEBUG:colcon:Command line arguments: ['/usr/bin/colcon', 'build']
[0.413s] DEBUG:colcon:Parsed command line arguments: Namespace(log_base=None, log_level=None, verb_name='build', build_base='build', install_base='install', merge_install=False, symlink_install=False, test_result_base=None, continue_on_error=False, executor='parallel', parallel_workers=16, event_handlers=None, ignore_user_meta=False, metas=['./colcon.meta'], base_paths=['.'], packages_ignore=None, packages_ignore_regex=None, paths=None, packages_up_to=None, packages_up_to_regex=None, packages_above=None, packages_above_and_dependencies=None, packages_above_depth=None, packages_select_by_dep=None, packages_skip_by_dep=None, packages_skip_up_to=None, packages_select_build_failed=False, packages_skip_build_finished=False, packages_select_test_failures=False, packages_skip_test_passed=False, packages_select=None, packages_skip=None, packages_select_regex=None, packages_skip_regex=None, packages_start=None, packages_end=None, allow_overriding=[], cmake_args=None, cmake_target=None, cmake_target_skip_unavailable=False, cmake_clean_cache=False, cmake_clean_first=False, cmake_force_configure=False, ament_cmake_args=None, catkin_cmake_args=None, catkin_skip_building_tests=False, verb_parser=<colcon_defaults.argument_parser.defaults.DefaultArgumentsDecorator object at 0x7f5899a8c190>, verb_extension=<colcon_core.verb.build.BuildVerb object at 0x7f589abcf970>, main=<bound method BuildVerb.main of <colcon_core.verb.build.BuildVerb object at 0x7f589abcf970>>)
[0.434s] Level 1:colcon.colcon_core.package_discovery:discover_packages(colcon_meta) check parameters
[0.434s] Level 1:colcon.colcon_core.package_discovery:discover_packages(recursive) check parameters
[0.434s] Level 1:colcon.colcon_core.package_discovery:discover_packages(ignore) check parameters
[0.434s] Level 1:colcon.colcon_core.package_discovery:discover_packages(path) check parameters
[0.434s] Level 1:colcon.colcon_core.package_discovery:discover_packages(colcon_meta) discover
[0.434s] Level 1:colcon.colcon_core.package_discovery:discover_packages(recursive) discover
[0.434s] INFO:colcon.colcon_core.package_discovery:Crawling recursively for packages in '/home/rayann/xrc_rover'
[0.434s] Level 1:colcon.colcon_core.package_identification:_identify(.) by extensions ['ignore', 'ignore_ament_install']
[0.434s] Level 1:colcon.colcon_core.package_identification:_identify(.) by extension 'ignore'
[0.434s] Level 1:colcon.colcon_core.package_identification:_identify(.) by extension 'ignore_ament_install'
[0.434s] Level 1:colcon.colcon_core.package_identification:_identify(.) by extensions ['colcon_pkg']
[0.434s] Level 1:colcon.colcon_core.package_identification:_identify(.) by extension 'colcon_pkg'
[0.434s] Level 1:colcon.colcon_core.package_identification:_identify(.) by extensions ['colcon_meta']
[0.434s] Level 1:colcon.colcon_core.package_identification:_identify(.) by extension 'colcon_meta'
[0.434s] Level 1:colcon.colcon_core.package_identification:_identify(.) by extensions ['ros']
[0.434s] Level 1:colcon.colcon_core.package_identification:_identify(.) by extension 'ros'
[0.440s] Level 1:colcon.colcon_core.package_identification:_identify(.) by extensions ['cmake', 'python']
[0.440s] Level 1:colcon.colcon_core.package_identification:_identify(.) by extension 'cmake'
[0.440s] Level 1:colcon.colcon_core.package_identification:_identify(.) by extension 'python'
[0.440s] Level 1:colcon.colcon_core.package_identification:_identify(.) by extensions ['python_setup_py']
[0.440s] Level 1:colcon.colcon_core.package_identification:_identify(.) by extension 'python_setup_py'
[0.440s] Level 1:colcon.colcon_core.package_identification:_identify(build) by extensions ['ignore', 'ignore_ament_install']
[0.440s] Level 1:colcon.colcon_core.package_identification:_identify(build) by extension 'ignore'
[0.440s] Level 1:colcon.colcon_core.package_identification:_identify(build) ignored
[0.440s] Level 1:colcon.colcon_core.package_identification:_identify(install) by extensions ['ignore', 'ignore_ament_install']
[0.440s] Level 1:colcon.colcon_core.package_identification:_identify(install) by extension 'ignore'
[0.440s] Level 1:colcon.colcon_core.package_identification:_identify(install) ignored
[0.444s] Level 1:colcon.colcon_core.package_identification:_identify(log) by extensions ['ignore', 'ignore_ament_install']
[0.445s] Level 1:colcon.colcon_core.package_identification:_identify(log) by extension 'ignore'
[0.445s] Level 1:colcon.colcon_core.package_identification:_identify(log) ignored
[0.445s] Level 1:colcon.colcon_core.package_identification:_identify(src) by extensions ['ignore', 'ignore_ament_install']
[0.445s] Level 1:colcon.colcon_core.package_identification:_identify(src) by extension 'ignore'
[0.445s] Level 1:colcon.colcon_core.package_identification:_identify(src) by extension 'ignore_ament_install'
[0.445s] Level 1:colcon.colcon_core.package_identification:_identify(src) by extensions ['colcon_pkg']
[0.445s] Level 1:colcon.colcon_core.package_identification:_identify(src) by extension 'colcon_pkg'
[0.445s] Level 1:colcon.colcon_core.package_identification:_identify(src) by extensions ['colcon_meta']
[0.445s] Level 1:colcon.colcon_core.package_identification:_identify(src) by extension 'colcon_meta'
[0.445s] Level 1:colcon.colcon_core.package_identification:_identify(src) by extensions ['ros']
[0.445s] Level 1:colcon.colcon_core.package_identification:_identify(src) by extension 'ros'
[0.445s] Level 1:colcon.colcon_core.package_identification:_identify(src) by extensions ['cmake', 'python']
[0.445s] Level 1:colcon.colcon_core.package_identification:_identify(src) by extension 'cmake'
[0.445s] Level 1:colcon.colcon_core.package_identification:_identify(src) by extension 'python'
[0.445s] Level 1:colcon.colcon_core.package_identification:_identify(src) by extensions ['python_setup_py']
[0.446s] Level 1:colcon.colcon_core.package_identification:_identify(src) by extension 'python_setup_py'
[0.446s] Level 1:colcon.colcon_core.package_identification:_identify(src/xrc_rover_bringup) by extensions ['ignore', 'ignore_ament_install']
[0.446s] Level 1:colcon.colcon_core.package_identification:_identify(src/xrc_rover_bringup) by extension 'ignore'
[0.446s] Level 1:colcon.colcon_core.package_identification:_identify(src/xrc_rover_bringup) by extension 'ignore_ament_install'
[0.446s] Level 1:colcon.colcon_core.package_identification:_identify(src/xrc_rover_bringup) by extensions ['colcon_pkg']
[0.446s] Level 1:colcon.colcon_core.package_identification:_identify(src/xrc_rover_bringup) by extension 'colcon_pkg'
[0.446s] Level 1:colcon.colcon_core.package_identification:_identify(src/xrc_rover_bringup) by extensions ['colcon_meta']
[0.446s] Level 1:colcon.colcon_core.package_identification:_identify(src/xrc_rover_bringup) by extension 'colcon_meta'
[0.446s] Level 1:colcon.colcon_core.package_identification:_identify(src/xrc_rover_bringup) by extensions ['ros']
[0.446s] Level 1:colcon.colcon_core.package_identification:_identify(src/xrc_rover_bringup) by extension 'ros'
[0.449s] DEBUG:colcon.colcon_core.package_identification:Package 'src/xrc_rover_bringup' with type 'ros.ament_cmake' and name 'xrc_rover_bringup'
[0.449s] Level 1:colcon.colcon_core.package_identification:_identify(src/xrc_rover_description) by extensions ['ignore', 'ignore_ament_install']
[0.449s] Level 1:colcon.colcon_core.package_identification:_identify(src/xrc_rover_description) by extension 'ignore'
[0.449s] Level 1:colcon.colcon_core.package_identification:_identify(src/xrc_rover_description) by extension 'ignore_ament_install'
[0.449s] Level 1:colcon.colcon_core.package_identification:_identify(src/xrc_rover_description) by extensions ['colcon_pkg']
[0.449s] Level 1:colcon.colcon_core.package_identification:_identify(src/xrc_rover_description) by extension 'colcon_pkg'
[0.449s] Level 1:colcon.colcon_core.package_identification:_identify(src/xrc_rover_description) by extensions ['colcon_meta']
[0.449s] Level 1:colcon.colcon_core.package_identification:_identify(src/xrc_rover_description) by extension 'colcon_meta'
[0.449s] Level 1:colcon.colcon_core.package_identification:_identify(src/xrc_rover_description) by extensions ['ros']
[0.449s] Level 1:colcon.colcon_core.package_identification:_identify(src/xrc_rover_description) by extension 'ros'
[0.449s] DEBUG:colcon.colcon_core.package_identification:Package 'src/xrc_rover_description' with type 'ros.ament_cmake' and name 'xrc_rover_description'
[0.449s] Level 1:colcon.colcon_core.package_identification:_identify(src/xrc_rover_teleop) by extensions ['ignore', 'ignore_ament_install']
[0.449s] Level 1:colcon.colcon_core.package_identification:_identify(src/xrc_rover_teleop) by extension 'ignore'
[0.449s] Level 1:colcon.colcon_core.package_identification:_identify(src/xrc_rover_teleop) by extension 'ignore_ament_install'
[0.449s] Level 1:colcon.colcon_core.package_identification:_identify(src/xrc_rover_teleop) by extensions ['colcon_pkg']
[0.449s] Level 1:colcon.colcon_core.package_identification:_identify(src/xrc_rover_teleop) by extension 'colcon_pkg'
[0.449s] Level 1:colcon.colcon_core.package_identification:_identify(src/xrc_rover_teleop) by extensions ['colcon_meta']
[0.449s] Level 1:colcon.colcon_core.package_identification:_identify(src/xrc_rover_teleop) by extension 'colcon_meta'
[0.449s] Level 1:colcon.colcon_core.package_identification:_identify(src/xrc_rover_teleop) by extensions ['ros']
[0.449s] Level 1:colcon.colcon_core.package_identification:_identify(src/xrc_rover_teleop) by extension 'ros'
[0.450s] DEBUG:colcon.colcon_core.package_identification:Package 'src/xrc_rover_teleop' with type 'ros.ament_cmake' and name 'xrc_rover_teleop'
[0.450s] Level 1:colcon.colcon_core.package_discovery:discover_packages(recursive) using defaults
[0.450s] Level 1:colcon.colcon_core.package_discovery:discover_packages(ignore) discover
[0.450s] Level 1:colcon.colcon_core.package_discovery:discover_packages(ignore) using defaults
[0.450s] Level 1:colcon.colcon_core.package_discovery:discover_packages(path) discover
[0.450s] Level 1:colcon.colcon_core.package_discovery:discover_packages(path) using defaults
[0.489s] Level 1:colcon.colcon_core.package_discovery:discover_packages(prefix_path) check parameters
[0.489s] Level 1:colcon.colcon_core.package_discovery:discover_packages(prefix_path) discover
[0.501s] DEBUG:colcon.colcon_installed_package_information.package_discovery:Found 3 installed packages in /home/rayann/xrc_rover/install
[0.507s] DEBUG:colcon.colcon_installed_package_information.package_discovery:Found 323 installed packages in /opt/ros/humble
[0.508s] Level 1:colcon.colcon_core.package_discovery:discover_packages(prefix_path) using defaults
[0.559s] Level 5:colcon.colcon_core.verb:set package 'xrc_rover_bringup' build argument 'cmake_args' from command line to 'None'
[0.559s] Level 5:colcon.colcon_core.verb:set package 'xrc_rover_bringup' build argument 'cmake_target' from command line to 'None'
[0.559s] Level 5:colcon.colcon_core.verb:set package 'xrc_rover_bringup' build argument 'cmake_target_skip_unavailable' from command line to 'False'
[0.559s] Level 5:colcon.colcon_core.verb:set package 'xrc_rover_bringup' build argument 'cmake_clean_cache' from command line to 'False'
[0.559s] Level 5:colcon.colcon_core.verb:set package 'xrc_rover_bringup' build argument 'cmake_clean_first' from command line to 'False'
[0.559s] Level 5:colcon.colcon_core.verb:set package 'xrc_rover_bringup' build argument 'cmake_force_configure' from command line to 'False'
[0.559s] Level 5:colcon.colcon_core.verb:set package 'xrc_rover_bringup' build argument 'ament_cmake_args' from command line to 'None'
[0.559s] Level 5:colcon.colcon_core.verb:set package 'xrc_rover_bringup' build argument 'catkin_cmake_args' from command line to 'None'
[0.560s] Level 5:colcon.colcon_core.verb:set package 'xrc_rover_bringup' build argument 'catkin_skip_building_tests' from command line to 'False'
[0.560s] DEBUG:colcon.colcon_core.verb:Building package 'xrc_rover_bringup' with the following arguments: {'ament_cmake_args': None, 'build_base': '/home/rayann/xrc_rover/build/xrc_rover_bringup', 'catkin_cmake_args': None, 'catkin_skip_building_tests': False, 'cmake_args': None, 'cmake_clean_cache': False, 'cmake_clean_first': False, 'cmake_force_configure': False, 'cmake_target': None, 'cmake_target_skip_unavailable': False, 'install_base': '/home/rayann/xrc_rover/install/xrc_rover_bringup', 'merge_install': False, 'path': '/home/rayann/xrc_rover/src/xrc_rover_bringup', 'symlink_install': False, 'test_result_base': None}
[0.565s] Level 5:colcon.colcon_core.verb:set package 'xrc_rover_description' build argument 'cmake_args' from command line to 'None'
[0.565s] Level 5:colcon.colcon_core.verb:set package 'xrc_rover_description' build argument 'cmake_target' from command line to 'None'
[0.565s] Level 5:colcon.colcon_core.verb:set package 'xrc_rover_description' build argument 'cmake_target_skip_unavailable' from command line to 'False'
[0.565s] Level 5:colcon.colcon_core.verb:set package 'xrc_rover_description' build argument 'cmake_clean_cache' from command line to 'False'
[0.565s] Level 5:colcon.colcon_core.verb:set package 'xrc_rover_description' build argument 'cmake_clean_first' from command line to 'False'
[0.565s] Level 5:colcon.colcon_core.verb:set package 'xrc_rover_description' build argument 'cmake_force_configure' from command line to 'False'
[0.565s] Level 5:colcon.colcon_core.verb:set package 'xrc_rover_description' build argument 'ament_cmake_args' from command line to 'None'
[0.565s] Level 5:colcon.colcon_core.verb:set package 'xrc_rover_description' build argument 'catkin_cmake_args' from command line to 'None'
[0.565s] Level 5:colcon.colcon_core.verb:set package 'xrc_rover_description' build argument 'catkin_skip_building_tests' from command line to 'False'
[0.566s] DEBUG:colcon.colcon_core.verb:Building package 'xrc_rover_description' with the following arguments: {'ament_cmake_args': None, 'build_base': '/home/rayann/xrc_rover/build/xrc_rover_description', 'catkin_cmake_args': None, 'catkin_skip_building_tests': False, 'cmake_args': None, 'cmake_clean_cache': False, 'cmake_clean_first': False, 'cmake_force_configure': False, 'cmake_target': None, 'cmake_target_skip_unavailable': False, 'install_base': '/home/rayann/xrc_rover/install/xrc_rover_description', 'merge_install': False, 'path': '/home/rayann/xrc_rover/src/xrc_rover_description', 'symlink_install': False, 'test_result_base': None}
[0.574s] Level 5:colcon.colcon_core.verb:set package 'xrc_rover_teleop' build argument 'cmake_args' from command line to 'None'
[0.574s] Level 5:colcon.colcon_core.verb:set package 'xrc_rover_teleop' build argument 'cmake_target' from command line to 'None'
[0.574s] Level 5:colcon.colcon_core.verb:set package 'xrc_rover_teleop' build argument 'cmake_target_skip_unavailable' from command line to 'False'
[0.574s] Level 5:colcon.colcon_core.verb:set package 'xrc_rover_teleop' build argument 'cmake_clean_cache' from command line to 'False'
[0.574s] Level 5:colcon.colcon_core.verb:set package 'xrc_rover_teleop' build argument 'cmake_clean_first' from command line to 'False'
[0.574s] Level 5:colcon.colcon_core.verb:set package 'xrc_rover_teleop' build argument 'cmake_force_configure' from command line to 'False'
[0.574s] Level 5:colcon.colcon_core.verb:set package 'xrc_rover_teleop' build argument 'ament_cmake_args' from command line to 'None'
[0.574s] Level 5:colcon.colcon_core.verb:set package 'xrc_rover_teleop' build argument 'catkin_cmake_args' from command line to 'None'
[0.574s] Level 5:colcon.colcon_core.verb:set package 'xrc_rover_teleop' build argument 'catkin_skip_building_tests' from command line to 'False'
[0.574s] DEBUG:colcon.colcon_core.verb:Building package 'xrc_rover_teleop' with the following arguments: {'ament_cmake_args': None, 'build_base': '/home/rayann/xrc_rover/build/xrc_rover_teleop', 'catkin_cmake_args': None, 'catkin_skip_building_tests': False, 'cmake_args': None, 'cmake_clean_cache': False, 'cmake_clean_first': False, 'cmake_force_configure': False, 'cmake_target': None, 'cmake_target_skip_unavailable': False, 'install_base': '/home/rayann/xrc_rover/install/xrc_rover_teleop', 'merge_install': False, 'path': '/home/rayann/xrc_rover/src/xrc_rover_teleop', 'symlink_install': False, 'test_result_base': None}
[0.580s] INFO:colcon.colcon_core.executor:Executing jobs using 'parallel' executor
[0.586s] DEBUG:colcon.colcon_parallel_executor.executor.parallel:run_until_complete
[0.586s] INFO:colcon.colcon_ros.task.ament_cmake.build:Building ROS package in '/home/rayann/xrc_rover/src/xrc_rover_bringup' with build type 'ament_cmake'
[0.587s] INFO:colcon.colcon_cmake.task.cmake.build:Building CMake package in '/home/rayann/xrc_rover/src/xrc_rover_bringup'
[0.594s] INFO:colcon.colcon_core.plugin_system:Skipping extension 'colcon_core.shell.bat': Not used on non-Windows systems
[0.594s] INFO:colcon.colcon_core.shell:Skip shell extension 'powershell' for command environment: Not usable outside of PowerShell
[0.594s] DEBUG:colcon.colcon_core.shell:Skip shell extension 'dsv' for command environment
[0.614s] INFO:colcon.colcon_ros.task.ament_cmake.build:Building ROS package in '/home/rayann/xrc_rover/src/xrc_rover_description' with build type 'ament_cmake'
[0.614s] INFO:colcon.colcon_cmake.task.cmake.build:Building CMake package in '/home/rayann/xrc_rover/src/xrc_rover_description'
[0.620s] INFO:colcon.colcon_core.shell:Skip shell extension 'powershell' for command environment: Not usable outside of PowerShell
[0.620s] DEBUG:colcon.colcon_core.shell:Skip shell extension 'dsv' for command environment
[0.639s] INFO:colcon.colcon_ros.task.ament_cmake.build:Building ROS package in '/home/rayann/xrc_rover/src/xrc_rover_teleop' with build type 'ament_cmake'
[0.640s] INFO:colcon.colcon_cmake.task.cmake.build:Building CMake package in '/home/rayann/xrc_rover/src/xrc_rover_teleop'
[0.646s] INFO:colcon.colcon_core.shell:Skip shell extension 'powershell' for command environment: Not usable outside of PowerShell
[0.646s] DEBUG:colcon.colcon_core.shell:Skip shell extension 'dsv' for command environment
[0.669s] DEBUG:colcon.colcon_core.event_handler.log_command:Invoking command in '/home/rayann/xrc_rover/build/xrc_rover_bringup': CMAKE_PREFIX_PATH=${CMAKE_PREFIX_PATH}:/opt/ros/humble /usr/bin/cmake /home/rayann/xrc_rover/src/xrc_rover_bringup -DCMAKE_INSTALL_PREFIX=/home/rayann/xrc_rover/install/xrc_rover_bringup
[0.670s] DEBUG:colcon.colcon_core.event_handler.log_command:Invoking command in '/home/rayann/xrc_rover/build/xrc_rover_description': CMAKE_PREFIX_PATH=${CMAKE_PREFIX_PATH}:/opt/ros/humble /usr/bin/cmake /home/rayann/xrc_rover/src/xrc_rover_description -DCMAKE_INSTALL_PREFIX=/home/rayann/xrc_rover/install/xrc_rover_description
[0.673s] DEBUG:colcon.colcon_core.event_handler.log_command:Invoking command in '/home/rayann/xrc_rover/build/xrc_rover_teleop': CMAKE_PREFIX_PATH=${CMAKE_PREFIX_PATH}:/opt/ros/humble /usr/bin/cmake /home/rayann/xrc_rover/src/xrc_rover_teleop -DCMAKE_INSTALL_PREFIX=/home/rayann/xrc_rover/install/xrc_rover_teleop
[0.809s] DEBUG:colcon.colcon_core.event_handler.log_command:Invoked command in '/home/rayann/xrc_rover/build/xrc_rover_description' returned '0': CMAKE_PREFIX_PATH=${CMAKE_PREFIX_PATH}:/opt/ros/humble /usr/bin/cmake /home/rayann/xrc_rover/src/xrc_rover_description -DCMAKE_INSTALL_PREFIX=/home/rayann/xrc_rover/install/xrc_rover_description
[0.811s] DEBUG:colcon.colcon_core.event_handler.log_command:Invoking command in '/home/rayann/xrc_rover/build/xrc_rover_description': CMAKE_PREFIX_PATH=${CMAKE_PREFIX_PATH}:/opt/ros/humble /usr/bin/cmake --build /home/rayann/xrc_rover/build/xrc_rover_description -- -j16 -l16
[0.811s] DEBUG:colcon.colcon_core.event_handler.log_command:Invoked command in '/home/rayann/xrc_rover/build/xrc_rover_bringup' returned '0': CMAKE_PREFIX_PATH=${CMAKE_PREFIX_PATH}:/opt/ros/humble /usr/bin/cmake /home/rayann/xrc_rover/src/xrc_rover_bringup -DCMAKE_INSTALL_PREFIX=/home/rayann/xrc_rover/install/xrc_rover_bringup
[0.812s] DEBUG:colcon.colcon_core.event_handler.log_command:Invoking command in '/home/rayann/xrc_rover/build/xrc_rover_bringup': CMAKE_PREFIX_PATH=${CMAKE_PREFIX_PATH}:/opt/ros/humble /usr/bin/cmake --build /home/rayann/xrc_rover/build/xrc_rover_bringup -- -j16 -l16
[0.843s] DEBUG:colcon.colcon_core.event_handler.log_command:Invoked command in '/home/rayann/xrc_rover/build/xrc_rover_description' returned '0': CMAKE_PREFIX_PATH=${CMAKE_PREFIX_PATH}:/opt/ros/humble /usr/bin/cmake --build /home/rayann/xrc_rover/build/xrc_rover_description -- -j16 -l16
[0.844s] DEBUG:colcon.colcon_core.event_handler.log_command:Invoked command in '/home/rayann/xrc_rover/build/xrc_rover_bringup' returned '0': CMAKE_PREFIX_PATH=${CMAKE_PREFIX_PATH}:/opt/ros/humble /usr/bin/cmake --build /home/rayann/xrc_rover/build/xrc_rover_bringup -- -j16 -l16
[0.871s] DEBUG:colcon.colcon_core.event_handler.log_command:Invoking command in '/home/rayann/xrc_rover/build/xrc_rover_description': CMAKE_PREFIX_PATH=${CMAKE_PREFIX_PATH}:/opt/ros/humble /usr/bin/cmake --install /home/rayann/xrc_rover/build/xrc_rover_description
[0.872s] DEBUG:colcon.colcon_core.event_handler.log_command:Invoking command in '/home/rayann/xrc_rover/build/xrc_rover_bringup': CMAKE_PREFIX_PATH=${CMAKE_PREFIX_PATH}:/opt/ros/humble /usr/bin/cmake --install /home/rayann/xrc_rover/build/xrc_rover_bringup
[0.886s] Level 1:colcon.colcon_core.environment:create_environment_scripts_only(xrc_rover_bringup)
[0.886s] DEBUG:colcon.colcon_core.event_handler.log_command:Invoked command in '/home/rayann/xrc_rover/build/xrc_rover_bringup' returned '0': CMAKE_PREFIX_PATH=${CMAKE_PREFIX_PATH}:/opt/ros/humble /usr/bin/cmake --install /home/rayann/xrc_rover/build/xrc_rover_bringup
[0.895s] Level 1:colcon.colcon_core.environment:checking '/home/rayann/xrc_rover/install/xrc_rover_bringup' for CMake module files
[0.895s] Level 1:colcon.colcon_core.environment:checking '/home/rayann/xrc_rover/install/xrc_rover_bringup' for CMake config files
[0.895s] Level 1:colcon.colcon_core.shell:create_environment_hook('xrc_rover_bringup', 'cmake_prefix_path')
[0.901s] INFO:colcon.colcon_core.shell:Creating environment hook '/home/rayann/xrc_rover/install/xrc_rover_bringup/share/xrc_rover_bringup/hook/cmake_prefix_path.ps1'
[0.902s] INFO:colcon.colcon_core.shell:Creating environment descriptor '/home/rayann/xrc_rover/install/xrc_rover_bringup/share/xrc_rover_bringup/hook/cmake_prefix_path.dsv'
[0.902s] INFO:colcon.colcon_core.shell:Creating environment hook '/home/rayann/xrc_rover/install/xrc_rover_bringup/share/xrc_rover_bringup/hook/cmake_prefix_path.sh'
[0.902s] Level 1:colcon.colcon_core.environment:checking '/home/rayann/xrc_rover/install/xrc_rover_bringup/bin'
[0.902s] Level 1:colcon.colcon_core.environment:checking '/home/rayann/xrc_rover/install/xrc_rover_bringup/lib/pkgconfig/xrc_rover_bringup.pc'
[0.903s] Level 1:colcon.colcon_core.environment:checking '/home/rayann/xrc_rover/install/xrc_rover_bringup/lib/python3.10/site-packages'
[0.903s] Level 1:colcon.colcon_core.environment:checking '/home/rayann/xrc_rover/install/xrc_rover_bringup/bin'
[0.909s] INFO:colcon.colcon_core.shell:Creating package script '/home/rayann/xrc_rover/install/xrc_rover_bringup/share/xrc_rover_bringup/package.ps1'
[0.909s] INFO:colcon.colcon_core.shell:Creating package descriptor '/home/rayann/xrc_rover/install/xrc_rover_bringup/share/xrc_rover_bringup/package.dsv'
[0.910s] INFO:colcon.colcon_core.shell:Creating package script '/home/rayann/xrc_rover/install/xrc_rover_bringup/share/xrc_rover_bringup/package.sh'
[0.910s] INFO:colcon.colcon_core.shell:Creating package script '/home/rayann/xrc_rover/install/xrc_rover_bringup/share/xrc_rover_bringup/package.bash'
[0.910s] INFO:colcon.colcon_core.shell:Creating package script '/home/rayann/xrc_rover/install/xrc_rover_bringup/share/xrc_rover_bringup/package.zsh'
[0.911s] Level 1:colcon.colcon_core.environment:create_file_with_runtime_dependencies(/home/rayann/xrc_rover/install/xrc_rover_bringup/share/colcon-core/packages/xrc_rover_bringup)
[0.912s] Level 1:colcon.colcon_core.environment:create_environment_scripts_only(xrc_rover_description)
[0.912s] DEBUG:colcon.colcon_core.event_handler.log_command:Invoked command in '/home/rayann/xrc_rover/build/xrc_rover_description' returned '0': CMAKE_PREFIX_PATH=${CMAKE_PREFIX_PATH}:/opt/ros/humble /usr/bin/cmake --install /home/rayann/xrc_rover/build/xrc_rover_description
[0.921s] Level 1:colcon.colcon_core.environment:checking '/home/rayann/xrc_rover/install/xrc_rover_description' for CMake module files
[0.922s] Level 1:colcon.colcon_core.environment:checking '/home/rayann/xrc_rover/install/xrc_rover_description' for CMake config files
[0.922s] Level 1:colcon.colcon_core.shell:create_environment_hook('xrc_rover_description', 'cmake_prefix_path')
[0.928s] INFO:colcon.colcon_core.shell:Creating environment hook '/home/rayann/xrc_rover/install/xrc_rover_description/share/xrc_rover_description/hook/cmake_prefix_path.ps1'
[0.928s] INFO:colcon.colcon_core.shell:Creating environment descriptor '/home/rayann/xrc_rover/install/xrc_rover_description/share/xrc_rover_description/hook/cmake_prefix_path.dsv'
[0.928s] INFO:colcon.colcon_core.shell:Creating environment hook '/home/rayann/xrc_rover/install/xrc_rover_description/share/xrc_rover_description/hook/cmake_prefix_path.sh'
[0.929s] Level 1:colcon.colcon_core.environment:checking '/home/rayann/xrc_rover/install/xrc_rover_description/bin'
[0.929s] Level 1:colcon.colcon_core.environment:checking '/home/rayann/xrc_rover/install/xrc_rover_description/lib/pkgconfig/xrc_rover_description.pc'
[0.929s] Level 1:colcon.colcon_core.environment:checking '/home/rayann/xrc_rover/install/xrc_rover_description/lib/python3.10/site-packages'
[0.929s] Level 1:colcon.colcon_core.environment:checking '/home/rayann/xrc_rover/install/xrc_rover_description/bin'
[0.935s] INFO:colcon.colcon_core.shell:Creating package script '/home/rayann/xrc_rover/install/xrc_rover_description/share/xrc_rover_description/package.ps1'
[0.935s] INFO:colcon.colcon_core.shell:Creating package descriptor '/home/rayann/xrc_rover/install/xrc_rover_description/share/xrc_rover_description/package.dsv'
[0.935s] INFO:colcon.colcon_core.shell:Creating package script '/home/rayann/xrc_rover/install/xrc_rover_description/share/xrc_rover_description/package.sh'
[0.936s] INFO:colcon.colcon_core.shell:Creating package script '/home/rayann/xrc_rover/install/xrc_rover_description/share/xrc_rover_description/package.bash'
[0.936s] INFO:colcon.colcon_core.shell:Creating package script '/home/rayann/xrc_rover/install/xrc_rover_description/share/xrc_rover_description/package.zsh'
[0.936s] Level 1:colcon.colcon_core.environment:create_file_with_runtime_dependencies(/home/rayann/xrc_rover/install/xrc_rover_description/share/colcon-core/packages/xrc_rover_description)
[0.945s] Level 1:colcon.colcon_core.environment:create_environment_scripts_only(xrc_rover_bringup)
[0.951s] Level 1:colcon.colcon_core.environment:checking '/home/rayann/xrc_rover/install/xrc_rover_bringup' for CMake module files
[0.951s] Level 1:colcon.colcon_core.environment:checking '/home/rayann/xrc_rover/install/xrc_rover_bringup' for CMake config files
[0.951s] Level 1:colcon.colcon_core.shell:create_environment_hook('xrc_rover_bringup', 'cmake_prefix_path')
[0.957s] INFO:colcon.colcon_core.shell:Creating environment hook '/home/rayann/xrc_rover/install/xrc_rover_bringup/share/xrc_rover_bringup/hook/cmake_prefix_path.ps1'
[0.957s] INFO:colcon.colcon_core.shell:Creating environment descriptor '/home/rayann/xrc_rover/install/xrc_rover_bringup/share/xrc_rover_bringup/hook/cmake_prefix_path.dsv'
[0.958s] INFO:colcon.colcon_core.shell:Creating environment hook '/home/rayann/xrc_rover/install/xrc_rover_bringup/share/xrc_rover_bringup/hook/cmake_prefix_path.sh'
[0.958s] Level 1:colcon.colcon_core.environment:checking '/home/rayann/xrc_rover/install/xrc_rover_bringup/bin'
[0.958s] Level 1:colcon.colcon_core.environment:checking '/home/rayann/xrc_rover/install/xrc_rover_bringup/lib/pkgconfig/xrc_rover_bringup.pc'
[0.958s] Level 1:colcon.colcon_core.environment:checking '/home/rayann/xrc_rover/install/xrc_rover_bringup/lib/python3.10/site-packages'
[0.958s] Level 1:colcon.colcon_core.environment:checking '/home/rayann/xrc_rover/install/xrc_rover_bringup/bin'
[0.964s] INFO:colcon.colcon_core.shell:Creating package script '/home/rayann/xrc_rover/install/xrc_rover_bringup/share/xrc_rover_bringup/package.ps1'
[0.964s] INFO:colcon.colcon_core.shell:Creating package descriptor '/home/rayann/xrc_rover/install/xrc_rover_bringup/share/xrc_rover_bringup/package.dsv'
[0.965s] INFO:colcon.colcon_core.shell:Creating package script '/home/rayann/xrc_rover/install/xrc_rover_bringup/share/xrc_rover_bringup/package.sh'
[0.965s] INFO:colcon.colcon_core.shell:Creating package script '/home/rayann/xrc_rover/install/xrc_rover_bringup/share/xrc_rover_bringup/package.bash'
[0.965s] INFO:colcon.colcon_core.shell:Creating package script '/home/rayann/xrc_rover/install/xrc_rover_bringup/share/xrc_rover_bringup/package.zsh'
[0.965s] Level 1:colcon.colcon_core.environment:create_file_with_runtime_dependencies(/home/rayann/xrc_rover/install/xrc_rover_bringup/share/colcon-core/packages/xrc_rover_bringup)
[0.972s] Level 1:colcon.colcon_core.environment:create_environment_scripts_only(xrc_rover_description)
[0.978s] Level 1:colcon.colcon_core.environment:checking '/home/rayann/xrc_rover/install/xrc_rover_description' for CMake module files
[0.978s] Level 1:colcon.colcon_core.environment:checking '/home/rayann/xrc_rover/install/xrc_rover_description' for CMake config files
[0.979s] Level 1:colcon.colcon_core.shell:create_environment_hook('xrc_rover_description', 'cmake_prefix_path')
[0.987s] INFO:colcon.colcon_core.shell:Creating environment hook '/home/rayann/xrc_rover/install/xrc_rover_description/share/xrc_rover_description/hook/cmake_prefix_path.ps1'
[0.987s] INFO:colcon.colcon_core.shell:Creating environment descriptor '/home/rayann/xrc_rover/install/xrc_rover_description/share/xrc_rover_description/hook/cmake_prefix_path.dsv'
[0.988s] INFO:colcon.colcon_core.shell:Creating environment hook '/home/rayann/xrc_rover/install/xrc_rover_description/share/xrc_rover_description/hook/cmake_prefix_path.sh'
[0.988s] Level 1:colcon.colcon_core.environment:checking '/home/rayann/xrc_rover/install/xrc_rover_description/bin'
[0.988s] Level 1:colcon.colcon_core.environment:checking '/home/rayann/xrc_rover/install/xrc_rover_description/lib/pkgconfig/xrc_rover_description.pc'
[0.988s] Level 1:colcon.colcon_core.environment:checking '/home/rayann/xrc_rover/install/xrc_rover_description/lib/python3.10/site-packages'
[0.988s] Level 1:colcon.colcon_core.environment:checking '/home/rayann/xrc_rover/install/xrc_rover_description/bin'
[0.994s] INFO:colcon.colcon_core.shell:Creating package script '/home/rayann/xrc_rover/install/xrc_rover_description/share/xrc_rover_description/package.ps1'
[0.995s] INFO:colcon.colcon_core.shell:Creating package descriptor '/home/rayann/xrc_rover/install/xrc_rover_description/share/xrc_rover_description/package.dsv'
[0.995s] INFO:colcon.colcon_core.shell:Creating package script '/home/rayann/xrc_rover/install/xrc_rover_description/share/xrc_rover_description/package.sh'
[0.995s] INFO:colcon.colcon_core.shell:Creating package script '/home/rayann/xrc_rover/install/xrc_rover_description/share/xrc_rover_description/package.bash'
[0.995s] INFO:colcon.colcon_core.shell:Creating package script '/home/rayann/xrc_rover/install/xrc_rover_description/share/xrc_rover_description/package.zsh'
[0.995s] Level 1:colcon.colcon_core.environment:create_file_with_runtime_dependencies(/home/rayann/xrc_rover/install/xrc_rover_description/share/colcon-core/packages/xrc_rover_description)
[1.024s] DEBUG:colcon.colcon_core.event_handler.log_command:Invoked command in '/home/rayann/xrc_rover/build/xrc_rover_teleop' returned '0': CMAKE_PREFIX_PATH=${CMAKE_PREFIX_PATH}:/opt/ros/humble /usr/bin/cmake /home/rayann/xrc_rover/src/xrc_rover_teleop -DCMAKE_INSTALL_PREFIX=/home/rayann/xrc_rover/install/xrc_rover_teleop
[1.025s] DEBUG:colcon.colcon_core.event_handler.log_command:Invoking command in '/home/rayann/xrc_rover/build/xrc_rover_teleop': CMAKE_PREFIX_PATH=${CMAKE_PREFIX_PATH}:/opt/ros/humble /usr/bin/cmake --build /home/rayann/xrc_rover/build/xrc_rover_teleop -- -j16 -l16
[1.084s] DEBUG:colcon.colcon_core.event_handler.log_command:Invoked command in '/home/rayann/xrc_rover/build/xrc_rover_teleop' returned '0': CMAKE_PREFIX_PATH=${CMAKE_PREFIX_PATH}:/opt/ros/humble /usr/bin/cmake --build /home/rayann/xrc_rover/build/xrc_rover_teleop -- -j16 -l16
[1.117s] DEBUG:colcon.colcon_core.event_handler.log_command:Invoking command in '/home/rayann/xrc_rover/build/xrc_rover_teleop': CMAKE_PREFIX_PATH=${CMAKE_PREFIX_PATH}:/opt/ros/humble /usr/bin/cmake --install /home/rayann/xrc_rover/build/xrc_rover_teleop
[1.133s] Level 1:colcon.colcon_core.environment:create_environment_scripts_only(xrc_rover_teleop)
[1.134s] DEBUG:colcon.colcon_core.event_handler.log_command:Invoked command in '/home/rayann/xrc_rover/build/xrc_rover_teleop' returned '0': CMAKE_PREFIX_PATH=${CMAKE_PREFIX_PATH}:/opt/ros/humble /usr/bin/cmake --install /home/rayann/xrc_rover/build/xrc_rover_teleop
[1.140s] Level 1:colcon.colcon_core.environment:checking '/home/rayann/xrc_rover/install/xrc_rover_teleop' for CMake module files
[1.140s] Level 1:colcon.colcon_core.environment:checking '/home/rayann/xrc_rover/install/xrc_rover_teleop' for CMake config files
[1.140s] Level 1:colcon.colcon_core.shell:create_environment_hook('xrc_rover_teleop', 'cmake_prefix_path')
[1.146s] INFO:colcon.colcon_core.shell:Creating environment hook '/home/rayann/xrc_rover/install/xrc_rover_teleop/share/xrc_rover_teleop/hook/cmake_prefix_path.ps1'
[1.146s] INFO:colcon.colcon_core.shell:Creating environment descriptor '/home/rayann/xrc_rover/install/xrc_rover_teleop/share/xrc_rover_teleop/hook/cmake_prefix_path.dsv'
[1.147s] INFO:colcon.colcon_core.shell:Creating environment hook '/home/rayann/xrc_rover/install/xrc_rover_teleop/share/xrc_rover_teleop/hook/cmake_prefix_path.sh'
[1.147s] Level 1:colcon.colcon_core.environment:checking '/home/rayann/xrc_rover/install/xrc_rover_teleop/lib'
[1.147s] Level 1:colcon.colcon_core.environment:checking '/home/rayann/xrc_rover/install/xrc_rover_teleop/bin'
[1.147s] Level 1:colcon.colcon_core.environment:checking '/home/rayann/xrc_rover/install/xrc_rover_teleop/lib/pkgconfig/xrc_rover_teleop.pc'
[1.147s] Level 1:colcon.colcon_core.environment:checking '/home/rayann/xrc_rover/install/xrc_rover_teleop/lib/python3.10/site-packages'
[1.147s] Level 1:colcon.colcon_core.environment:checking '/home/rayann/xrc_rover/install/xrc_rover_teleop/bin'
[1.153s] INFO:colcon.colcon_core.shell:Creating package script '/home/rayann/xrc_rover/install/xrc_rover_teleop/share/xrc_rover_teleop/package.ps1'
[1.153s] INFO:colcon.colcon_core.shell:Creating package descriptor '/home/rayann/xrc_rover/install/xrc_rover_teleop/share/xrc_rover_teleop/package.dsv'
[1.153s] INFO:colcon.colcon_core.shell:Creating package script '/home/rayann/xrc_rover/install/xrc_rover_teleop/share/xrc_rover_teleop/package.sh'
[1.154s] INFO:colcon.colcon_core.shell:Creating package script '/home/rayann/xrc_rover/install/xrc_rover_teleop/share/xrc_rover_teleop/package.bash'
[1.154s] INFO:colcon.colcon_core.shell:Creating package script '/home/rayann/xrc_rover/install/xrc_rover_teleop/share/xrc_rover_teleop/package.zsh'
[1.154s] Level 1:colcon.colcon_core.environment:create_file_with_runtime_dependencies(/home/rayann/xrc_rover/install/xrc_rover_teleop/share/colcon-core/packages/xrc_rover_teleop)
[1.193s] Level 1:colcon.colcon_core.environment:create_environment_scripts_only(xrc_rover_teleop)
[1.199s] Level 1:colcon.colcon_core.environment:checking '/home/rayann/xrc_rover/install/xrc_rover_teleop' for CMake module files
[1.199s] Level 1:colcon.colcon_core.environment:checking '/home/rayann/xrc_rover/install/xrc_rover_teleop' for CMake config files
[1.199s] Level 1:colcon.colcon_core.shell:create_environment_hook('xrc_rover_teleop', 'cmake_prefix_path')
[1.205s] INFO:colcon.colcon_core.shell:Creating environment hook '/home/rayann/xrc_rover/install/xrc_rover_teleop/share/xrc_rover_teleop/hook/cmake_prefix_path.ps1'
[1.205s] INFO:colcon.colcon_core.shell:Creating environment descriptor '/home/rayann/xrc_rover/install/xrc_rover_teleop/share/xrc_rover_teleop/hook/cmake_prefix_path.dsv'
[1.205s] INFO:colcon.colcon_core.shell:Creating environment hook '/home/rayann/xrc_rover/install/xrc_rover_teleop/share/xrc_rover_teleop/hook/cmake_prefix_path.sh'
[1.206s] Level 1:colcon.colcon_core.environment:checking '/home/rayann/xrc_rover/install/xrc_rover_teleop/lib'
[1.206s] Level 1:colcon.colcon_core.environment:checking '/home/rayann/xrc_rover/install/xrc_rover_teleop/bin'
[1.206s] Level 1:colcon.colcon_core.environment:checking '/home/rayann/xrc_rover/install/xrc_rover_teleop/lib/pkgconfig/xrc_rover_teleop.pc'
[1.206s] Level 1:colcon.colcon_core.environment:checking '/home/rayann/xrc_rover/install/xrc_rover_teleop/lib/python3.10/site-packages'
[1.206s] Level 1:colcon.colcon_core.environment:checking '/home/rayann/xrc_rover/install/xrc_rover_teleop/bin'
[1.212s] INFO:colcon.colcon_core.shell:Creating package script '/home/rayann/xrc_rover/install/xrc_rover_teleop/share/xrc_rover_teleop/package.ps1'
[1.212s] INFO:colcon.colcon_core.shell:Creating package descriptor '/home/rayann/xrc_rover/install/xrc_rover_teleop/share/xrc_rover_teleop/package.dsv'
[1.212s] INFO:colcon.colcon_core.shell:Creating package script '/home/rayann/xrc_rover/install/xrc_rover_teleop/share/xrc_rover_teleop/package.sh'
[1.212s] INFO:colcon.colcon_core.shell:Creating package script '/home/rayann/xrc_rover/install/xrc_rover_teleop/share/xrc_rover_teleop/package.bash'
[1.212s] INFO:colcon.colcon_core.shell:Creating package script '/home/rayann/xrc_rover/install/xrc_rover_teleop/share/xrc_rover_teleop/package.zsh'
[1.213s] Level 1:colcon.colcon_core.environment:create_file_with_runtime_dependencies(/home/rayann/xrc_rover/install/xrc_rover_teleop/share/colcon-core/packages/xrc_rover_teleop)
[1.213s] DEBUG:colcon.colcon_parallel_executor.executor.parallel:closing loop
[1.213s] DEBUG:colcon.colcon_parallel_executor.executor.parallel:loop closed
[1.213s] DEBUG:colcon.colcon_parallel_executor.executor.parallel:run_until_complete finished with '0'
[1.213s] DEBUG:colcon.colcon_core.event_reactor:joining thread
[1.222s] INFO:colcon.colcon_core.plugin_system:Skipping extension 'colcon_notification.desktop_notification.terminal_notifier': Not used on non-Darwin systems
[1.222s] INFO:colcon.colcon_core.plugin_system:Skipping extension 'colcon_notification.desktop_notification.win32': Not used on non-Windows systems
[1.222s] INFO:colcon.colcon_notification.desktop_notification:Sending desktop notification using 'notify2'
[1.233s] DEBUG:colcon.colcon_core.event_reactor:joined thread
[1.240s] INFO:colcon.colcon_core.shell:Creating prefix script '/home/rayann/xrc_rover/install/local_setup.ps1'
[1.240s] INFO:colcon.colcon_core.shell:Creating prefix util module '/home/rayann/xrc_rover/install/_local_setup_util_ps1.py'
[1.241s] INFO:colcon.colcon_core.shell:Creating prefix chain script '/home/rayann/xrc_rover/install/setup.ps1'
[1.247s] INFO:colcon.colcon_core.shell:Creating prefix script '/home/rayann/xrc_rover/install/local_setup.sh'
[1.248s] INFO:colcon.colcon_core.shell:Creating prefix util module '/home/rayann/xrc_rover/install/_local_setup_util_sh.py'
[1.248s] INFO:colcon.colcon_core.shell:Creating prefix chain script '/home/rayann/xrc_rover/install/setup.sh'
[1.254s] INFO:colcon.colcon_core.shell:Creating prefix script '/home/rayann/xrc_rover/install/local_setup.bash'
[1.255s] INFO:colcon.colcon_core.shell:Creating prefix chain script '/home/rayann/xrc_rover/install/setup.bash'
[1.261s] INFO:colcon.colcon_core.shell:Creating prefix script '/home/rayann/xrc_rover/install/local_setup.zsh'
[1.261s] INFO:colcon.colcon_core.shell:Creating prefix chain script '/home/rayann/xrc_rover/install/setup.zsh'
