/usr/lib/python3/dist-packages/setuptools/dist.py:723: UserWarning: Usage of dash-separated 'script-dir' will not be supported in future versions. Please use the underscore name 'script_dir' instead
  warnings.warn(
running egg_info
creating ../../build/turtlesim_catch_them_all/turtlesim_catch_them_all.egg-info
writing ../../build/turtlesim_catch_them_all/turtlesim_catch_them_all.egg-info/PKG-INFO
writing dependency_links to ../../build/turtlesim_catch_them_all/turtlesim_catch_them_all.egg-info/dependency_links.txt
writing entry points to ../../build/turtlesim_catch_them_all/turtlesim_catch_them_all.egg-info/entry_points.txt
writing requirements to ../../build/turtlesim_catch_them_all/turtlesim_catch_them_all.egg-info/requires.txt
writing top-level names to ../../build/turtlesim_catch_them_all/turtlesim_catch_them_all.egg-info/top_level.txt
writing manifest file '../../build/turtlesim_catch_them_all/turtlesim_catch_them_all.egg-info/SOURCES.txt'
reading manifest file '../../build/turtlesim_catch_them_all/turtlesim_catch_them_all.egg-info/SOURCES.txt'
writing manifest file '../../build/turtlesim_catch_them_all/turtlesim_catch_them_all.egg-info/SOURCES.txt'
running build
running build_py
creating /home/rayann/ros2_ws/basics_tuto/build/turtlesim_catch_them_all/build
creating /home/rayann/ros2_ws/basics_tuto/build/turtlesim_catch_them_all/build/lib
creating /home/rayann/ros2_ws/basics_tuto/build/turtlesim_catch_them_all/build/lib/turtlesim_catch_them_all
copying turtlesim_catch_them_all/turtle_spawner.py -> /home/rayann/ros2_ws/basics_tuto/build/turtlesim_catch_them_all/build/lib/turtlesim_catch_them_all
copying turtlesim_catch_them_all/turtle_controller.py -> /home/rayann/ros2_ws/basics_tuto/build/turtlesim_catch_them_all/build/lib/turtlesim_catch_them_all
copying turtlesim_catch_them_all/__init__.py -> /home/rayann/ros2_ws/basics_tuto/build/turtlesim_catch_them_all/build/lib/turtlesim_catch_them_all
running install
/usr/lib/python3/dist-packages/setuptools/command/install.py:34: SetuptoolsDeprecationWarning: setup.py install is deprecated. Use build and pip and other standards-based tools.
  warnings.warn(
running install_lib
creating /home/rayann/ros2_ws/basics_tuto/install/turtlesim_catch_them_all/lib/python3.10/site-packages/turtlesim_catch_them_all
copying /home/rayann/ros2_ws/basics_tuto/build/turtlesim_catch_them_all/build/lib/turtlesim_catch_them_all/turtle_spawner.py -> /home/rayann/ros2_ws/basics_tuto/install/turtlesim_catch_them_all/lib/python3.10/site-packages/turtlesim_catch_them_all
copying /home/rayann/ros2_ws/basics_tuto/build/turtlesim_catch_them_all/build/lib/turtlesim_catch_them_all/turtle_controller.py -> /home/rayann/ros2_ws/basics_tuto/install/turtlesim_catch_them_all/lib/python3.10/site-packages/turtlesim_catch_them_all
copying /home/rayann/ros2_ws/basics_tuto/build/turtlesim_catch_them_all/build/lib/turtlesim_catch_them_all/__init__.py -> /home/rayann/ros2_ws/basics_tuto/install/turtlesim_catch_them_all/lib/python3.10/site-packages/turtlesim_catch_them_all
byte-compiling /home/rayann/ros2_ws/basics_tuto/install/turtlesim_catch_them_all/lib/python3.10/site-packages/turtlesim_catch_them_all/turtle_spawner.py to turtle_spawner.cpython-310.pyc
byte-compiling /home/rayann/ros2_ws/basics_tuto/install/turtlesim_catch_them_all/lib/python3.10/site-packages/turtlesim_catch_them_all/turtle_controller.py to turtle_controller.cpython-310.pyc
byte-compiling /home/rayann/ros2_ws/basics_tuto/install/turtlesim_catch_them_all/lib/python3.10/site-packages/turtlesim_catch_them_all/__init__.py to __init__.cpython-310.pyc
running install_data
creating /home/rayann/ros2_ws/basics_tuto/install/turtlesim_catch_them_all/share/ament_index
creating /home/rayann/ros2_ws/basics_tuto/install/turtlesim_catch_them_all/share/ament_index/resource_index
creating /home/rayann/ros2_ws/basics_tuto/install/turtlesim_catch_them_all/share/ament_index/resource_index/packages
copying resource/turtlesim_catch_them_all -> /home/rayann/ros2_ws/basics_tuto/install/turtlesim_catch_them_all/share/ament_index/resource_index/packages
copying package.xml -> /home/rayann/ros2_ws/basics_tuto/install/turtlesim_catch_them_all/share/turtlesim_catch_them_all
running install_egg_info
Copying ../../build/turtlesim_catch_them_all/turtlesim_catch_them_all.egg-info to /home/rayann/ros2_ws/basics_tuto/install/turtlesim_catch_them_all/lib/python3.10/site-packages/turtlesim_catch_them_all-0.0.0-py3.10.egg-info
running install_scripts
Installing turtle_spawner script to /home/rayann/ros2_ws/basics_tuto/install/turtlesim_catch_them_all/lib/turtlesim_catch_them_all
Installing turtlesim_controller script to /home/rayann/ros2_ws/basics_tuto/install/turtlesim_catch_them_all/lib/turtlesim_catch_them_all
writing list of installed files to '/home/rayann/ros2_ws/basics_tuto/build/turtlesim_catch_them_all/install.log'
