[0.044s] Invoking command in '/home/rayann/xrc_rover/build/xrc_rover_description': CMAKE_PREFIX_PATH=/opt/ros/humble /usr/bin/cmake /home/rayann/xrc_rover/src/xrc_rover_description -DCMAKE_INSTALL_PREFIX=/home/rayann/xrc_rover/install/xrc_rover_description
[0.129s] -- The C compiler identification is GNU 11.4.0
[0.190s] -- The CXX compiler identification is GNU 11.4.0
[0.197s] -- Detecting C compiler ABI info
[0.253s] -- Detecting C compiler ABI info - done
[0.259s] -- Check for working C compiler: /usr/bin/cc - skipped
[0.259s] -- Detecting C compile features
[0.259s] -- Detecting C compile features - done
[0.262s] -- Detecting CXX compiler ABI info
[0.323s] -- Detecting CXX compiler ABI info - done
[0.329s] -- Check for working CXX compiler: /usr/bin/c++ - skipped
[0.329s] -- Detecting CXX compile features
[0.330s] -- Detecting CXX compile features - done
[0.331s] -- Found ament_cmake: 1.3.6 (/opt/ros/humble/share/ament_cmake/cmake)
[0.441s] -- Found Python3: /usr/bin/python3.10 (found version "3.10.12") found components: Interpreter 
[0.539s] -- Configuring done
[0.541s] -- Generating done
[0.541s] -- Build files have been written to: /home/rayann/xrc_rover/build/xrc_rover_description
[0.546s] Invoked command in '/home/rayann/xrc_rover/build/xrc_rover_description' returned '0': CMAKE_PREFIX_PATH=/opt/ros/humble /usr/bin/cmake /home/rayann/xrc_rover/src/xrc_rover_description -DCMAKE_INSTALL_PREFIX=/home/rayann/xrc_rover/install/xrc_rover_description
[0.547s] Invoking command in '/home/rayann/xrc_rover/build/xrc_rover_description': CMAKE_PREFIX_PATH=/opt/ros/humble /usr/bin/cmake --build /home/rayann/xrc_rover/build/xrc_rover_description -- -j16 -l16
[0.578s] Invoked command in '/home/rayann/xrc_rover/build/xrc_rover_description' returned '0': CMAKE_PREFIX_PATH=/opt/ros/humble /usr/bin/cmake --build /home/rayann/xrc_rover/build/xrc_rover_description -- -j16 -l16
[0.608s] Invoking command in '/home/rayann/xrc_rover/build/xrc_rover_description': CMAKE_PREFIX_PATH=/opt/ros/humble /usr/bin/cmake --install /home/rayann/xrc_rover/build/xrc_rover_description
[0.616s] -- Install configuration: ""
[0.616s] -- Installing: /home/rayann/xrc_rover/install/xrc_rover_description/share/xrc_rover_description//urdf
[0.616s] -- Installing: /home/rayann/xrc_rover/install/xrc_rover_description/share/xrc_rover_description//urdf/camera.xacro
[0.616s] -- Installing: /home/rayann/xrc_rover/install/xrc_rover_description/share/xrc_rover_description//urdf/lidar.xacro
[0.616s] -- Installing: /home/rayann/xrc_rover/install/xrc_rover_description/share/xrc_rover_description//urdf/gazebo_control.xacro
[0.617s] -- Installing: /home/rayann/xrc_rover/install/xrc_rover_description/share/xrc_rover_description//urdf/mobile_base.xacro
[0.617s] -- Installing: /home/rayann/xrc_rover/install/xrc_rover_description/share/xrc_rover_description//urdf/common_properties.xacro
[0.617s] -- Installing: /home/rayann/xrc_rover/install/xrc_rover_description/share/xrc_rover_description//urdf/xrc_rover.urdf.xacro
[0.617s] -- Installing: /home/rayann/xrc_rover/install/xrc_rover_description/share/xrc_rover_description//rviz
[0.617s] -- Installing: /home/rayann/xrc_rover/install/xrc_rover_description/share/xrc_rover_description//rviz/xrc_rover_config.rviz
[0.617s] -- Installing: /home/rayann/xrc_rover/install/xrc_rover_description/share/ament_index/resource_index/package_run_dependencies/xrc_rover_description
[0.617s] -- Installing: /home/rayann/xrc_rover/install/xrc_rover_description/share/ament_index/resource_index/parent_prefix_path/xrc_rover_description
[0.618s] -- Installing: /home/rayann/xrc_rover/install/xrc_rover_description/share/xrc_rover_description/environment/ament_prefix_path.sh
[0.618s] -- Installing: /home/rayann/xrc_rover/install/xrc_rover_description/share/xrc_rover_description/environment/ament_prefix_path.dsv
[0.618s] -- Installing: /home/rayann/xrc_rover/install/xrc_rover_description/share/xrc_rover_description/environment/path.sh
[0.618s] -- Installing: /home/rayann/xrc_rover/install/xrc_rover_description/share/xrc_rover_description/environment/path.dsv
[0.618s] -- Installing: /home/rayann/xrc_rover/install/xrc_rover_description/share/xrc_rover_description/local_setup.bash
[0.618s] -- Installing: /home/rayann/xrc_rover/install/xrc_rover_description/share/xrc_rover_description/local_setup.sh
[0.618s] -- Installing: /home/rayann/xrc_rover/install/xrc_rover_description/share/xrc_rover_description/local_setup.zsh
[0.618s] -- Installing: /home/rayann/xrc_rover/install/xrc_rover_description/share/xrc_rover_description/local_setup.dsv
[0.619s] -- Installing: /home/rayann/xrc_rover/install/xrc_rover_description/share/xrc_rover_description/package.dsv
[0.619s] -- Installing: /home/rayann/xrc_rover/install/xrc_rover_description/share/ament_index/resource_index/packages/xrc_rover_description
[0.619s] -- Installing: /home/rayann/xrc_rover/install/xrc_rover_description/share/xrc_rover_description/cmake/xrc_rover_descriptionConfig.cmake
[0.619s] -- Installing: /home/rayann/xrc_rover/install/xrc_rover_description/share/xrc_rover_description/cmake/xrc_rover_descriptionConfig-version.cmake
[0.619s] -- Installing: /home/rayann/xrc_rover/install/xrc_rover_description/share/xrc_rover_description/package.xml
[0.646s] Invoked command in '/home/rayann/xrc_rover/build/xrc_rover_description' returned '0': CMAKE_PREFIX_PATH=/opt/ros/humble /usr/bin/cmake --install /home/rayann/xrc_rover/build/xrc_rover_description
