[0.635s] Invoking command in '/home/rayann/ros2_ws/basics_tuto/src/my_py_pkg': AMENT_PREFIX_PATH=/home/rayann/ros2_ws/basics_tuto/install/my_robot_interfaces:${AMENT_PREFIX_PATH} CMAKE_PREFIX_PATH=/home/rayann/ros2_ws/basics_tuto/install/my_robot_interfaces LD_LIBRARY_PATH=/home/rayann/ros2_ws/basics_tuto/install/my_robot_interfaces/lib:${LD_LIBRARY_PATH} PYTHONPATH=/home/rayann/ros2_ws/basics_tuto/build/my_py_pkg/prefix_override:/home/rayann/ros2_ws/basics_tuto/install/my_py_pkg/lib/python3.10/site-packages:/home/rayann/ros2_ws/basics_tuto/install/my_robot_interfaces/local/lib/python3.10/dist-packages:${PYTHONPATH} /usr/bin/python3 setup.py egg_info --egg-base ../../build/my_py_pkg build --build-base /home/rayann/ros2_ws/basics_tuto/build/my_py_pkg/build install --record /home/rayann/ros2_ws/basics_tuto/build/my_py_pkg/install.log --install-scripts $base/lib/my_py_pkg --single-version-externally-managed
[0.753s] /usr/lib/python3/dist-packages/setuptools/dist.py:723: UserWarning: Usage of dash-separated 'script-dir' will not be supported in future versions. Please use the underscore name 'script_dir' instead
[0.753s]   warnings.warn(
[0.758s] running egg_info
[0.758s] creating ../../build/my_py_pkg/my_py_pkg.egg-info
[0.758s] writing ../../build/my_py_pkg/my_py_pkg.egg-info/PKG-INFO
[0.758s] writing dependency_links to ../../build/my_py_pkg/my_py_pkg.egg-info/dependency_links.txt
[0.758s] writing entry points to ../../build/my_py_pkg/my_py_pkg.egg-info/entry_points.txt
[0.758s] writing requirements to ../../build/my_py_pkg/my_py_pkg.egg-info/requires.txt
[0.758s] writing top-level names to ../../build/my_py_pkg/my_py_pkg.egg-info/top_level.txt
[0.758s] writing manifest file '../../build/my_py_pkg/my_py_pkg.egg-info/SOURCES.txt'
[0.759s] reading manifest file '../../build/my_py_pkg/my_py_pkg.egg-info/SOURCES.txt'
[0.760s] writing manifest file '../../build/my_py_pkg/my_py_pkg.egg-info/SOURCES.txt'
[0.760s] running build
[0.760s] running build_py
[0.760s] creating /home/rayann/ros2_ws/basics_tuto/build/my_py_pkg/build
[0.760s] creating /home/rayann/ros2_ws/basics_tuto/build/my_py_pkg/build/lib
[0.760s] creating /home/rayann/ros2_ws/basics_tuto/build/my_py_pkg/build/lib/my_py_pkg
[0.760s] copying my_py_pkg/number_counter.py -> /home/rayann/ros2_ws/basics_tuto/build/my_py_pkg/build/lib/my_py_pkg
[0.760s] copying my_py_pkg/add_two_ints_server.py -> /home/rayann/ros2_ws/basics_tuto/build/my_py_pkg/build/lib/my_py_pkg
[0.760s] copying my_py_pkg/add_two_ints_client.py -> /home/rayann/ros2_ws/basics_tuto/build/my_py_pkg/build/lib/my_py_pkg
[0.760s] copying my_py_pkg/smartphone.py -> /home/rayann/ros2_ws/basics_tuto/build/my_py_pkg/build/lib/my_py_pkg
[0.760s] copying my_py_pkg/number_publisher.py -> /home/rayann/ros2_ws/basics_tuto/build/my_py_pkg/build/lib/my_py_pkg
[0.760s] copying my_py_pkg/hw_status_publisher.py -> /home/rayann/ros2_ws/basics_tuto/build/my_py_pkg/build/lib/my_py_pkg
[0.760s] copying my_py_pkg/add_two_ints_client_no_oop.py -> /home/rayann/ros2_ws/basics_tuto/build/my_py_pkg/build/lib/my_py_pkg
[0.760s] copying my_py_pkg/__init__.py -> /home/rayann/ros2_ws/basics_tuto/build/my_py_pkg/build/lib/my_py_pkg
[0.760s] copying my_py_pkg/battery.py -> /home/rayann/ros2_ws/basics_tuto/build/my_py_pkg/build/lib/my_py_pkg
[0.760s] copying my_py_pkg/template_python_node.py -> /home/rayann/ros2_ws/basics_tuto/build/my_py_pkg/build/lib/my_py_pkg
[0.761s] copying my_py_pkg/led_panel.py -> /home/rayann/ros2_ws/basics_tuto/build/my_py_pkg/build/lib/my_py_pkg
[0.761s] copying my_py_pkg/robot_news_station.py -> /home/rayann/ros2_ws/basics_tuto/build/my_py_pkg/build/lib/my_py_pkg
[0.761s] copying my_py_pkg/my_first_node.py -> /home/rayann/ros2_ws/basics_tuto/build/my_py_pkg/build/lib/my_py_pkg
[0.761s] running install
[0.761s] /usr/lib/python3/dist-packages/setuptools/command/install.py:34: SetuptoolsDeprecationWarning: setup.py install is deprecated. Use build and pip and other standards-based tools.
[0.761s]   warnings.warn(
[0.761s] running install_lib
[0.761s] creating /home/rayann/ros2_ws/basics_tuto/install/my_py_pkg/lib/python3.10/site-packages/my_py_pkg
[0.761s] copying /home/rayann/ros2_ws/basics_tuto/build/my_py_pkg/build/lib/my_py_pkg/number_counter.py -> /home/rayann/ros2_ws/basics_tuto/install/my_py_pkg/lib/python3.10/site-packages/my_py_pkg
[0.761s] copying /home/rayann/ros2_ws/basics_tuto/build/my_py_pkg/build/lib/my_py_pkg/add_two_ints_server.py -> /home/rayann/ros2_ws/basics_tuto/install/my_py_pkg/lib/python3.10/site-packages/my_py_pkg
[0.762s] copying /home/rayann/ros2_ws/basics_tuto/build/my_py_pkg/build/lib/my_py_pkg/add_two_ints_client.py -> /home/rayann/ros2_ws/basics_tuto/install/my_py_pkg/lib/python3.10/site-packages/my_py_pkg
[0.762s] copying /home/rayann/ros2_ws/basics_tuto/build/my_py_pkg/build/lib/my_py_pkg/smartphone.py -> /home/rayann/ros2_ws/basics_tuto/install/my_py_pkg/lib/python3.10/site-packages/my_py_pkg
[0.762s] copying /home/rayann/ros2_ws/basics_tuto/build/my_py_pkg/build/lib/my_py_pkg/number_publisher.py -> /home/rayann/ros2_ws/basics_tuto/install/my_py_pkg/lib/python3.10/site-packages/my_py_pkg
[0.762s] copying /home/rayann/ros2_ws/basics_tuto/build/my_py_pkg/build/lib/my_py_pkg/hw_status_publisher.py -> /home/rayann/ros2_ws/basics_tuto/install/my_py_pkg/lib/python3.10/site-packages/my_py_pkg
[0.762s] copying /home/rayann/ros2_ws/basics_tuto/build/my_py_pkg/build/lib/my_py_pkg/add_two_ints_client_no_oop.py -> /home/rayann/ros2_ws/basics_tuto/install/my_py_pkg/lib/python3.10/site-packages/my_py_pkg
[0.762s] copying /home/rayann/ros2_ws/basics_tuto/build/my_py_pkg/build/lib/my_py_pkg/__init__.py -> /home/rayann/ros2_ws/basics_tuto/install/my_py_pkg/lib/python3.10/site-packages/my_py_pkg
[0.762s] copying /home/rayann/ros2_ws/basics_tuto/build/my_py_pkg/build/lib/my_py_pkg/battery.py -> /home/rayann/ros2_ws/basics_tuto/install/my_py_pkg/lib/python3.10/site-packages/my_py_pkg
[0.762s] copying /home/rayann/ros2_ws/basics_tuto/build/my_py_pkg/build/lib/my_py_pkg/template_python_node.py -> /home/rayann/ros2_ws/basics_tuto/install/my_py_pkg/lib/python3.10/site-packages/my_py_pkg
[0.762s] copying /home/rayann/ros2_ws/basics_tuto/build/my_py_pkg/build/lib/my_py_pkg/led_panel.py -> /home/rayann/ros2_ws/basics_tuto/install/my_py_pkg/lib/python3.10/site-packages/my_py_pkg
[0.762s] copying /home/rayann/ros2_ws/basics_tuto/build/my_py_pkg/build/lib/my_py_pkg/robot_news_station.py -> /home/rayann/ros2_ws/basics_tuto/install/my_py_pkg/lib/python3.10/site-packages/my_py_pkg
[0.762s] copying /home/rayann/ros2_ws/basics_tuto/build/my_py_pkg/build/lib/my_py_pkg/my_first_node.py -> /home/rayann/ros2_ws/basics_tuto/install/my_py_pkg/lib/python3.10/site-packages/my_py_pkg
[0.762s] byte-compiling /home/rayann/ros2_ws/basics_tuto/install/my_py_pkg/lib/python3.10/site-packages/my_py_pkg/number_counter.py to number_counter.cpython-310.pyc
[0.763s] byte-compiling /home/rayann/ros2_ws/basics_tuto/install/my_py_pkg/lib/python3.10/site-packages/my_py_pkg/add_two_ints_server.py to add_two_ints_server.cpython-310.pyc
[0.763s] byte-compiling /home/rayann/ros2_ws/basics_tuto/install/my_py_pkg/lib/python3.10/site-packages/my_py_pkg/add_two_ints_client.py to add_two_ints_client.cpython-310.pyc
[0.763s] byte-compiling /home/rayann/ros2_ws/basics_tuto/install/my_py_pkg/lib/python3.10/site-packages/my_py_pkg/smartphone.py to smartphone.cpython-310.pyc
[0.764s] byte-compiling /home/rayann/ros2_ws/basics_tuto/install/my_py_pkg/lib/python3.10/site-packages/my_py_pkg/number_publisher.py to number_publisher.cpython-310.pyc
[0.764s] byte-compiling /home/rayann/ros2_ws/basics_tuto/install/my_py_pkg/lib/python3.10/site-packages/my_py_pkg/hw_status_publisher.py to hw_status_publisher.cpython-310.pyc
[0.764s] byte-compiling /home/rayann/ros2_ws/basics_tuto/install/my_py_pkg/lib/python3.10/site-packages/my_py_pkg/add_two_ints_client_no_oop.py to add_two_ints_client_no_oop.cpython-310.pyc
[0.764s] byte-compiling /home/rayann/ros2_ws/basics_tuto/install/my_py_pkg/lib/python3.10/site-packages/my_py_pkg/__init__.py to __init__.cpython-310.pyc
[0.764s] byte-compiling /home/rayann/ros2_ws/basics_tuto/install/my_py_pkg/lib/python3.10/site-packages/my_py_pkg/battery.py to battery.cpython-310.pyc
[0.765s] byte-compiling /home/rayann/ros2_ws/basics_tuto/install/my_py_pkg/lib/python3.10/site-packages/my_py_pkg/template_python_node.py to template_python_node.cpython-310.pyc
[0.765s] byte-compiling /home/rayann/ros2_ws/basics_tuto/install/my_py_pkg/lib/python3.10/site-packages/my_py_pkg/led_panel.py to led_panel.cpython-310.pyc
[0.765s] byte-compiling /home/rayann/ros2_ws/basics_tuto/install/my_py_pkg/lib/python3.10/site-packages/my_py_pkg/robot_news_station.py to robot_news_station.cpython-310.pyc
[0.765s] byte-compiling /home/rayann/ros2_ws/basics_tuto/install/my_py_pkg/lib/python3.10/site-packages/my_py_pkg/my_first_node.py to my_first_node.cpython-310.pyc
[0.765s] running install_data
[0.766s] creating /home/rayann/ros2_ws/basics_tuto/install/my_py_pkg/share/ament_index
[0.766s] creating /home/rayann/ros2_ws/basics_tuto/install/my_py_pkg/share/ament_index/resource_index
[0.766s] creating /home/rayann/ros2_ws/basics_tuto/install/my_py_pkg/share/ament_index/resource_index/packages
[0.766s] copying resource/my_py_pkg -> /home/rayann/ros2_ws/basics_tuto/install/my_py_pkg/share/ament_index/resource_index/packages
[0.766s] copying package.xml -> /home/rayann/ros2_ws/basics_tuto/install/my_py_pkg/share/my_py_pkg
[0.766s] running install_egg_info
[0.767s] Copying ../../build/my_py_pkg/my_py_pkg.egg-info to /home/rayann/ros2_ws/basics_tuto/install/my_py_pkg/lib/python3.10/site-packages/my_py_pkg-0.0.0-py3.10.egg-info
[0.767s] running install_scripts
[0.781s] Installing add_two_ints_client script to /home/rayann/ros2_ws/basics_tuto/install/my_py_pkg/lib/my_py_pkg
[0.781s] Installing add_two_ints_client_no_oop script to /home/rayann/ros2_ws/basics_tuto/install/my_py_pkg/lib/my_py_pkg
[0.781s] Installing add_two_ints_server script to /home/rayann/ros2_ws/basics_tuto/install/my_py_pkg/lib/my_py_pkg
[0.781s] Installing battery script to /home/rayann/ros2_ws/basics_tuto/install/my_py_pkg/lib/my_py_pkg
[0.781s] Installing hw_status_publisher script to /home/rayann/ros2_ws/basics_tuto/install/my_py_pkg/lib/my_py_pkg
[0.781s] Installing led_panel script to /home/rayann/ros2_ws/basics_tuto/install/my_py_pkg/lib/my_py_pkg
[0.781s] Installing number_counter script to /home/rayann/ros2_ws/basics_tuto/install/my_py_pkg/lib/my_py_pkg
[0.781s] Installing number_publisher script to /home/rayann/ros2_ws/basics_tuto/install/my_py_pkg/lib/my_py_pkg
[0.781s] Installing py_node script to /home/rayann/ros2_ws/basics_tuto/install/my_py_pkg/lib/my_py_pkg
[0.781s] Installing robot_news_station script to /home/rayann/ros2_ws/basics_tuto/install/my_py_pkg/lib/my_py_pkg
[0.781s] Installing smartphone script to /home/rayann/ros2_ws/basics_tuto/install/my_py_pkg/lib/my_py_pkg
[0.781s] writing list of installed files to '/home/rayann/ros2_ws/basics_tuto/build/my_py_pkg/install.log'
[0.825s] Invoked command in '/home/rayann/ros2_ws/basics_tuto/src/my_py_pkg' returned '0': AMENT_PREFIX_PATH=/home/rayann/ros2_ws/basics_tuto/install/my_robot_interfaces:${AMENT_PREFIX_PATH} CMAKE_PREFIX_PATH=/home/rayann/ros2_ws/basics_tuto/install/my_robot_interfaces LD_LIBRARY_PATH=/home/rayann/ros2_ws/basics_tuto/install/my_robot_interfaces/lib:${LD_LIBRARY_PATH} PYTHONPATH=/home/rayann/ros2_ws/basics_tuto/build/my_py_pkg/prefix_override:/home/rayann/ros2_ws/basics_tuto/install/my_py_pkg/lib/python3.10/site-packages:/home/rayann/ros2_ws/basics_tuto/install/my_robot_interfaces/local/lib/python3.10/dist-packages:${PYTHONPATH} /usr/bin/python3 setup.py egg_info --egg-base ../../build/my_py_pkg build --build-base /home/rayann/ros2_ws/basics_tuto/build/my_py_pkg/build install --record /home/rayann/ros2_ws/basics_tuto/build/my_py_pkg/install.log --install-scripts $base/lib/my_py_pkg --single-version-externally-managed
