[0.087s] Invoking command in '/home/rayann/xrc_rover/build/xrc_rover_bringup': CMAKE_PREFIX_PATH=${CMAKE_PREFIX_PATH}:/opt/ros/humble /usr/bin/cmake --build /home/rayann/xrc_rover/build/xrc_rover_bringup -- -j16 -l16
[0.117s] Invoked command in '/home/rayann/xrc_rover/build/xrc_rover_bringup' returned '0': CMAKE_PREFIX_PATH=${CMAKE_PREFIX_PATH}:/opt/ros/humble /usr/bin/cmake --build /home/rayann/xrc_rover/build/xrc_rover_bringup -- -j16 -l16
[0.143s] Invoking command in '/home/rayann/xrc_rover/build/xrc_rover_bringup': CMAKE_PREFIX_PATH=${CMAKE_PREFIX_PATH}:/opt/ros/humble /usr/bin/cmake --install /home/rayann/xrc_rover/build/xrc_rover_bringup
[0.148s] -- Install configuration: ""
[0.148s] -- Execute custom install script
[0.148s] -- Up-to-date symlink: /home/rayann/xrc_rover/install/xrc_rover_bringup/share/xrc_rover_bringup//launch/xrc_rover_gazebo.launch.xml
[0.148s] -- Up-to-date symlink: /home/rayann/xrc_rover/install/xrc_rover_bringup/share/xrc_rover_bringup//launch/xrc_rover_model.launch.xml
[0.149s] -- Up-to-date symlink: /home/rayann/xrc_rover/install/xrc_rover_bringup/share/ament_index/resource_index/package_run_dependencies/xrc_rover_bringup
[0.149s] -- Up-to-date symlink: /home/rayann/xrc_rover/install/xrc_rover_bringup/share/ament_index/resource_index/parent_prefix_path/xrc_rover_bringup
[0.149s] -- Up-to-date symlink: /home/rayann/xrc_rover/install/xrc_rover_bringup/share/xrc_rover_bringup/environment/ament_prefix_path.sh
[0.149s] -- Up-to-date symlink: /home/rayann/xrc_rover/install/xrc_rover_bringup/share/xrc_rover_bringup/environment/ament_prefix_path.dsv
[0.149s] -- Up-to-date symlink: /home/rayann/xrc_rover/install/xrc_rover_bringup/share/xrc_rover_bringup/environment/path.sh
[0.149s] -- Up-to-date symlink: /home/rayann/xrc_rover/install/xrc_rover_bringup/share/xrc_rover_bringup/environment/path.dsv
[0.149s] -- Up-to-date symlink: /home/rayann/xrc_rover/install/xrc_rover_bringup/share/xrc_rover_bringup/local_setup.bash
[0.149s] -- Up-to-date symlink: /home/rayann/xrc_rover/install/xrc_rover_bringup/share/xrc_rover_bringup/local_setup.sh
[0.149s] -- Up-to-date symlink: /home/rayann/xrc_rover/install/xrc_rover_bringup/share/xrc_rover_bringup/local_setup.zsh
[0.149s] -- Up-to-date symlink: /home/rayann/xrc_rover/install/xrc_rover_bringup/share/xrc_rover_bringup/local_setup.dsv
[0.149s] -- Symlinking: /home/rayann/xrc_rover/install/xrc_rover_bringup/share/xrc_rover_bringup/package.dsv
[0.156s] -- Up-to-date symlink: /home/rayann/xrc_rover/install/xrc_rover_bringup/share/ament_index/resource_index/packages/xrc_rover_bringup
[0.156s] -- Up-to-date symlink: /home/rayann/xrc_rover/install/xrc_rover_bringup/share/xrc_rover_bringup/cmake/xrc_rover_bringupConfig.cmake
[0.156s] -- Up-to-date symlink: /home/rayann/xrc_rover/install/xrc_rover_bringup/share/xrc_rover_bringup/cmake/xrc_rover_bringupConfig-version.cmake
[0.156s] -- Up-to-date symlink: /home/rayann/xrc_rover/install/xrc_rover_bringup/share/xrc_rover_bringup/package.xml
[0.158s] Invoked command in '/home/rayann/xrc_rover/build/xrc_rover_bringup' returned '0': CMAKE_PREFIX_PATH=${CMAKE_PREFIX_PATH}:/opt/ros/humble /usr/bin/cmake --install /home/rayann/xrc_rover/build/xrc_rover_bringup
