[0.033s] Invoking command in '/home/rayann/xrc_rover/build/xrc_rover_teleop': CMAKE_PREFIX_PATH=${CMAKE_PREFIX_PATH}:/opt/ros/humble /usr/bin/cmake /home/rayann/xrc_rover/src/xrc_rover_teleop -DCMAKE_INSTALL_PREFIX=/home/rayann/xrc_rover/install/xrc_rover_teleop
[0.040s] -- Found ament_cmake: 1.3.6 (/opt/ros/humble/share/ament_cmake/cmake)
[0.123s] -- Override CMake install command with custom implementation using symlinks instead of copying resources
[0.127s] -- Found rclcpp: 16.0.7 (/opt/ros/humble/share/rclcpp/cmake)
[0.144s] -- Found rosidl_generator_c: 3.1.5 (/opt/ros/humble/share/rosidl_generator_c/cmake)
[0.145s] -- Found rosidl_adapter: 3.1.5 (/opt/ros/humble/share/rosidl_adapter/cmake)
[0.148s] -- Found rosidl_generator_cpp: 3.1.5 (/opt/ros/humble/share/rosidl_generator_cpp/cmake)
[0.154s] -- Using all available rosidl_typesupport_c: rosidl_typesupport_fastrtps_c;rosidl_typesupport_introspection_c
[0.163s] -- Using all available rosidl_typesupport_cpp: rosidl_typesupport_fastrtps_cpp;rosidl_typesupport_introspection_cpp
[0.198s] -- Found rmw_implementation_cmake: 6.1.1 (/opt/ros/humble/share/rmw_implementation_cmake/cmake)
[0.199s] -- Found rmw_cyclonedds_cpp: 1.3.4 (/opt/ros/humble/share/rmw_cyclonedds_cpp/cmake)
[0.216s] -- Using RMW implementation 'rmw_cyclonedds_cpp' as default
[0.304s] -- Found geometry_msgs: 4.2.3 (/opt/ros/humble/share/geometry_msgs/cmake)
[0.372s] -- Configuring done
[0.378s] -- Generating done
[0.379s] -- Build files have been written to: /home/rayann/xrc_rover/build/xrc_rover_teleop
[0.384s] Invoked command in '/home/rayann/xrc_rover/build/xrc_rover_teleop' returned '0': CMAKE_PREFIX_PATH=${CMAKE_PREFIX_PATH}:/opt/ros/humble /usr/bin/cmake /home/rayann/xrc_rover/src/xrc_rover_teleop -DCMAKE_INSTALL_PREFIX=/home/rayann/xrc_rover/install/xrc_rover_teleop
[0.386s] Invoking command in '/home/rayann/xrc_rover/build/xrc_rover_teleop': CMAKE_PREFIX_PATH=${CMAKE_PREFIX_PATH}:/opt/ros/humble /usr/bin/cmake --build /home/rayann/xrc_rover/build/xrc_rover_teleop -- -j16 -l16
[0.419s] [35m[1mConsolidate compiler generated dependencies of target keyboard_teleop_node[0m
[0.434s] [100%] Built target keyboard_teleop_node
[0.444s] Invoked command in '/home/rayann/xrc_rover/build/xrc_rover_teleop' returned '0': CMAKE_PREFIX_PATH=${CMAKE_PREFIX_PATH}:/opt/ros/humble /usr/bin/cmake --build /home/rayann/xrc_rover/build/xrc_rover_teleop -- -j16 -l16
[0.477s] Invoking command in '/home/rayann/xrc_rover/build/xrc_rover_teleop': CMAKE_PREFIX_PATH=${CMAKE_PREFIX_PATH}:/opt/ros/humble /usr/bin/cmake --install /home/rayann/xrc_rover/build/xrc_rover_teleop
[0.484s] -- Install configuration: ""
[0.484s] -- Execute custom install script
[0.484s] -- Up-to-date symlink: /home/rayann/xrc_rover/install/xrc_rover_teleop/lib/xrc_rover_teleop/keyboard_teleop_node
[0.485s] -- Up-to-date symlink: /home/rayann/xrc_rover/install/xrc_rover_teleop/share/ament_index/resource_index/package_run_dependencies/xrc_rover_teleop
[0.485s] -- Up-to-date symlink: /home/rayann/xrc_rover/install/xrc_rover_teleop/share/ament_index/resource_index/parent_prefix_path/xrc_rover_teleop
[0.485s] -- Up-to-date symlink: /home/rayann/xrc_rover/install/xrc_rover_teleop/share/xrc_rover_teleop/environment/ament_prefix_path.sh
[0.485s] -- Up-to-date symlink: /home/rayann/xrc_rover/install/xrc_rover_teleop/share/xrc_rover_teleop/environment/ament_prefix_path.dsv
[0.485s] -- Up-to-date symlink: /home/rayann/xrc_rover/install/xrc_rover_teleop/share/xrc_rover_teleop/environment/path.sh
[0.485s] -- Up-to-date symlink: /home/rayann/xrc_rover/install/xrc_rover_teleop/share/xrc_rover_teleop/environment/path.dsv
[0.485s] -- Up-to-date symlink: /home/rayann/xrc_rover/install/xrc_rover_teleop/share/xrc_rover_teleop/local_setup.bash
[0.485s] -- Up-to-date symlink: /home/rayann/xrc_rover/install/xrc_rover_teleop/share/xrc_rover_teleop/local_setup.sh
[0.485s] -- Up-to-date symlink: /home/rayann/xrc_rover/install/xrc_rover_teleop/share/xrc_rover_teleop/local_setup.zsh
[0.485s] -- Up-to-date symlink: /home/rayann/xrc_rover/install/xrc_rover_teleop/share/xrc_rover_teleop/local_setup.dsv
[0.485s] -- Symlinking: /home/rayann/xrc_rover/install/xrc_rover_teleop/share/xrc_rover_teleop/package.dsv
[0.492s] -- Up-to-date symlink: /home/rayann/xrc_rover/install/xrc_rover_teleop/share/ament_index/resource_index/packages/xrc_rover_teleop
[0.492s] -- Up-to-date symlink: /home/rayann/xrc_rover/install/xrc_rover_teleop/share/xrc_rover_teleop/cmake/xrc_rover_teleopConfig.cmake
[0.492s] -- Up-to-date symlink: /home/rayann/xrc_rover/install/xrc_rover_teleop/share/xrc_rover_teleop/cmake/xrc_rover_teleopConfig-version.cmake
[0.493s] -- Up-to-date symlink: /home/rayann/xrc_rover/install/xrc_rover_teleop/share/xrc_rover_teleop/package.xml
[0.494s] Invoked command in '/home/rayann/xrc_rover/build/xrc_rover_teleop' returned '0': CMAKE_PREFIX_PATH=${CMAKE_PREFIX_PATH}:/opt/ros/humble /usr/bin/cmake --install /home/rayann/xrc_rover/build/xrc_rover_teleop
