[0.066s] Invoking command in '/home/rayann/xrc_rover/build/xrc_rover_bringup': CMAKE_PREFIX_PATH=/opt/ros/humble /usr/bin/cmake /home/rayann/xrc_rover/src/xrc_rover_bringup -DCMAKE_INSTALL_PREFIX=/home/rayann/xrc_rover/install/xrc_rover_bringup
[0.155s] -- The C compiler identification is GNU 11.4.0
[0.216s] -- The CXX compiler identification is GNU 11.4.0
[0.224s] -- Detecting C compiler ABI info
[0.279s] -- Detecting C compiler ABI info - done
[0.285s] -- Check for working C compiler: /usr/bin/cc - skipped
[0.285s] -- Detecting C compile features
[0.285s] -- Detecting C compile features - done
[0.288s] -- Detecting CXX compiler ABI info
[0.349s] -- Detecting CXX compiler ABI info - done
[0.355s] -- Check for working CXX compiler: /usr/bin/c++ - skipped
[0.356s] -- Detecting CXX compile features
[0.356s] -- Detecting CXX compile features - done
[0.358s] -- Found ament_cmake: 1.3.6 (/opt/ros/humble/share/ament_cmake/cmake)
[0.466s] -- Found Python3: /usr/bin/python3.10 (found version "3.10.12") found components: Interpreter 
[0.565s] -- Configuring done
[0.568s] -- Generating done
[0.568s] -- Build files have been written to: /home/rayann/xrc_rover/build/xrc_rover_bringup
[0.575s] Invoked command in '/home/rayann/xrc_rover/build/xrc_rover_bringup' returned '0': CMAKE_PREFIX_PATH=/opt/ros/humble /usr/bin/cmake /home/rayann/xrc_rover/src/xrc_rover_bringup -DCMAKE_INSTALL_PREFIX=/home/rayann/xrc_rover/install/xrc_rover_bringup
[0.575s] Invoking command in '/home/rayann/xrc_rover/build/xrc_rover_bringup': CMAKE_PREFIX_PATH=/opt/ros/humble /usr/bin/cmake --build /home/rayann/xrc_rover/build/xrc_rover_bringup -- -j16 -l16
[0.606s] Invoked command in '/home/rayann/xrc_rover/build/xrc_rover_bringup' returned '0': CMAKE_PREFIX_PATH=/opt/ros/humble /usr/bin/cmake --build /home/rayann/xrc_rover/build/xrc_rover_bringup -- -j16 -l16
[0.633s] Invoking command in '/home/rayann/xrc_rover/build/xrc_rover_bringup': CMAKE_PREFIX_PATH=/opt/ros/humble /usr/bin/cmake --install /home/rayann/xrc_rover/build/xrc_rover_bringup
[0.641s] -- Install configuration: ""
[0.641s] -- Installing: /home/rayann/xrc_rover/install/xrc_rover_bringup/share/xrc_rover_bringup//launch
[0.641s] -- Installing: /home/rayann/xrc_rover/install/xrc_rover_bringup/share/xrc_rover_bringup//launch/xrc_rover_gazebo.launch.xml
[0.642s] -- Installing: /home/rayann/xrc_rover/install/xrc_rover_bringup/share/xrc_rover_bringup//launch/xrc_rover_model.launch.xml
[0.642s] -- Installing: /home/rayann/xrc_rover/install/xrc_rover_bringup/share/ament_index/resource_index/package_run_dependencies/xrc_rover_bringup
[0.642s] -- Installing: /home/rayann/xrc_rover/install/xrc_rover_bringup/share/ament_index/resource_index/parent_prefix_path/xrc_rover_bringup
[0.642s] -- Installing: /home/rayann/xrc_rover/install/xrc_rover_bringup/share/xrc_rover_bringup/environment/ament_prefix_path.sh
[0.643s] -- Installing: /home/rayann/xrc_rover/install/xrc_rover_bringup/share/xrc_rover_bringup/environment/ament_prefix_path.dsv
[0.643s] -- Installing: /home/rayann/xrc_rover/install/xrc_rover_bringup/share/xrc_rover_bringup/environment/path.sh
[0.643s] -- Installing: /home/rayann/xrc_rover/install/xrc_rover_bringup/share/xrc_rover_bringup/environment/path.dsv
[0.643s] -- Installing: /home/rayann/xrc_rover/install/xrc_rover_bringup/share/xrc_rover_bringup/local_setup.bash
[0.643s] -- Installing: /home/rayann/xrc_rover/install/xrc_rover_bringup/share/xrc_rover_bringup/local_setup.sh
[0.643s] -- Installing: /home/rayann/xrc_rover/install/xrc_rover_bringup/share/xrc_rover_bringup/local_setup.zsh
[0.643s] -- Installing: /home/rayann/xrc_rover/install/xrc_rover_bringup/share/xrc_rover_bringup/local_setup.dsv
[0.643s] -- Installing: /home/rayann/xrc_rover/install/xrc_rover_bringup/share/xrc_rover_bringup/package.dsv
[0.643s] -- Installing: /home/rayann/xrc_rover/install/xrc_rover_bringup/share/ament_index/resource_index/packages/xrc_rover_bringup
[0.643s] -- Installing: /home/rayann/xrc_rover/install/xrc_rover_bringup/share/xrc_rover_bringup/cmake/xrc_rover_bringupConfig.cmake
[0.643s] -- Installing: /home/rayann/xrc_rover/install/xrc_rover_bringup/share/xrc_rover_bringup/cmake/xrc_rover_bringupConfig-version.cmake
[0.643s] -- Installing: /home/rayann/xrc_rover/install/xrc_rover_bringup/share/xrc_rover_bringup/package.xml
[0.645s] Invoked command in '/home/rayann/xrc_rover/build/xrc_rover_bringup' returned '0': CMAKE_PREFIX_PATH=/opt/ros/humble /usr/bin/cmake --install /home/rayann/xrc_rover/build/xrc_rover_bringup
