-- Found ament_cmake: 1.3.6 (/opt/ros/humble/share/ament_cmake/cmake)
-- Override CMake install command with custom implementation using symlinks instead of copying resources
-- Configuring done
-- Generating done
-- Build files have been written to: /home/rayann/xrc_rover/build/xrc_rover_bringup
-- Install configuration: ""
-- Execute custom install script
-- Symlinking: /home/rayann/xrc_rover/install/xrc_rover_bringup/share/xrc_rover_bringup//launch/xrc_rover_gazebo.launch.xml
-- Symlinking: /home/rayann/xrc_rover/install/xrc_rover_bringup/share/xrc_rover_bringup//launch/xrc_rover_model.launch.xml
-- Symlinking: /home/rayann/xrc_rover/install/xrc_rover_bringup/share/ament_index/resource_index/package_run_dependencies/xrc_rover_bringup
-- Symlinking: /home/rayann/xrc_rover/install/xrc_rover_bringup/share/ament_index/resource_index/parent_prefix_path/xrc_rover_bringup
-- Symlinking: /home/rayann/xrc_rover/install/xrc_rover_bringup/share/xrc_rover_bringup/environment/ament_prefix_path.sh
-- Symlinking: /home/rayann/xrc_rover/install/xrc_rover_bringup/share/xrc_rover_bringup/environment/ament_prefix_path.dsv
-- Symlinking: /home/rayann/xrc_rover/install/xrc_rover_bringup/share/xrc_rover_bringup/environment/path.sh
-- Symlinking: /home/rayann/xrc_rover/install/xrc_rover_bringup/share/xrc_rover_bringup/environment/path.dsv
-- Symlinking: /home/rayann/xrc_rover/install/xrc_rover_bringup/share/xrc_rover_bringup/local_setup.bash
-- Symlinking: /home/rayann/xrc_rover/install/xrc_rover_bringup/share/xrc_rover_bringup/local_setup.sh
-- Symlinking: /home/rayann/xrc_rover/install/xrc_rover_bringup/share/xrc_rover_bringup/local_setup.zsh
-- Symlinking: /home/rayann/xrc_rover/install/xrc_rover_bringup/share/xrc_rover_bringup/local_setup.dsv
-- Symlinking: /home/rayann/xrc_rover/install/xrc_rover_bringup/share/xrc_rover_bringup/package.dsv
-- Symlinking: /home/rayann/xrc_rover/install/xrc_rover_bringup/share/ament_index/resource_index/packages/xrc_rover_bringup
-- Symlinking: /home/rayann/xrc_rover/install/xrc_rover_bringup/share/xrc_rover_bringup/cmake/xrc_rover_bringupConfig.cmake
-- Symlinking: /home/rayann/xrc_rover/install/xrc_rover_bringup/share/xrc_rover_bringup/cmake/xrc_rover_bringupConfig-version.cmake
-- Symlinking: /home/rayann/xrc_rover/install/xrc_rover_bringup/share/xrc_rover_bringup/package.xml
