[0.058s] Invoking command in '/home/rayann/xrc_rover/build/xrc_rover_description': CMAKE_PREFIX_PATH=${CMAKE_PREFIX_PATH}:/opt/ros/humble /usr/bin/cmake /home/rayann/xrc_rover/src/xrc_rover_description -DAMENT_CMAKE_SYMLINK_INSTALL=1 -DCMAKE_INSTALL_PREFIX=/home/rayann/xrc_rover/install/xrc_rover_description
[0.065s] -- Found ament_cmake: 1.3.6 (/opt/ros/humble/share/ament_cmake/cmake)
[0.149s] -- Override CMake install command with custom implementation using symlinks instead of copying resources
[0.191s] -- Configuring done
[0.193s] -- Generating done
[0.193s] -- Build files have been written to: /home/rayann/xrc_rover/build/xrc_rover_description
[0.196s] Invoked command in '/home/rayann/xrc_rover/build/xrc_rover_description' returned '0': CMAKE_PREFIX_PATH=${CMAKE_PREFIX_PATH}:/opt/ros/humble /usr/bin/cmake /home/rayann/xrc_rover/src/xrc_rover_description -DAMENT_CMAKE_SYMLINK_INSTALL=1 -DCMAKE_INSTALL_PREFIX=/home/rayann/xrc_rover/install/xrc_rover_description
[0.199s] Invoking command in '/home/rayann/xrc_rover/build/xrc_rover_description': CMAKE_PREFIX_PATH=${CMAKE_PREFIX_PATH}:/opt/ros/humble /usr/bin/cmake --build /home/rayann/xrc_rover/build/xrc_rover_description -- -j16 -l16
[0.230s] Invoked command in '/home/rayann/xrc_rover/build/xrc_rover_description' returned '0': CMAKE_PREFIX_PATH=${CMAKE_PREFIX_PATH}:/opt/ros/humble /usr/bin/cmake --build /home/rayann/xrc_rover/build/xrc_rover_description -- -j16 -l16
[0.258s] Invoking command in '/home/rayann/xrc_rover/build/xrc_rover_description': CMAKE_PREFIX_PATH=${CMAKE_PREFIX_PATH}:/opt/ros/humble /usr/bin/cmake --install /home/rayann/xrc_rover/build/xrc_rover_description
[0.262s] -- Install configuration: ""
[0.263s] -- Execute custom install script
[0.263s] -- Symlinking: /home/rayann/xrc_rover/install/xrc_rover_description/share/xrc_rover_description//urdf/camera.xacro
[0.269s] -- Symlinking: /home/rayann/xrc_rover/install/xrc_rover_description/share/xrc_rover_description//urdf/common_properties.xacro
[0.276s] -- Symlinking: /home/rayann/xrc_rover/install/xrc_rover_description/share/xrc_rover_description//urdf/gazebo_control.xacro
[0.283s] -- Symlinking: /home/rayann/xrc_rover/install/xrc_rover_description/share/xrc_rover_description//urdf/lidar.xacro
[0.290s] -- Symlinking: /home/rayann/xrc_rover/install/xrc_rover_description/share/xrc_rover_description//urdf/mobile_base.xacro
[0.296s] -- Symlinking: /home/rayann/xrc_rover/install/xrc_rover_description/share/xrc_rover_description//urdf/xrc_rover.urdf.xacro
[0.304s] -- Symlinking: /home/rayann/xrc_rover/install/xrc_rover_description/share/xrc_rover_description//rviz/xrc_rover_config.rviz
[0.310s] -- Symlinking: /home/rayann/xrc_rover/install/xrc_rover_description/share/ament_index/resource_index/package_run_dependencies/xrc_rover_description
[0.320s] -- Symlinking: /home/rayann/xrc_rover/install/xrc_rover_description/share/ament_index/resource_index/parent_prefix_path/xrc_rover_description
[0.327s] -- Symlinking: /home/rayann/xrc_rover/install/xrc_rover_description/share/xrc_rover_description/environment/ament_prefix_path.sh
[0.334s] -- Symlinking: /home/rayann/xrc_rover/install/xrc_rover_description/share/xrc_rover_description/environment/ament_prefix_path.dsv
[0.341s] -- Symlinking: /home/rayann/xrc_rover/install/xrc_rover_description/share/xrc_rover_description/environment/path.sh
[0.348s] -- Symlinking: /home/rayann/xrc_rover/install/xrc_rover_description/share/xrc_rover_description/environment/path.dsv
[0.355s] -- Symlinking: /home/rayann/xrc_rover/install/xrc_rover_description/share/xrc_rover_description/local_setup.bash
[0.363s] -- Symlinking: /home/rayann/xrc_rover/install/xrc_rover_description/share/xrc_rover_description/local_setup.sh
[0.370s] -- Symlinking: /home/rayann/xrc_rover/install/xrc_rover_description/share/xrc_rover_description/local_setup.zsh
[0.377s] -- Symlinking: /home/rayann/xrc_rover/install/xrc_rover_description/share/xrc_rover_description/local_setup.dsv
[0.384s] -- Symlinking: /home/rayann/xrc_rover/install/xrc_rover_description/share/xrc_rover_description/package.dsv
[0.392s] -- Symlinking: /home/rayann/xrc_rover/install/xrc_rover_description/share/ament_index/resource_index/packages/xrc_rover_description
[0.399s] -- Symlinking: /home/rayann/xrc_rover/install/xrc_rover_description/share/xrc_rover_description/cmake/xrc_rover_descriptionConfig.cmake
[0.407s] -- Symlinking: /home/rayann/xrc_rover/install/xrc_rover_description/share/xrc_rover_description/cmake/xrc_rover_descriptionConfig-version.cmake
[0.417s] -- Symlinking: /home/rayann/xrc_rover/install/xrc_rover_description/share/xrc_rover_description/package.xml
[0.427s] Invoked command in '/home/rayann/xrc_rover/build/xrc_rover_description' returned '0': CMAKE_PREFIX_PATH=${CMAKE_PREFIX_PATH}:/opt/ros/humble /usr/bin/cmake --install /home/rayann/xrc_rover/build/xrc_rover_description
