[0.025s] Invoking command in '/home/rayann/gazebo_urdf_rviz_tuto/build/my_robot_description': CMAKE_PREFIX_PATH=/opt/ros/humble /usr/bin/cmake /home/rayann/gazebo_urdf_rviz_tuto/src/my_robot_description -DCMAKE_INSTALL_PREFIX=/home/rayann/gazebo_urdf_rviz_tuto/install/my_robot_description
[0.073s] -- The C compiler identification is GNU 11.4.0
[0.112s] -- The CXX compiler identification is GNU 11.4.0
[0.118s] -- Detecting C compiler ABI info
[0.179s] -- Detecting C compiler ABI info - done
[0.191s] -- Check for working C compiler: /usr/bin/cc - skipped
[0.191s] -- Detecting C compile features
[0.192s] -- Detecting C compile features - done
[0.196s] -- Detecting CXX compiler ABI info
[0.268s] -- Detecting CXX compiler ABI info - done
[0.280s] -- Check for working CXX compiler: /usr/bin/c++ - skipped
[0.281s] -- Detecting CXX compile features
[0.282s] -- Detecting CXX compile features - done
[0.286s] -- Found ament_cmake: 1.3.6 (/opt/ros/humble/share/ament_cmake/cmake)
[0.401s] -- Found Python3: /usr/bin/python3.10 (found version "3.10.12") found components: Interpreter 
[0.508s] -- Configuring done
[0.512s] -- Generating done
[0.513s] -- Build files have been written to: /home/rayann/gazebo_urdf_rviz_tuto/build/my_robot_description
[0.519s] Invoked command in '/home/rayann/gazebo_urdf_rviz_tuto/build/my_robot_description' returned '0': CMAKE_PREFIX_PATH=/opt/ros/humble /usr/bin/cmake /home/rayann/gazebo_urdf_rviz_tuto/src/my_robot_description -DCMAKE_INSTALL_PREFIX=/home/rayann/gazebo_urdf_rviz_tuto/install/my_robot_description
[0.521s] Invoking command in '/home/rayann/gazebo_urdf_rviz_tuto/build/my_robot_description': CMAKE_PREFIX_PATH=/opt/ros/humble /usr/bin/cmake --build /home/rayann/gazebo_urdf_rviz_tuto/build/my_robot_description -- -j16 -l16
[0.558s] Invoked command in '/home/rayann/gazebo_urdf_rviz_tuto/build/my_robot_description' returned '0': CMAKE_PREFIX_PATH=/opt/ros/humble /usr/bin/cmake --build /home/rayann/gazebo_urdf_rviz_tuto/build/my_robot_description -- -j16 -l16
[0.594s] Invoking command in '/home/rayann/gazebo_urdf_rviz_tuto/build/my_robot_description': CMAKE_PREFIX_PATH=/opt/ros/humble /usr/bin/cmake --install /home/rayann/gazebo_urdf_rviz_tuto/build/my_robot_description
[0.600s] -- Install configuration: ""
[0.601s] -- Installing: /home/rayann/gazebo_urdf_rviz_tuto/install/my_robot_description/share/my_robot_description//urdf
[0.601s] -- Installing: /home/rayann/gazebo_urdf_rviz_tuto/install/my_robot_description/share/my_robot_description//urdf/my_robot.urdf.xacro
[0.601s] -- Installing: /home/rayann/gazebo_urdf_rviz_tuto/install/my_robot_description/share/my_robot_description//urdf/camera.xacro
[0.601s] -- Installing: /home/rayann/gazebo_urdf_rviz_tuto/install/my_robot_description/share/my_robot_description//urdf/arm_gazebo.xacro
[0.601s] -- Installing: /home/rayann/gazebo_urdf_rviz_tuto/install/my_robot_description/share/my_robot_description//urdf/standalone_arm.urdf.xacro
[0.601s] -- Installing: /home/rayann/gazebo_urdf_rviz_tuto/install/my_robot_description/share/my_robot_description//urdf/arm.xacro
[0.601s] -- Installing: /home/rayann/gazebo_urdf_rviz_tuto/install/my_robot_description/share/my_robot_description//urdf/mobile_base.xacro
[0.601s] -- Installing: /home/rayann/gazebo_urdf_rviz_tuto/install/my_robot_description/share/my_robot_description//urdf/mobile_base_gazebo.xacro
[0.601s] -- Installing: /home/rayann/gazebo_urdf_rviz_tuto/install/my_robot_description/share/my_robot_description//urdf/common_properties.xacro
[0.601s] -- Installing: /home/rayann/gazebo_urdf_rviz_tuto/install/my_robot_description/share/my_robot_description//launch
[0.601s] -- Installing: /home/rayann/gazebo_urdf_rviz_tuto/install/my_robot_description/share/my_robot_description//launch/display.launch.xml
[0.601s] -- Installing: /home/rayann/gazebo_urdf_rviz_tuto/install/my_robot_description/share/my_robot_description//launch/display.launch.py
[0.601s] -- Installing: /home/rayann/gazebo_urdf_rviz_tuto/install/my_robot_description/share/my_robot_description//rviz
[0.601s] -- Installing: /home/rayann/gazebo_urdf_rviz_tuto/install/my_robot_description/share/my_robot_description//rviz/urdf_config.rviz
[0.601s] -- Installing: /home/rayann/gazebo_urdf_rviz_tuto/install/my_robot_description/share/ament_index/resource_index/package_run_dependencies/my_robot_description
[0.601s] -- Installing: /home/rayann/gazebo_urdf_rviz_tuto/install/my_robot_description/share/ament_index/resource_index/parent_prefix_path/my_robot_description
[0.601s] -- Installing: /home/rayann/gazebo_urdf_rviz_tuto/install/my_robot_description/share/my_robot_description/environment/ament_prefix_path.sh
[0.601s] -- Installing: /home/rayann/gazebo_urdf_rviz_tuto/install/my_robot_description/share/my_robot_description/environment/ament_prefix_path.dsv
[0.601s] -- Installing: /home/rayann/gazebo_urdf_rviz_tuto/install/my_robot_description/share/my_robot_description/environment/path.sh
[0.601s] -- Installing: /home/rayann/gazebo_urdf_rviz_tuto/install/my_robot_description/share/my_robot_description/environment/path.dsv
[0.601s] -- Installing: /home/rayann/gazebo_urdf_rviz_tuto/install/my_robot_description/share/my_robot_description/local_setup.bash
[0.601s] -- Installing: /home/rayann/gazebo_urdf_rviz_tuto/install/my_robot_description/share/my_robot_description/local_setup.sh
[0.602s] -- Installing: /home/rayann/gazebo_urdf_rviz_tuto/install/my_robot_description/share/my_robot_description/local_setup.zsh
[0.602s] -- Installing: /home/rayann/gazebo_urdf_rviz_tuto/install/my_robot_description/share/my_robot_description/local_setup.dsv
[0.602s] -- Installing: /home/rayann/gazebo_urdf_rviz_tuto/install/my_robot_description/share/my_robot_description/package.dsv
[0.602s] -- Installing: /home/rayann/gazebo_urdf_rviz_tuto/install/my_robot_description/share/ament_index/resource_index/packages/my_robot_description
[0.602s] -- Installing: /home/rayann/gazebo_urdf_rviz_tuto/install/my_robot_description/share/my_robot_description/cmake/my_robot_descriptionConfig.cmake
[0.602s] -- Installing: /home/rayann/gazebo_urdf_rviz_tuto/install/my_robot_description/share/my_robot_description/cmake/my_robot_descriptionConfig-version.cmake
[0.602s] -- Installing: /home/rayann/gazebo_urdf_rviz_tuto/install/my_robot_description/share/my_robot_description/package.xml
[0.604s] Invoked command in '/home/rayann/gazebo_urdf_rviz_tuto/build/my_robot_description' returned '0': CMAKE_PREFIX_PATH=/opt/ros/humble /usr/bin/cmake --install /home/rayann/gazebo_urdf_rviz_tuto/build/my_robot_description
