[0.096s] Invoking command in '/home/rayann/ros2_ws/basics_tuto/build/my_cpp_pkg': AMENT_PREFIX_PATH=/home/rayann/ros2_ws/basics_tuto/install/my_robot_interfaces:${AMENT_PREFIX_PATH} CMAKE_PREFIX_PATH=/home/rayann/ros2_ws/basics_tuto/install/my_robot_interfaces:/opt/ros/humble LD_LIBRARY_PATH=/home/rayann/ros2_ws/basics_tuto/install/my_robot_interfaces/lib:${LD_LIBRARY_PATH} PYTHONPATH=/home/rayann/ros2_ws/basics_tuto/install/my_robot_interfaces/local/lib/python3.10/dist-packages:${PYTHONPATH} /usr/bin/cmake /home/rayann/ros2_ws/basics_tuto/src/my_cpp_pkg -DCMAKE_INSTALL_PREFIX=/home/rayann/ros2_ws/basics_tuto/install/my_cpp_pkg
[0.403s] -- The C compiler identification is GNU 11.4.0
[0.404s] -- The CXX compiler identification is GNU 11.4.0
[0.404s] -- Detecting C compiler ABI info
[0.404s] -- Detecting C compiler ABI info - done
[0.404s] -- Check for working C compiler: /usr/bin/cc - skipped
[0.405s] -- Detecting C compile features
[0.405s] -- Detecting C compile features - done
[0.405s] -- Detecting CXX compiler ABI info
[0.405s] -- Detecting CXX compiler ABI info - done
[0.405s] -- Check for working CXX compiler: /usr/bin/c++ - skipped
[0.405s] -- Detecting CXX compile features
[0.405s] -- Detecting CXX compile features - done
[0.405s] -- Found ament_cmake: 1.3.6 (/opt/ros/humble/share/ament_cmake/cmake)
[0.451s] -- Found Python3: /usr/bin/python3.10 (found version "3.10.12") found components: Interpreter 
[0.505s] -- Found rclcpp: 16.0.7 (/opt/ros/humble/share/rclcpp/cmake)
[0.534s] -- Found rosidl_generator_c: 3.1.5 (/opt/ros/humble/share/rosidl_generator_c/cmake)
[0.537s] -- Found rosidl_adapter: 3.1.5 (/opt/ros/humble/share/rosidl_adapter/cmake)
[0.542s] -- Found rosidl_generator_cpp: 3.1.5 (/opt/ros/humble/share/rosidl_generator_cpp/cmake)
[0.550s] -- Using all available rosidl_typesupport_c: rosidl_typesupport_fastrtps_c;rosidl_typesupport_introspection_c
[0.561s] -- Using all available rosidl_typesupport_cpp: rosidl_typesupport_fastrtps_cpp;rosidl_typesupport_introspection_cpp
[0.602s] -- Found rmw_implementation_cmake: 6.1.1 (/opt/ros/humble/share/rmw_implementation_cmake/cmake)
[0.603s] -- Found rmw_cyclonedds_cpp: 1.3.4 (/opt/ros/humble/share/rmw_cyclonedds_cpp/cmake)
[0.623s] -- Using RMW implementation 'rmw_cyclonedds_cpp' as default
[0.631s] -- Looking for pthread.h
[0.693s] -- Looking for pthread.h - found
[0.693s] -- Performing Test CMAKE_HAVE_LIBC_PTHREAD
[0.757s] -- Performing Test CMAKE_HAVE_LIBC_PTHREAD - Success
[0.758s] -- Found Threads: TRUE  
[0.850s] -- Found example_interfaces: 0.9.3 (/opt/ros/humble/share/example_interfaces/cmake)
[0.931s] -- Found my_robot_interfaces: 0.0.0 (/home/rayann/ros2_ws/basics_tuto/install/my_robot_interfaces/share/my_robot_interfaces/cmake)
[0.981s] -- Configuring done
[1.002s] -- Generating done
[1.004s] -- Build files have been written to: /home/rayann/ros2_ws/basics_tuto/build/my_cpp_pkg
[1.011s] Invoked command in '/home/rayann/ros2_ws/basics_tuto/build/my_cpp_pkg' returned '0': AMENT_PREFIX_PATH=/home/rayann/ros2_ws/basics_tuto/install/my_robot_interfaces:${AMENT_PREFIX_PATH} CMAKE_PREFIX_PATH=/home/rayann/ros2_ws/basics_tuto/install/my_robot_interfaces:/opt/ros/humble LD_LIBRARY_PATH=/home/rayann/ros2_ws/basics_tuto/install/my_robot_interfaces/lib:${LD_LIBRARY_PATH} PYTHONPATH=/home/rayann/ros2_ws/basics_tuto/install/my_robot_interfaces/local/lib/python3.10/dist-packages:${PYTHONPATH} /usr/bin/cmake /home/rayann/ros2_ws/basics_tuto/src/my_cpp_pkg -DCMAKE_INSTALL_PREFIX=/home/rayann/ros2_ws/basics_tuto/install/my_cpp_pkg
[1.013s] Invoking command in '/home/rayann/ros2_ws/basics_tuto/build/my_cpp_pkg': AMENT_PREFIX_PATH=/home/rayann/ros2_ws/basics_tuto/install/my_robot_interfaces:${AMENT_PREFIX_PATH} CMAKE_PREFIX_PATH=/home/rayann/ros2_ws/basics_tuto/install/my_robot_interfaces:/opt/ros/humble LD_LIBRARY_PATH=/home/rayann/ros2_ws/basics_tuto/install/my_robot_interfaces/lib:${LD_LIBRARY_PATH} PYTHONPATH=/home/rayann/ros2_ws/basics_tuto/install/my_robot_interfaces/local/lib/python3.10/dist-packages:${PYTHONPATH} /usr/bin/cmake --build /home/rayann/ros2_ws/basics_tuto/build/my_cpp_pkg -- -j16 -l16
[1.058s] [ 20%] [32mBuilding CXX object CMakeFiles/robot_news_station.dir/src/robot_news_station.cpp.o[0m
[1.058s] [ 20%] [32mBuilding CXX object CMakeFiles/led_panel.dir/src/led_panel.cpp.o[0m
[1.058s] [ 20%] [32mBuilding CXX object CMakeFiles/add_two_ints_client.dir/src/add_two_ints_client.cpp.o[0m
[1.058s] [ 20%] [32mBuilding CXX object CMakeFiles/number_publisher.dir/src/number_publisher.cpp.o[0m
[1.058s] [ 30%] [32mBuilding CXX object CMakeFiles/smartphone.dir/src/smartphone.cpp.o[0m
[1.058s] [ 30%] [32mBuilding CXX object CMakeFiles/cpp_node.dir/src/my_first_node.cpp.o[0m
[1.058s] [ 35%] [32mBuilding CXX object CMakeFiles/number_counter.dir/src/number_counter.cpp.o[0m
[1.059s] [ 40%] [32mBuilding CXX object CMakeFiles/hardware_status_publisher.dir/src/hw_status_publisher.cpp.o[0m
[1.059s] [ 45%] [32mBuilding CXX object CMakeFiles/battery.dir/src/battery.cpp.o[0m
[1.059s] [ 50%] [32mBuilding CXX object CMakeFiles/add_two_ints_server.dir/src/add_two_ints_server.cpp.o[0m
[3.576s] [ 55%] [32m[1mLinking CXX executable cpp_node[0m
[3.686s] [ 55%] Built target cpp_node
[3.999s] [ 60%] [32m[1mLinking CXX executable add_two_ints_client[0m
[4.138s] [ 60%] Built target add_two_ints_client
[4.523s] [ 65%] [32m[1mLinking CXX executable number_publisher[0m
[4.666s] [ 70%] [32m[1mLinking CXX executable add_two_ints_server[0m
[4.690s] [ 70%] Built target number_publisher
[4.795s] [ 70%] Built target add_two_ints_server
[4.935s] [ 75%] [32m[1mLinking CXX executable battery[0m
[5.065s] [ 75%] Built target battery
[5.069s] [ 80%] [32m[1mLinking CXX executable hardware_status_publisher[0m
[5.216s] [ 80%] Built target hardware_status_publisher
[5.490s] [ 85%] [32m[1mLinking CXX executable robot_news_station[0m
[5.638s] [ 85%] Built target robot_news_station
[5.772s] [ 90%] [32m[1mLinking CXX executable led_panel[0m
[5.935s] [ 90%] Built target led_panel
[7.438s] [ 95%] [32m[1mLinking CXX executable smartphone[0m
[7.709s] [ 95%] Built target smartphone
[8.778s] [100%] [32m[1mLinking CXX executable number_counter[0m
[9.045s] [100%] Built target number_counter
[9.056s] Invoked command in '/home/rayann/ros2_ws/basics_tuto/build/my_cpp_pkg' returned '0': AMENT_PREFIX_PATH=/home/rayann/ros2_ws/basics_tuto/install/my_robot_interfaces:${AMENT_PREFIX_PATH} CMAKE_PREFIX_PATH=/home/rayann/ros2_ws/basics_tuto/install/my_robot_interfaces:/opt/ros/humble LD_LIBRARY_PATH=/home/rayann/ros2_ws/basics_tuto/install/my_robot_interfaces/lib:${LD_LIBRARY_PATH} PYTHONPATH=/home/rayann/ros2_ws/basics_tuto/install/my_robot_interfaces/local/lib/python3.10/dist-packages:${PYTHONPATH} /usr/bin/cmake --build /home/rayann/ros2_ws/basics_tuto/build/my_cpp_pkg -- -j16 -l16
[9.123s] Invoking command in '/home/rayann/ros2_ws/basics_tuto/build/my_cpp_pkg': AMENT_PREFIX_PATH=/home/rayann/ros2_ws/basics_tuto/install/my_robot_interfaces:${AMENT_PREFIX_PATH} CMAKE_PREFIX_PATH=/home/rayann/ros2_ws/basics_tuto/install/my_robot_interfaces:/opt/ros/humble LD_LIBRARY_PATH=/home/rayann/ros2_ws/basics_tuto/install/my_robot_interfaces/lib:${LD_LIBRARY_PATH} PYTHONPATH=/home/rayann/ros2_ws/basics_tuto/install/my_robot_interfaces/local/lib/python3.10/dist-packages:${PYTHONPATH} /usr/bin/cmake --install /home/rayann/ros2_ws/basics_tuto/build/my_cpp_pkg
[9.130s] -- Install configuration: ""
[9.130s] -- Installing: /home/rayann/ros2_ws/basics_tuto/install/my_cpp_pkg/lib/my_cpp_pkg/cpp_node
[9.130s] -- Set runtime path of "/home/rayann/ros2_ws/basics_tuto/install/my_cpp_pkg/lib/my_cpp_pkg/cpp_node" to ""
[9.131s] -- Installing: /home/rayann/ros2_ws/basics_tuto/install/my_cpp_pkg/lib/my_cpp_pkg/robot_news_station
[9.132s] -- Set runtime path of "/home/rayann/ros2_ws/basics_tuto/install/my_cpp_pkg/lib/my_cpp_pkg/robot_news_station" to ""
[9.132s] -- Installing: /home/rayann/ros2_ws/basics_tuto/install/my_cpp_pkg/lib/my_cpp_pkg/smartphone
[9.136s] -- Set runtime path of "/home/rayann/ros2_ws/basics_tuto/install/my_cpp_pkg/lib/my_cpp_pkg/smartphone" to ""
[9.136s] -- Installing: /home/rayann/ros2_ws/basics_tuto/install/my_cpp_pkg/lib/my_cpp_pkg/number_publisher
[9.136s] -- Set runtime path of "/home/rayann/ros2_ws/basics_tuto/install/my_cpp_pkg/lib/my_cpp_pkg/number_publisher" to ""
[9.136s] -- Installing: /home/rayann/ros2_ws/basics_tuto/install/my_cpp_pkg/lib/my_cpp_pkg/number_counter
[9.141s] -- Set runtime path of "/home/rayann/ros2_ws/basics_tuto/install/my_cpp_pkg/lib/my_cpp_pkg/number_counter" to ""
[9.141s] -- Installing: /home/rayann/ros2_ws/basics_tuto/install/my_cpp_pkg/lib/my_cpp_pkg/add_two_ints_server
[9.141s] -- Set runtime path of "/home/rayann/ros2_ws/basics_tuto/install/my_cpp_pkg/lib/my_cpp_pkg/add_two_ints_server" to ""
[9.141s] -- Installing: /home/rayann/ros2_ws/basics_tuto/install/my_cpp_pkg/lib/my_cpp_pkg/add_two_ints_client
[9.143s] -- Set runtime path of "/home/rayann/ros2_ws/basics_tuto/install/my_cpp_pkg/lib/my_cpp_pkg/add_two_ints_client" to ""
[9.143s] -- Installing: /home/rayann/ros2_ws/basics_tuto/install/my_cpp_pkg/lib/my_cpp_pkg/hardware_status_publisher
[9.146s] -- Set runtime path of "/home/rayann/ros2_ws/basics_tuto/install/my_cpp_pkg/lib/my_cpp_pkg/hardware_status_publisher" to ""
[9.146s] -- Installing: /home/rayann/ros2_ws/basics_tuto/install/my_cpp_pkg/lib/my_cpp_pkg/led_panel
[9.147s] -- Set runtime path of "/home/rayann/ros2_ws/basics_tuto/install/my_cpp_pkg/lib/my_cpp_pkg/led_panel" to ""
[9.147s] -- Installing: /home/rayann/ros2_ws/basics_tuto/install/my_cpp_pkg/lib/my_cpp_pkg/battery
[9.148s] -- Set runtime path of "/home/rayann/ros2_ws/basics_tuto/install/my_cpp_pkg/lib/my_cpp_pkg/battery" to ""
[9.148s] -- Installing: /home/rayann/ros2_ws/basics_tuto/install/my_cpp_pkg/share/ament_index/resource_index/package_run_dependencies/my_cpp_pkg
[9.148s] -- Installing: /home/rayann/ros2_ws/basics_tuto/install/my_cpp_pkg/share/ament_index/resource_index/parent_prefix_path/my_cpp_pkg
[9.149s] -- Installing: /home/rayann/ros2_ws/basics_tuto/install/my_cpp_pkg/share/my_cpp_pkg/environment/ament_prefix_path.sh
[9.149s] -- Installing: /home/rayann/ros2_ws/basics_tuto/install/my_cpp_pkg/share/my_cpp_pkg/environment/ament_prefix_path.dsv
[9.149s] -- Installing: /home/rayann/ros2_ws/basics_tuto/install/my_cpp_pkg/share/my_cpp_pkg/environment/path.sh
[9.149s] -- Installing: /home/rayann/ros2_ws/basics_tuto/install/my_cpp_pkg/share/my_cpp_pkg/environment/path.dsv
[9.149s] -- Installing: /home/rayann/ros2_ws/basics_tuto/install/my_cpp_pkg/share/my_cpp_pkg/local_setup.bash
[9.149s] -- Installing: /home/rayann/ros2_ws/basics_tuto/install/my_cpp_pkg/share/my_cpp_pkg/local_setup.sh
[9.149s] -- Installing: /home/rayann/ros2_ws/basics_tuto/install/my_cpp_pkg/share/my_cpp_pkg/local_setup.zsh
[9.149s] -- Installing: /home/rayann/ros2_ws/basics_tuto/install/my_cpp_pkg/share/my_cpp_pkg/local_setup.dsv
[9.149s] -- Installing: /home/rayann/ros2_ws/basics_tuto/install/my_cpp_pkg/share/my_cpp_pkg/package.dsv
[9.149s] -- Installing: /home/rayann/ros2_ws/basics_tuto/install/my_cpp_pkg/share/ament_index/resource_index/packages/my_cpp_pkg
[9.149s] -- Installing: /home/rayann/ros2_ws/basics_tuto/install/my_cpp_pkg/share/my_cpp_pkg/cmake/my_cpp_pkgConfig.cmake
[9.150s] -- Installing: /home/rayann/ros2_ws/basics_tuto/install/my_cpp_pkg/share/my_cpp_pkg/cmake/my_cpp_pkgConfig-version.cmake
[9.150s] -- Installing: /home/rayann/ros2_ws/basics_tuto/install/my_cpp_pkg/share/my_cpp_pkg/package.xml
[9.152s] Invoked command in '/home/rayann/ros2_ws/basics_tuto/build/my_cpp_pkg' returned '0': AMENT_PREFIX_PATH=/home/rayann/ros2_ws/basics_tuto/install/my_robot_interfaces:${AMENT_PREFIX_PATH} CMAKE_PREFIX_PATH=/home/rayann/ros2_ws/basics_tuto/install/my_robot_interfaces:/opt/ros/humble LD_LIBRARY_PATH=/home/rayann/ros2_ws/basics_tuto/install/my_robot_interfaces/lib:${LD_LIBRARY_PATH} PYTHONPATH=/home/rayann/ros2_ws/basics_tuto/install/my_robot_interfaces/local/lib/python3.10/dist-packages:${PYTHONPATH} /usr/bin/cmake --install /home/rayann/ros2_ws/basics_tuto/build/my_cpp_pkg
