-- The C compiler identification is GNU 11.4.0
-- The CXX compiler identification is GNU 11.4.0
-- Detecting C compiler ABI info
-- Detecting C compiler ABI info - done
-- Check for working C compiler: /usr/bin/cc - skipped
-- Detecting C compile features
-- Detecting C compile features - done
-- Detecting CXX compiler ABI info
-- Detecting CXX compiler ABI info - done
-- Check for working CXX compiler: /usr/bin/c++ - skipped
-- Detecting CXX compile features
-- Detecting CXX compile features - done
-- Found ament_cmake: 1.3.6 (/opt/ros/humble/share/ament_cmake/cmake)
-- Found Python3: /usr/bin/python3.10 (found version "3.10.12") found components: Interpreter 
-- Found rclcpp: 16.0.7 (/opt/ros/humble/share/rclcpp/cmake)
-- Found rosidl_generator_c: 3.1.5 (/opt/ros/humble/share/rosidl_generator_c/cmake)
-- Found rosidl_adapter: 3.1.5 (/opt/ros/humble/share/rosidl_adapter/cmake)
-- Found rosidl_generator_cpp: 3.1.5 (/opt/ros/humble/share/rosidl_generator_cpp/cmake)
-- Using all available rosidl_typesupport_c: rosidl_typesupport_fastrtps_c;rosidl_typesupport_introspection_c
-- Using all available rosidl_typesupport_cpp: rosidl_typesupport_fastrtps_cpp;rosidl_typesupport_introspection_cpp
-- Found rmw_implementation_cmake: 6.1.1 (/opt/ros/humble/share/rmw_implementation_cmake/cmake)
-- Found rmw_cyclonedds_cpp: 1.3.4 (/opt/ros/humble/share/rmw_cyclonedds_cpp/cmake)
-- Using RMW implementation 'rmw_cyclonedds_cpp' as default
-- Looking for pthread.h
-- Looking for pthread.h - found
-- Performing Test CMAKE_HAVE_LIBC_PTHREAD
-- Performing Test CMAKE_HAVE_LIBC_PTHREAD - Success
-- Found Threads: TRUE  
-- Found my_robot_interfaces: 0.0.0 (/home/rayann/ros2_ws/basics_tuto/install/my_robot_interfaces/share/my_robot_interfaces/cmake)
-- Found turtlesim: 1.4.2 (/opt/ros/humble/share/turtlesim/cmake)
-- Found geometry_msgs: 4.2.3 (/opt/ros/humble/share/geometry_msgs/cmake)
-- Configuring done
-- Generating done
-- Build files have been written to: /home/rayann/ros2_ws/basics_tuto/build/turtlesim_project_cpp
[ 50%] [32mBuilding CXX object CMakeFiles/turtle_spawner.dir/src/turtle_spawner.cpp.o[0m
[ 50%] [32mBuilding CXX object CMakeFiles/turtle_controller.dir/src/turtle_controller.cpp.o[0m
[ 75%] [32m[1mLinking CXX executable turtle_spawner[0m
[ 75%] Built target turtle_spawner
[100%] [32m[1mLinking CXX executable turtle_controller[0m
[100%] Built target turtle_controller
-- Install configuration: ""
-- Installing: /home/rayann/ros2_ws/basics_tuto/install/turtlesim_project_cpp/lib/turtlesim_project_cpp/turtle_controller
-- Set runtime path of "/home/rayann/ros2_ws/basics_tuto/install/turtlesim_project_cpp/lib/turtlesim_project_cpp/turtle_controller" to ""
-- Installing: /home/rayann/ros2_ws/basics_tuto/install/turtlesim_project_cpp/lib/turtlesim_project_cpp/turtle_spawner
-- Set runtime path of "/home/rayann/ros2_ws/basics_tuto/install/turtlesim_project_cpp/lib/turtlesim_project_cpp/turtle_spawner" to ""
-- Installing: /home/rayann/ros2_ws/basics_tuto/install/turtlesim_project_cpp/share/ament_index/resource_index/package_run_dependencies/turtlesim_project_cpp
-- Installing: /home/rayann/ros2_ws/basics_tuto/install/turtlesim_project_cpp/share/ament_index/resource_index/parent_prefix_path/turtlesim_project_cpp
-- Installing: /home/rayann/ros2_ws/basics_tuto/install/turtlesim_project_cpp/share/turtlesim_project_cpp/environment/ament_prefix_path.sh
-- Installing: /home/rayann/ros2_ws/basics_tuto/install/turtlesim_project_cpp/share/turtlesim_project_cpp/environment/ament_prefix_path.dsv
-- Installing: /home/rayann/ros2_ws/basics_tuto/install/turtlesim_project_cpp/share/turtlesim_project_cpp/environment/path.sh
-- Installing: /home/rayann/ros2_ws/basics_tuto/install/turtlesim_project_cpp/share/turtlesim_project_cpp/environment/path.dsv
-- Installing: /home/rayann/ros2_ws/basics_tuto/install/turtlesim_project_cpp/share/turtlesim_project_cpp/local_setup.bash
-- Installing: /home/rayann/ros2_ws/basics_tuto/install/turtlesim_project_cpp/share/turtlesim_project_cpp/local_setup.sh
-- Installing: /home/rayann/ros2_ws/basics_tuto/install/turtlesim_project_cpp/share/turtlesim_project_cpp/local_setup.zsh
-- Installing: /home/rayann/ros2_ws/basics_tuto/install/turtlesim_project_cpp/share/turtlesim_project_cpp/local_setup.dsv
-- Installing: /home/rayann/ros2_ws/basics_tuto/install/turtlesim_project_cpp/share/turtlesim_project_cpp/package.dsv
-- Installing: /home/rayann/ros2_ws/basics_tuto/install/turtlesim_project_cpp/share/ament_index/resource_index/packages/turtlesim_project_cpp
-- Installing: /home/rayann/ros2_ws/basics_tuto/install/turtlesim_project_cpp/share/turtlesim_project_cpp/cmake/turtlesim_project_cppConfig.cmake
-- Installing: /home/rayann/ros2_ws/basics_tuto/install/turtlesim_project_cpp/share/turtlesim_project_cpp/cmake/turtlesim_project_cppConfig-version.cmake
-- Installing: /home/rayann/ros2_ws/basics_tuto/install/turtlesim_project_cpp/share/turtlesim_project_cpp/package.xml
