[0.333s] Invoking command in '/home/rayann/ros2_ws/basics_tuto/build/turtlesim_project_cpp': AMENT_PREFIX_PATH=/home/rayann/ros2_ws/basics_tuto/install/my_robot_interfaces:${AMENT_PREFIX_PATH} CMAKE_PREFIX_PATH=/home/rayann/ros2_ws/basics_tuto/install/my_robot_interfaces:/opt/ros/humble LD_LIBRARY_PATH=/home/rayann/ros2_ws/basics_tuto/install/my_robot_interfaces/lib:${LD_LIBRARY_PATH} PYTHONPATH=/home/rayann/ros2_ws/basics_tuto/install/my_robot_interfaces/local/lib/python3.10/dist-packages:${PYTHONPATH} /usr/bin/cmake /home/rayann/ros2_ws/basics_tuto/src/turtlesim_project_cpp -DCMAKE_INSTALL_PREFIX=/home/rayann/ros2_ws/basics_tuto/install/turtlesim_project_cpp
[0.374s] -- The C compiler identification is GNU 11.4.0
[0.416s] -- The CXX compiler identification is GNU 11.4.0
[0.421s] -- Detecting C compiler ABI info
[0.484s] -- Detecting C compiler ABI info - done
[0.487s] -- Check for working C compiler: /usr/bin/cc - skipped
[0.487s] -- Detecting C compile features
[0.488s] -- Detecting C compile features - done
[0.489s] -- Detecting CXX compiler ABI info
[0.558s] -- Detecting CXX compiler ABI info - done
[0.562s] -- Check for working CXX compiler: /usr/bin/c++ - skipped
[0.563s] -- Detecting CXX compile features
[0.563s] -- Detecting CXX compile features - done
[0.564s] -- Found ament_cmake: 1.3.6 (/opt/ros/humble/share/ament_cmake/cmake)
[0.679s] -- Found Python3: /usr/bin/python3.10 (found version "3.10.12") found components: Interpreter 
[0.735s] -- Found rclcpp: 16.0.7 (/opt/ros/humble/share/rclcpp/cmake)
[0.764s] -- Found rosidl_generator_c: 3.1.5 (/opt/ros/humble/share/rosidl_generator_c/cmake)
[0.767s] -- Found rosidl_adapter: 3.1.5 (/opt/ros/humble/share/rosidl_adapter/cmake)
[0.772s] -- Found rosidl_generator_cpp: 3.1.5 (/opt/ros/humble/share/rosidl_generator_cpp/cmake)
[0.780s] -- Using all available rosidl_typesupport_c: rosidl_typesupport_fastrtps_c;rosidl_typesupport_introspection_c
[0.791s] -- Using all available rosidl_typesupport_cpp: rosidl_typesupport_fastrtps_cpp;rosidl_typesupport_introspection_cpp
[0.831s] -- Found rmw_implementation_cmake: 6.1.1 (/opt/ros/humble/share/rmw_implementation_cmake/cmake)
[0.832s] -- Found rmw_cyclonedds_cpp: 1.3.4 (/opt/ros/humble/share/rmw_cyclonedds_cpp/cmake)
[0.851s] -- Using RMW implementation 'rmw_cyclonedds_cpp' as default
[0.857s] -- Looking for pthread.h
[0.920s] -- Looking for pthread.h - found
[0.920s] -- Performing Test CMAKE_HAVE_LIBC_PTHREAD
[0.984s] -- Performing Test CMAKE_HAVE_LIBC_PTHREAD - Success
[0.985s] -- Found Threads: TRUE  
[1.138s] -- Found my_robot_interfaces: 0.0.0 (/home/rayann/ros2_ws/basics_tuto/install/my_robot_interfaces/share/my_robot_interfaces/cmake)
[1.157s] -- Found turtlesim: 1.4.2 (/opt/ros/humble/share/turtlesim/cmake)
[1.303s] -- Found geometry_msgs: 4.2.3 (/opt/ros/humble/share/geometry_msgs/cmake)
[1.428s] -- Configuring done
[1.446s] -- Generating done
[1.448s] -- Build files have been written to: /home/rayann/ros2_ws/basics_tuto/build/turtlesim_project_cpp
[1.465s] Invoked command in '/home/rayann/ros2_ws/basics_tuto/build/turtlesim_project_cpp' returned '0': AMENT_PREFIX_PATH=/home/rayann/ros2_ws/basics_tuto/install/my_robot_interfaces:${AMENT_PREFIX_PATH} CMAKE_PREFIX_PATH=/home/rayann/ros2_ws/basics_tuto/install/my_robot_interfaces:/opt/ros/humble LD_LIBRARY_PATH=/home/rayann/ros2_ws/basics_tuto/install/my_robot_interfaces/lib:${LD_LIBRARY_PATH} PYTHONPATH=/home/rayann/ros2_ws/basics_tuto/install/my_robot_interfaces/local/lib/python3.10/dist-packages:${PYTHONPATH} /usr/bin/cmake /home/rayann/ros2_ws/basics_tuto/src/turtlesim_project_cpp -DCMAKE_INSTALL_PREFIX=/home/rayann/ros2_ws/basics_tuto/install/turtlesim_project_cpp
[1.467s] Invoking command in '/home/rayann/ros2_ws/basics_tuto/build/turtlesim_project_cpp': AMENT_PREFIX_PATH=/home/rayann/ros2_ws/basics_tuto/install/my_robot_interfaces:${AMENT_PREFIX_PATH} CMAKE_PREFIX_PATH=/home/rayann/ros2_ws/basics_tuto/install/my_robot_interfaces:/opt/ros/humble LD_LIBRARY_PATH=/home/rayann/ros2_ws/basics_tuto/install/my_robot_interfaces/lib:${LD_LIBRARY_PATH} PYTHONPATH=/home/rayann/ros2_ws/basics_tuto/install/my_robot_interfaces/local/lib/python3.10/dist-packages:${PYTHONPATH} /usr/bin/cmake --build /home/rayann/ros2_ws/basics_tuto/build/turtlesim_project_cpp -- -j16 -l16
[1.529s] [ 50%] [32mBuilding CXX object CMakeFiles/turtle_spawner.dir/src/turtle_spawner.cpp.o[0m
[1.529s] [ 50%] [32mBuilding CXX object CMakeFiles/turtle_controller.dir/src/turtle_controller.cpp.o[0m
[7.796s] [ 75%] [32m[1mLinking CXX executable turtle_spawner[0m
[7.997s] [ 75%] Built target turtle_spawner
[11.079s] [100%] [32m[1mLinking CXX executable turtle_controller[0m
[11.437s] [100%] Built target turtle_controller
[11.447s] Invoked command in '/home/rayann/ros2_ws/basics_tuto/build/turtlesim_project_cpp' returned '0': AMENT_PREFIX_PATH=/home/rayann/ros2_ws/basics_tuto/install/my_robot_interfaces:${AMENT_PREFIX_PATH} CMAKE_PREFIX_PATH=/home/rayann/ros2_ws/basics_tuto/install/my_robot_interfaces:/opt/ros/humble LD_LIBRARY_PATH=/home/rayann/ros2_ws/basics_tuto/install/my_robot_interfaces/lib:${LD_LIBRARY_PATH} PYTHONPATH=/home/rayann/ros2_ws/basics_tuto/install/my_robot_interfaces/local/lib/python3.10/dist-packages:${PYTHONPATH} /usr/bin/cmake --build /home/rayann/ros2_ws/basics_tuto/build/turtlesim_project_cpp -- -j16 -l16
[11.484s] Invoking command in '/home/rayann/ros2_ws/basics_tuto/build/turtlesim_project_cpp': AMENT_PREFIX_PATH=/home/rayann/ros2_ws/basics_tuto/install/my_robot_interfaces:${AMENT_PREFIX_PATH} CMAKE_PREFIX_PATH=/home/rayann/ros2_ws/basics_tuto/install/my_robot_interfaces:/opt/ros/humble LD_LIBRARY_PATH=/home/rayann/ros2_ws/basics_tuto/install/my_robot_interfaces/lib:${LD_LIBRARY_PATH} PYTHONPATH=/home/rayann/ros2_ws/basics_tuto/install/my_robot_interfaces/local/lib/python3.10/dist-packages:${PYTHONPATH} /usr/bin/cmake --install /home/rayann/ros2_ws/basics_tuto/build/turtlesim_project_cpp
[11.490s] -- Install configuration: ""
[11.490s] -- Installing: /home/rayann/ros2_ws/basics_tuto/install/turtlesim_project_cpp/lib/turtlesim_project_cpp/turtle_controller
[11.496s] -- Set runtime path of "/home/rayann/ros2_ws/basics_tuto/install/turtlesim_project_cpp/lib/turtlesim_project_cpp/turtle_controller" to ""
[11.496s] -- Installing: /home/rayann/ros2_ws/basics_tuto/install/turtlesim_project_cpp/lib/turtlesim_project_cpp/turtle_spawner
[11.498s] -- Set runtime path of "/home/rayann/ros2_ws/basics_tuto/install/turtlesim_project_cpp/lib/turtlesim_project_cpp/turtle_spawner" to ""
[11.498s] -- Installing: /home/rayann/ros2_ws/basics_tuto/install/turtlesim_project_cpp/share/ament_index/resource_index/package_run_dependencies/turtlesim_project_cpp
[11.499s] -- Installing: /home/rayann/ros2_ws/basics_tuto/install/turtlesim_project_cpp/share/ament_index/resource_index/parent_prefix_path/turtlesim_project_cpp
[11.499s] -- Installing: /home/rayann/ros2_ws/basics_tuto/install/turtlesim_project_cpp/share/turtlesim_project_cpp/environment/ament_prefix_path.sh
[11.499s] -- Installing: /home/rayann/ros2_ws/basics_tuto/install/turtlesim_project_cpp/share/turtlesim_project_cpp/environment/ament_prefix_path.dsv
[11.499s] -- Installing: /home/rayann/ros2_ws/basics_tuto/install/turtlesim_project_cpp/share/turtlesim_project_cpp/environment/path.sh
[11.499s] -- Installing: /home/rayann/ros2_ws/basics_tuto/install/turtlesim_project_cpp/share/turtlesim_project_cpp/environment/path.dsv
[11.499s] -- Installing: /home/rayann/ros2_ws/basics_tuto/install/turtlesim_project_cpp/share/turtlesim_project_cpp/local_setup.bash
[11.499s] -- Installing: /home/rayann/ros2_ws/basics_tuto/install/turtlesim_project_cpp/share/turtlesim_project_cpp/local_setup.sh
[11.499s] -- Installing: /home/rayann/ros2_ws/basics_tuto/install/turtlesim_project_cpp/share/turtlesim_project_cpp/local_setup.zsh
[11.499s] -- Installing: /home/rayann/ros2_ws/basics_tuto/install/turtlesim_project_cpp/share/turtlesim_project_cpp/local_setup.dsv
[11.499s] -- Installing: /home/rayann/ros2_ws/basics_tuto/install/turtlesim_project_cpp/share/turtlesim_project_cpp/package.dsv
[11.500s] -- Installing: /home/rayann/ros2_ws/basics_tuto/install/turtlesim_project_cpp/share/ament_index/resource_index/packages/turtlesim_project_cpp
[11.500s] -- Installing: /home/rayann/ros2_ws/basics_tuto/install/turtlesim_project_cpp/share/turtlesim_project_cpp/cmake/turtlesim_project_cppConfig.cmake
[11.500s] -- Installing: /home/rayann/ros2_ws/basics_tuto/install/turtlesim_project_cpp/share/turtlesim_project_cpp/cmake/turtlesim_project_cppConfig-version.cmake
[11.500s] -- Installing: /home/rayann/ros2_ws/basics_tuto/install/turtlesim_project_cpp/share/turtlesim_project_cpp/package.xml
[11.502s] Invoked command in '/home/rayann/ros2_ws/basics_tuto/build/turtlesim_project_cpp' returned '0': AMENT_PREFIX_PATH=/home/rayann/ros2_ws/basics_tuto/install/my_robot_interfaces:${AMENT_PREFIX_PATH} CMAKE_PREFIX_PATH=/home/rayann/ros2_ws/basics_tuto/install/my_robot_interfaces:/opt/ros/humble LD_LIBRARY_PATH=/home/rayann/ros2_ws/basics_tuto/install/my_robot_interfaces/lib:${LD_LIBRARY_PATH} PYTHONPATH=/home/rayann/ros2_ws/basics_tuto/install/my_robot_interfaces/local/lib/python3.10/dist-packages:${PYTHONPATH} /usr/bin/cmake --install /home/rayann/ros2_ws/basics_tuto/build/turtlesim_project_cpp
