[0.407s] DEBUG:colcon:Command line arguments: ['/usr/bin/colcon', 'build']
[0.407s] DEBUG:colcon:Parsed command line arguments: Namespace(log_base=None, log_level=None, verb_name='build', build_base='build', install_base='install', merge_install=False, symlink_install=False, test_result_base=None, continue_on_error=False, executor='parallel', parallel_workers=16, event_handlers=None, ignore_user_meta=False, metas=['./colcon.meta'], base_paths=['.'], packages_ignore=None, packages_ignore_regex=None, paths=None, packages_up_to=None, packages_up_to_regex=None, packages_above=None, packages_above_and_dependencies=None, packages_above_depth=None, packages_select_by_dep=None, packages_skip_by_dep=None, packages_skip_up_to=None, packages_select_build_failed=False, packages_skip_build_finished=False, packages_select_test_failures=False, packages_skip_test_passed=False, packages_select=None, packages_skip=None, packages_select_regex=None, packages_skip_regex=None, packages_start=None, packages_end=None, allow_overriding=[], cmake_args=None, cmake_target=None, cmake_target_skip_unavailable=False, cmake_clean_cache=False, cmake_clean_first=False, cmake_force_configure=False, ament_cmake_args=None, catkin_cmake_args=None, catkin_skip_building_tests=False, verb_parser=<colcon_defaults.argument_parser.defaults.DefaultArgumentsDecorator object at 0x7f3cc6432ec0>, verb_extension=<colcon_core.verb.build.BuildVerb object at 0x7f3cc75cf970>, main=<bound method BuildVerb.main of <colcon_core.verb.build.BuildVerb object at 0x7f3cc75cf970>>)
[0.428s] Level 1:colcon.colcon_core.package_discovery:discover_packages(colcon_meta) check parameters
[0.428s] Level 1:colcon.colcon_core.package_discovery:discover_packages(recursive) check parameters
[0.428s] Level 1:colcon.colcon_core.package_discovery:discover_packages(ignore) check parameters
[0.428s] Level 1:colcon.colcon_core.package_discovery:discover_packages(path) check parameters
[0.428s] Level 1:colcon.colcon_core.package_discovery:discover_packages(colcon_meta) discover
[0.428s] Level 1:colcon.colcon_core.package_discovery:discover_packages(recursive) discover
[0.428s] INFO:colcon.colcon_core.package_discovery:Crawling recursively for packages in '/home/rayann/xrc_rover'
[0.428s] Level 1:colcon.colcon_core.package_identification:_identify(.) by extensions ['ignore', 'ignore_ament_install']
[0.428s] Level 1:colcon.colcon_core.package_identification:_identify(.) by extension 'ignore'
[0.428s] Level 1:colcon.colcon_core.package_identification:_identify(.) by extension 'ignore_ament_install'
[0.428s] Level 1:colcon.colcon_core.package_identification:_identify(.) by extensions ['colcon_pkg']
[0.428s] Level 1:colcon.colcon_core.package_identification:_identify(.) by extension 'colcon_pkg'
[0.428s] Level 1:colcon.colcon_core.package_identification:_identify(.) by extensions ['colcon_meta']
[0.428s] Level 1:colcon.colcon_core.package_identification:_identify(.) by extension 'colcon_meta'
[0.428s] Level 1:colcon.colcon_core.package_identification:_identify(.) by extensions ['ros']
[0.428s] Level 1:colcon.colcon_core.package_identification:_identify(.) by extension 'ros'
[0.434s] Level 1:colcon.colcon_core.package_identification:_identify(.) by extensions ['cmake', 'python']
[0.434s] Level 1:colcon.colcon_core.package_identification:_identify(.) by extension 'cmake'
[0.434s] Level 1:colcon.colcon_core.package_identification:_identify(.) by extension 'python'
[0.434s] Level 1:colcon.colcon_core.package_identification:_identify(.) by extensions ['python_setup_py']
[0.434s] Level 1:colcon.colcon_core.package_identification:_identify(.) by extension 'python_setup_py'
[0.434s] Level 1:colcon.colcon_core.package_identification:_identify(build) by extensions ['ignore', 'ignore_ament_install']
[0.434s] Level 1:colcon.colcon_core.package_identification:_identify(build) by extension 'ignore'
[0.434s] Level 1:colcon.colcon_core.package_identification:_identify(build) ignored
[0.434s] Level 1:colcon.colcon_core.package_identification:_identify(install) by extensions ['ignore', 'ignore_ament_install']
[0.434s] Level 1:colcon.colcon_core.package_identification:_identify(install) by extension 'ignore'
[0.434s] Level 1:colcon.colcon_core.package_identification:_identify(install) ignored
[0.434s] Level 1:colcon.colcon_core.package_identification:_identify(log) by extensions ['ignore', 'ignore_ament_install']
[0.434s] Level 1:colcon.colcon_core.package_identification:_identify(log) by extension 'ignore'
[0.434s] Level 1:colcon.colcon_core.package_identification:_identify(log) ignored
[0.435s] Level 1:colcon.colcon_core.package_identification:_identify(src) by extensions ['ignore', 'ignore_ament_install']
[0.435s] Level 1:colcon.colcon_core.package_identification:_identify(src) by extension 'ignore'
[0.435s] Level 1:colcon.colcon_core.package_identification:_identify(src) by extension 'ignore_ament_install'
[0.435s] Level 1:colcon.colcon_core.package_identification:_identify(src) by extensions ['colcon_pkg']
[0.435s] Level 1:colcon.colcon_core.package_identification:_identify(src) by extension 'colcon_pkg'
[0.435s] Level 1:colcon.colcon_core.package_identification:_identify(src) by extensions ['colcon_meta']
[0.435s] Level 1:colcon.colcon_core.package_identification:_identify(src) by extension 'colcon_meta'
[0.435s] Level 1:colcon.colcon_core.package_identification:_identify(src) by extensions ['ros']
[0.435s] Level 1:colcon.colcon_core.package_identification:_identify(src) by extension 'ros'
[0.435s] Level 1:colcon.colcon_core.package_identification:_identify(src) by extensions ['cmake', 'python']
[0.435s] Level 1:colcon.colcon_core.package_identification:_identify(src) by extension 'cmake'
[0.435s] Level 1:colcon.colcon_core.package_identification:_identify(src) by extension 'python'
[0.435s] Level 1:colcon.colcon_core.package_identification:_identify(src) by extensions ['python_setup_py']
[0.435s] Level 1:colcon.colcon_core.package_identification:_identify(src) by extension 'python_setup_py'
[0.435s] Level 1:colcon.colcon_core.package_identification:_identify(src/xrc_rover_bringup) by extensions ['ignore', 'ignore_ament_install']
[0.435s] Level 1:colcon.colcon_core.package_identification:_identify(src/xrc_rover_bringup) by extension 'ignore'
[0.435s] Level 1:colcon.colcon_core.package_identification:_identify(src/xrc_rover_bringup) by extension 'ignore_ament_install'
[0.435s] Level 1:colcon.colcon_core.package_identification:_identify(src/xrc_rover_bringup) by extensions ['colcon_pkg']
[0.435s] Level 1:colcon.colcon_core.package_identification:_identify(src/xrc_rover_bringup) by extension 'colcon_pkg'
[0.435s] Level 1:colcon.colcon_core.package_identification:_identify(src/xrc_rover_bringup) by extensions ['colcon_meta']
[0.435s] Level 1:colcon.colcon_core.package_identification:_identify(src/xrc_rover_bringup) by extension 'colcon_meta'
[0.435s] Level 1:colcon.colcon_core.package_identification:_identify(src/xrc_rover_bringup) by extensions ['ros']
[0.435s] Level 1:colcon.colcon_core.package_identification:_identify(src/xrc_rover_bringup) by extension 'ros'
[0.436s] DEBUG:colcon.colcon_core.package_identification:Package 'src/xrc_rover_bringup' with type 'ros.ament_cmake' and name 'xrc_rover_bringup'
[0.436s] Level 1:colcon.colcon_core.package_identification:_identify(src/xrc_rover_description) by extensions ['ignore', 'ignore_ament_install']
[0.436s] Level 1:colcon.colcon_core.package_identification:_identify(src/xrc_rover_description) by extension 'ignore'
[0.436s] Level 1:colcon.colcon_core.package_identification:_identify(src/xrc_rover_description) by extension 'ignore_ament_install'
[0.436s] Level 1:colcon.colcon_core.package_identification:_identify(src/xrc_rover_description) by extensions ['colcon_pkg']
[0.436s] Level 1:colcon.colcon_core.package_identification:_identify(src/xrc_rover_description) by extension 'colcon_pkg'
[0.436s] Level 1:colcon.colcon_core.package_identification:_identify(src/xrc_rover_description) by extensions ['colcon_meta']
[0.436s] Level 1:colcon.colcon_core.package_identification:_identify(src/xrc_rover_description) by extension 'colcon_meta'
[0.436s] Level 1:colcon.colcon_core.package_identification:_identify(src/xrc_rover_description) by extensions ['ros']
[0.436s] Level 1:colcon.colcon_core.package_identification:_identify(src/xrc_rover_description) by extension 'ros'
[0.436s] DEBUG:colcon.colcon_core.package_identification:Package 'src/xrc_rover_description' with type 'ros.ament_cmake' and name 'xrc_rover_description'
[0.437s] Level 1:colcon.colcon_core.package_identification:_identify(src/xrc_rover_teleop) by extensions ['ignore', 'ignore_ament_install']
[0.437s] Level 1:colcon.colcon_core.package_identification:_identify(src/xrc_rover_teleop) by extension 'ignore'
[0.437s] Level 1:colcon.colcon_core.package_identification:_identify(src/xrc_rover_teleop) by extension 'ignore_ament_install'
[0.437s] Level 1:colcon.colcon_core.package_identification:_identify(src/xrc_rover_teleop) by extensions ['colcon_pkg']
[0.437s] Level 1:colcon.colcon_core.package_identification:_identify(src/xrc_rover_teleop) by extension 'colcon_pkg'
[0.437s] Level 1:colcon.colcon_core.package_identification:_identify(src/xrc_rover_teleop) by extensions ['colcon_meta']
[0.437s] Level 1:colcon.colcon_core.package_identification:_identify(src/xrc_rover_teleop) by extension 'colcon_meta'
[0.437s] Level 1:colcon.colcon_core.package_identification:_identify(src/xrc_rover_teleop) by extensions ['ros']
[0.437s] Level 1:colcon.colcon_core.package_identification:_identify(src/xrc_rover_teleop) by extension 'ros'
[0.437s] DEBUG:colcon.colcon_core.package_identification:Package 'src/xrc_rover_teleop' with type 'ros.ament_cmake' and name 'xrc_rover_teleop'
[0.437s] Level 1:colcon.colcon_core.package_discovery:discover_packages(recursive) using defaults
[0.437s] Level 1:colcon.colcon_core.package_discovery:discover_packages(ignore) discover
[0.437s] Level 1:colcon.colcon_core.package_discovery:discover_packages(ignore) using defaults
[0.437s] Level 1:colcon.colcon_core.package_discovery:discover_packages(path) discover
[0.437s] Level 1:colcon.colcon_core.package_discovery:discover_packages(path) using defaults
[0.476s] Level 1:colcon.colcon_core.package_discovery:discover_packages(prefix_path) check parameters
[0.476s] Level 1:colcon.colcon_core.package_discovery:discover_packages(prefix_path) discover
[0.489s] DEBUG:colcon.colcon_installed_package_information.package_discovery:Found 3 installed packages in /home/rayann/xrc_rover/install
[0.495s] DEBUG:colcon.colcon_installed_package_information.package_discovery:Found 323 installed packages in /opt/ros/humble
[0.496s] Level 1:colcon.colcon_core.package_discovery:discover_packages(prefix_path) using defaults
[0.548s] Level 5:colcon.colcon_core.verb:set package 'xrc_rover_bringup' build argument 'cmake_args' from command line to 'None'
[0.548s] Level 5:colcon.colcon_core.verb:set package 'xrc_rover_bringup' build argument 'cmake_target' from command line to 'None'
[0.548s] Level 5:colcon.colcon_core.verb:set package 'xrc_rover_bringup' build argument 'cmake_target_skip_unavailable' from command line to 'False'
[0.548s] Level 5:colcon.colcon_core.verb:set package 'xrc_rover_bringup' build argument 'cmake_clean_cache' from command line to 'False'
[0.548s] Level 5:colcon.colcon_core.verb:set package 'xrc_rover_bringup' build argument 'cmake_clean_first' from command line to 'False'
[0.548s] Level 5:colcon.colcon_core.verb:set package 'xrc_rover_bringup' build argument 'cmake_force_configure' from command line to 'False'
[0.548s] Level 5:colcon.colcon_core.verb:set package 'xrc_rover_bringup' build argument 'ament_cmake_args' from command line to 'None'
[0.548s] Level 5:colcon.colcon_core.verb:set package 'xrc_rover_bringup' build argument 'catkin_cmake_args' from command line to 'None'
[0.548s] Level 5:colcon.colcon_core.verb:set package 'xrc_rover_bringup' build argument 'catkin_skip_building_tests' from command line to 'False'
[0.548s] DEBUG:colcon.colcon_core.verb:Building package 'xrc_rover_bringup' with the following arguments: {'ament_cmake_args': None, 'build_base': '/home/rayann/xrc_rover/build/xrc_rover_bringup', 'catkin_cmake_args': None, 'catkin_skip_building_tests': False, 'cmake_args': None, 'cmake_clean_cache': False, 'cmake_clean_first': False, 'cmake_force_configure': False, 'cmake_target': None, 'cmake_target_skip_unavailable': False, 'install_base': '/home/rayann/xrc_rover/install/xrc_rover_bringup', 'merge_install': False, 'path': '/home/rayann/xrc_rover/src/xrc_rover_bringup', 'symlink_install': False, 'test_result_base': None}
[0.554s] Level 5:colcon.colcon_core.verb:set package 'xrc_rover_description' build argument 'cmake_args' from command line to 'None'
[0.554s] Level 5:colcon.colcon_core.verb:set package 'xrc_rover_description' build argument 'cmake_target' from command line to 'None'
[0.554s] Level 5:colcon.colcon_core.verb:set package 'xrc_rover_description' build argument 'cmake_target_skip_unavailable' from command line to 'False'
[0.554s] Level 5:colcon.colcon_core.verb:set package 'xrc_rover_description' build argument 'cmake_clean_cache' from command line to 'False'
[0.554s] Level 5:colcon.colcon_core.verb:set package 'xrc_rover_description' build argument 'cmake_clean_first' from command line to 'False'
[0.554s] Level 5:colcon.colcon_core.verb:set package 'xrc_rover_description' build argument 'cmake_force_configure' from command line to 'False'
[0.554s] Level 5:colcon.colcon_core.verb:set package 'xrc_rover_description' build argument 'ament_cmake_args' from command line to 'None'
[0.554s] Level 5:colcon.colcon_core.verb:set package 'xrc_rover_description' build argument 'catkin_cmake_args' from command line to 'None'
[0.554s] Level 5:colcon.colcon_core.verb:set package 'xrc_rover_description' build argument 'catkin_skip_building_tests' from command line to 'False'
[0.554s] DEBUG:colcon.colcon_core.verb:Building package 'xrc_rover_description' with the following arguments: {'ament_cmake_args': None, 'build_base': '/home/rayann/xrc_rover/build/xrc_rover_description', 'catkin_cmake_args': None, 'catkin_skip_building_tests': False, 'cmake_args': None, 'cmake_clean_cache': False, 'cmake_clean_first': False, 'cmake_force_configure': False, 'cmake_target': None, 'cmake_target_skip_unavailable': False, 'install_base': '/home/rayann/xrc_rover/install/xrc_rover_description', 'merge_install': False, 'path': '/home/rayann/xrc_rover/src/xrc_rover_description', 'symlink_install': False, 'test_result_base': None}
[0.560s] Level 5:colcon.colcon_core.verb:set package 'xrc_rover_teleop' build argument 'cmake_args' from command line to 'None'
[0.560s] Level 5:colcon.colcon_core.verb:set package 'xrc_rover_teleop' build argument 'cmake_target' from command line to 'None'
[0.560s] Level 5:colcon.colcon_core.verb:set package 'xrc_rover_teleop' build argument 'cmake_target_skip_unavailable' from command line to 'False'
[0.560s] Level 5:colcon.colcon_core.verb:set package 'xrc_rover_teleop' build argument 'cmake_clean_cache' from command line to 'False'
[0.560s] Level 5:colcon.colcon_core.verb:set package 'xrc_rover_teleop' build argument 'cmake_clean_first' from command line to 'False'
[0.560s] Level 5:colcon.colcon_core.verb:set package 'xrc_rover_teleop' build argument 'cmake_force_configure' from command line to 'False'
[0.560s] Level 5:colcon.colcon_core.verb:set package 'xrc_rover_teleop' build argument 'ament_cmake_args' from command line to 'None'
[0.560s] Level 5:colcon.colcon_core.verb:set package 'xrc_rover_teleop' build argument 'catkin_cmake_args' from command line to 'None'
[0.560s] Level 5:colcon.colcon_core.verb:set package 'xrc_rover_teleop' build argument 'catkin_skip_building_tests' from command line to 'False'
[0.560s] DEBUG:colcon.colcon_core.verb:Building package 'xrc_rover_teleop' with the following arguments: {'ament_cmake_args': None, 'build_base': '/home/rayann/xrc_rover/build/xrc_rover_teleop', 'catkin_cmake_args': None, 'catkin_skip_building_tests': False, 'cmake_args': None, 'cmake_clean_cache': False, 'cmake_clean_first': False, 'cmake_force_configure': False, 'cmake_target': None, 'cmake_target_skip_unavailable': False, 'install_base': '/home/rayann/xrc_rover/install/xrc_rover_teleop', 'merge_install': False, 'path': '/home/rayann/xrc_rover/src/xrc_rover_teleop', 'symlink_install': False, 'test_result_base': None}
[0.565s] INFO:colcon.colcon_core.executor:Executing jobs using 'parallel' executor
[0.575s] DEBUG:colcon.colcon_parallel_executor.executor.parallel:run_until_complete
[0.575s] INFO:colcon.colcon_ros.task.ament_cmake.build:Building ROS package in '/home/rayann/xrc_rover/src/xrc_rover_bringup' with build type 'ament_cmake'
[0.575s] INFO:colcon.colcon_cmake.task.cmake.build:Building CMake package in '/home/rayann/xrc_rover/src/xrc_rover_bringup'
[0.582s] INFO:colcon.colcon_core.plugin_system:Skipping extension 'colcon_core.shell.bat': Not used on non-Windows systems
[0.582s] INFO:colcon.colcon_core.shell:Skip shell extension 'powershell' for command environment: Not usable outside of PowerShell
[0.582s] DEBUG:colcon.colcon_core.shell:Skip shell extension 'dsv' for command environment
[0.602s] INFO:colcon.colcon_ros.task.ament_cmake.build:Building ROS package in '/home/rayann/xrc_rover/src/xrc_rover_description' with build type 'ament_cmake'
[0.602s] INFO:colcon.colcon_cmake.task.cmake.build:Building CMake package in '/home/rayann/xrc_rover/src/xrc_rover_description'
[0.608s] INFO:colcon.colcon_core.shell:Skip shell extension 'powershell' for command environment: Not usable outside of PowerShell
[0.608s] DEBUG:colcon.colcon_core.shell:Skip shell extension 'dsv' for command environment
[0.627s] INFO:colcon.colcon_ros.task.ament_cmake.build:Building ROS package in '/home/rayann/xrc_rover/src/xrc_rover_teleop' with build type 'ament_cmake'
[0.627s] INFO:colcon.colcon_cmake.task.cmake.build:Building CMake package in '/home/rayann/xrc_rover/src/xrc_rover_teleop'
[0.633s] INFO:colcon.colcon_core.shell:Skip shell extension 'powershell' for command environment: Not usable outside of PowerShell
[0.633s] DEBUG:colcon.colcon_core.shell:Skip shell extension 'dsv' for command environment
[0.657s] DEBUG:colcon.colcon_core.event_handler.log_command:Invoking command in '/home/rayann/xrc_rover/build/xrc_rover_bringup': CMAKE_PREFIX_PATH=${CMAKE_PREFIX_PATH}:/opt/ros/humble /usr/bin/cmake --build /home/rayann/xrc_rover/build/xrc_rover_bringup -- -j16 -l16
[0.659s] DEBUG:colcon.colcon_core.event_handler.log_command:Invoking command in '/home/rayann/xrc_rover/build/xrc_rover_description': CMAKE_PREFIX_PATH=${CMAKE_PREFIX_PATH}:/opt/ros/humble /usr/bin/cmake --build /home/rayann/xrc_rover/build/xrc_rover_description -- -j16 -l16
[0.661s] DEBUG:colcon.colcon_core.event_handler.log_command:Invoking command in '/home/rayann/xrc_rover/build/xrc_rover_teleop': CMAKE_PREFIX_PATH=${CMAKE_PREFIX_PATH}:/opt/ros/humble /usr/bin/cmake --build /home/rayann/xrc_rover/build/xrc_rover_teleop -- -j16 -l16
[0.685s] DEBUG:colcon.colcon_core.event_handler.log_command:Invoked command in '/home/rayann/xrc_rover/build/xrc_rover_description' returned '0': CMAKE_PREFIX_PATH=${CMAKE_PREFIX_PATH}:/opt/ros/humble /usr/bin/cmake --build /home/rayann/xrc_rover/build/xrc_rover_description -- -j16 -l16
[0.686s] DEBUG:colcon.colcon_core.event_handler.log_command:Invoked command in '/home/rayann/xrc_rover/build/xrc_rover_bringup' returned '0': CMAKE_PREFIX_PATH=${CMAKE_PREFIX_PATH}:/opt/ros/humble /usr/bin/cmake --build /home/rayann/xrc_rover/build/xrc_rover_bringup -- -j16 -l16
[0.713s] DEBUG:colcon.colcon_core.event_handler.log_command:Invoking command in '/home/rayann/xrc_rover/build/xrc_rover_bringup': CMAKE_PREFIX_PATH=${CMAKE_PREFIX_PATH}:/opt/ros/humble /usr/bin/cmake --install /home/rayann/xrc_rover/build/xrc_rover_bringup
[0.715s] DEBUG:colcon.colcon_core.event_handler.log_command:Invoking command in '/home/rayann/xrc_rover/build/xrc_rover_description': CMAKE_PREFIX_PATH=${CMAKE_PREFIX_PATH}:/opt/ros/humble /usr/bin/cmake --install /home/rayann/xrc_rover/build/xrc_rover_description
[0.716s] DEBUG:colcon.colcon_core.event_handler.log_command:Invoked command in '/home/rayann/xrc_rover/build/xrc_rover_teleop' returned '0': CMAKE_PREFIX_PATH=${CMAKE_PREFIX_PATH}:/opt/ros/humble /usr/bin/cmake --build /home/rayann/xrc_rover/build/xrc_rover_teleop -- -j16 -l16
[0.728s] Level 1:colcon.colcon_core.environment:create_environment_scripts_only(xrc_rover_bringup)
[0.729s] DEBUG:colcon.colcon_core.event_handler.log_command:Invoked command in '/home/rayann/xrc_rover/build/xrc_rover_bringup' returned '0': CMAKE_PREFIX_PATH=${CMAKE_PREFIX_PATH}:/opt/ros/humble /usr/bin/cmake --install /home/rayann/xrc_rover/build/xrc_rover_bringup
[0.737s] Level 1:colcon.colcon_core.environment:checking '/home/rayann/xrc_rover/install/xrc_rover_bringup' for CMake module files
[0.737s] Level 1:colcon.colcon_core.environment:checking '/home/rayann/xrc_rover/install/xrc_rover_bringup' for CMake config files
[0.737s] Level 1:colcon.colcon_core.shell:create_environment_hook('xrc_rover_bringup', 'cmake_prefix_path')
[0.743s] INFO:colcon.colcon_core.shell:Creating environment hook '/home/rayann/xrc_rover/install/xrc_rover_bringup/share/xrc_rover_bringup/hook/cmake_prefix_path.ps1'
[0.744s] INFO:colcon.colcon_core.shell:Creating environment descriptor '/home/rayann/xrc_rover/install/xrc_rover_bringup/share/xrc_rover_bringup/hook/cmake_prefix_path.dsv'
[0.744s] INFO:colcon.colcon_core.shell:Creating environment hook '/home/rayann/xrc_rover/install/xrc_rover_bringup/share/xrc_rover_bringup/hook/cmake_prefix_path.sh'
[0.744s] Level 1:colcon.colcon_core.environment:checking '/home/rayann/xrc_rover/install/xrc_rover_bringup/bin'
[0.744s] Level 1:colcon.colcon_core.environment:checking '/home/rayann/xrc_rover/install/xrc_rover_bringup/lib/pkgconfig/xrc_rover_bringup.pc'
[0.744s] Level 1:colcon.colcon_core.environment:checking '/home/rayann/xrc_rover/install/xrc_rover_bringup/lib/python3.10/site-packages'
[0.745s] Level 1:colcon.colcon_core.environment:checking '/home/rayann/xrc_rover/install/xrc_rover_bringup/bin'
[0.750s] INFO:colcon.colcon_core.shell:Creating package script '/home/rayann/xrc_rover/install/xrc_rover_bringup/share/xrc_rover_bringup/package.ps1'
[0.751s] INFO:colcon.colcon_core.shell:Creating package descriptor '/home/rayann/xrc_rover/install/xrc_rover_bringup/share/xrc_rover_bringup/package.dsv'
[0.751s] INFO:colcon.colcon_core.shell:Creating package script '/home/rayann/xrc_rover/install/xrc_rover_bringup/share/xrc_rover_bringup/package.sh'
[0.751s] INFO:colcon.colcon_core.shell:Creating package script '/home/rayann/xrc_rover/install/xrc_rover_bringup/share/xrc_rover_bringup/package.bash'
[0.752s] INFO:colcon.colcon_core.shell:Creating package script '/home/rayann/xrc_rover/install/xrc_rover_bringup/share/xrc_rover_bringup/package.zsh'
[0.752s] Level 1:colcon.colcon_core.environment:create_file_with_runtime_dependencies(/home/rayann/xrc_rover/install/xrc_rover_bringup/share/colcon-core/packages/xrc_rover_bringup)
[0.755s] Level 1:colcon.colcon_core.environment:create_environment_scripts_only(xrc_rover_description)
[0.755s] DEBUG:colcon.colcon_core.event_handler.log_command:Invoking command in '/home/rayann/xrc_rover/build/xrc_rover_teleop': CMAKE_PREFIX_PATH=${CMAKE_PREFIX_PATH}:/opt/ros/humble /usr/bin/cmake --install /home/rayann/xrc_rover/build/xrc_rover_teleop
[0.756s] DEBUG:colcon.colcon_core.event_handler.log_command:Invoked command in '/home/rayann/xrc_rover/build/xrc_rover_description' returned '0': CMAKE_PREFIX_PATH=${CMAKE_PREFIX_PATH}:/opt/ros/humble /usr/bin/cmake --install /home/rayann/xrc_rover/build/xrc_rover_description
[0.763s] Level 1:colcon.colcon_core.environment:checking '/home/rayann/xrc_rover/install/xrc_rover_description' for CMake module files
[0.764s] Level 1:colcon.colcon_core.environment:checking '/home/rayann/xrc_rover/install/xrc_rover_description' for CMake config files
[0.764s] Level 1:colcon.colcon_core.shell:create_environment_hook('xrc_rover_description', 'cmake_prefix_path')
[0.771s] INFO:colcon.colcon_core.shell:Creating environment hook '/home/rayann/xrc_rover/install/xrc_rover_description/share/xrc_rover_description/hook/cmake_prefix_path.ps1'
[0.771s] INFO:colcon.colcon_core.shell:Creating environment descriptor '/home/rayann/xrc_rover/install/xrc_rover_description/share/xrc_rover_description/hook/cmake_prefix_path.dsv'
[0.771s] INFO:colcon.colcon_core.shell:Creating environment hook '/home/rayann/xrc_rover/install/xrc_rover_description/share/xrc_rover_description/hook/cmake_prefix_path.sh'
[0.771s] Level 1:colcon.colcon_core.environment:checking '/home/rayann/xrc_rover/install/xrc_rover_description/bin'
[0.771s] Level 1:colcon.colcon_core.environment:checking '/home/rayann/xrc_rover/install/xrc_rover_description/lib/pkgconfig/xrc_rover_description.pc'
[0.772s] Level 1:colcon.colcon_core.environment:checking '/home/rayann/xrc_rover/install/xrc_rover_description/lib/python3.10/site-packages'
[0.772s] Level 1:colcon.colcon_core.environment:checking '/home/rayann/xrc_rover/install/xrc_rover_description/bin'
[0.778s] INFO:colcon.colcon_core.shell:Creating package script '/home/rayann/xrc_rover/install/xrc_rover_description/share/xrc_rover_description/package.ps1'
[0.778s] INFO:colcon.colcon_core.shell:Creating package descriptor '/home/rayann/xrc_rover/install/xrc_rover_description/share/xrc_rover_description/package.dsv'
[0.778s] INFO:colcon.colcon_core.shell:Creating package script '/home/rayann/xrc_rover/install/xrc_rover_description/share/xrc_rover_description/package.sh'
[0.778s] INFO:colcon.colcon_core.shell:Creating package script '/home/rayann/xrc_rover/install/xrc_rover_description/share/xrc_rover_description/package.bash'
[0.779s] INFO:colcon.colcon_core.shell:Creating package script '/home/rayann/xrc_rover/install/xrc_rover_description/share/xrc_rover_description/package.zsh'
[0.779s] Level 1:colcon.colcon_core.environment:create_file_with_runtime_dependencies(/home/rayann/xrc_rover/install/xrc_rover_description/share/colcon-core/packages/xrc_rover_description)
[0.786s] Level 1:colcon.colcon_core.environment:create_environment_scripts_only(xrc_rover_bringup)
[0.792s] Level 1:colcon.colcon_core.environment:checking '/home/rayann/xrc_rover/install/xrc_rover_bringup' for CMake module files
[0.792s] Level 1:colcon.colcon_core.environment:checking '/home/rayann/xrc_rover/install/xrc_rover_bringup' for CMake config files
[0.792s] Level 1:colcon.colcon_core.shell:create_environment_hook('xrc_rover_bringup', 'cmake_prefix_path')
[0.798s] INFO:colcon.colcon_core.shell:Creating environment hook '/home/rayann/xrc_rover/install/xrc_rover_bringup/share/xrc_rover_bringup/hook/cmake_prefix_path.ps1'
[0.798s] INFO:colcon.colcon_core.shell:Creating environment descriptor '/home/rayann/xrc_rover/install/xrc_rover_bringup/share/xrc_rover_bringup/hook/cmake_prefix_path.dsv'
[0.798s] INFO:colcon.colcon_core.shell:Creating environment hook '/home/rayann/xrc_rover/install/xrc_rover_bringup/share/xrc_rover_bringup/hook/cmake_prefix_path.sh'
[0.799s] Level 1:colcon.colcon_core.environment:checking '/home/rayann/xrc_rover/install/xrc_rover_bringup/bin'
[0.799s] Level 1:colcon.colcon_core.environment:checking '/home/rayann/xrc_rover/install/xrc_rover_bringup/lib/pkgconfig/xrc_rover_bringup.pc'
[0.799s] Level 1:colcon.colcon_core.environment:checking '/home/rayann/xrc_rover/install/xrc_rover_bringup/lib/python3.10/site-packages'
[0.799s] Level 1:colcon.colcon_core.environment:checking '/home/rayann/xrc_rover/install/xrc_rover_bringup/bin'
[0.808s] INFO:colcon.colcon_core.shell:Creating package script '/home/rayann/xrc_rover/install/xrc_rover_bringup/share/xrc_rover_bringup/package.ps1'
[0.808s] INFO:colcon.colcon_core.shell:Creating package descriptor '/home/rayann/xrc_rover/install/xrc_rover_bringup/share/xrc_rover_bringup/package.dsv'
[0.809s] INFO:colcon.colcon_core.shell:Creating package script '/home/rayann/xrc_rover/install/xrc_rover_bringup/share/xrc_rover_bringup/package.sh'
[0.809s] INFO:colcon.colcon_core.shell:Creating package script '/home/rayann/xrc_rover/install/xrc_rover_bringup/share/xrc_rover_bringup/package.bash'
[0.809s] INFO:colcon.colcon_core.shell:Creating package script '/home/rayann/xrc_rover/install/xrc_rover_bringup/share/xrc_rover_bringup/package.zsh'
[0.809s] Level 1:colcon.colcon_core.environment:create_file_with_runtime_dependencies(/home/rayann/xrc_rover/install/xrc_rover_bringup/share/colcon-core/packages/xrc_rover_bringup)
[0.810s] Level 1:colcon.colcon_core.environment:create_environment_scripts_only(xrc_rover_teleop)
[0.810s] DEBUG:colcon.colcon_core.event_handler.log_command:Invoked command in '/home/rayann/xrc_rover/build/xrc_rover_teleop' returned '0': CMAKE_PREFIX_PATH=${CMAKE_PREFIX_PATH}:/opt/ros/humble /usr/bin/cmake --install /home/rayann/xrc_rover/build/xrc_rover_teleop
[0.816s] Level 1:colcon.colcon_core.environment:checking '/home/rayann/xrc_rover/install/xrc_rover_teleop' for CMake module files
[0.816s] Level 1:colcon.colcon_core.environment:checking '/home/rayann/xrc_rover/install/xrc_rover_teleop' for CMake config files
[0.816s] Level 1:colcon.colcon_core.shell:create_environment_hook('xrc_rover_teleop', 'cmake_prefix_path')
[0.822s] INFO:colcon.colcon_core.shell:Creating environment hook '/home/rayann/xrc_rover/install/xrc_rover_teleop/share/xrc_rover_teleop/hook/cmake_prefix_path.ps1'
[0.822s] INFO:colcon.colcon_core.shell:Creating environment descriptor '/home/rayann/xrc_rover/install/xrc_rover_teleop/share/xrc_rover_teleop/hook/cmake_prefix_path.dsv'
[0.822s] INFO:colcon.colcon_core.shell:Creating environment hook '/home/rayann/xrc_rover/install/xrc_rover_teleop/share/xrc_rover_teleop/hook/cmake_prefix_path.sh'
[0.823s] Level 1:colcon.colcon_core.environment:checking '/home/rayann/xrc_rover/install/xrc_rover_teleop/lib'
[0.823s] Level 1:colcon.colcon_core.environment:checking '/home/rayann/xrc_rover/install/xrc_rover_teleop/bin'
[0.823s] Level 1:colcon.colcon_core.environment:checking '/home/rayann/xrc_rover/install/xrc_rover_teleop/lib/pkgconfig/xrc_rover_teleop.pc'
[0.823s] Level 1:colcon.colcon_core.environment:checking '/home/rayann/xrc_rover/install/xrc_rover_teleop/lib/python3.10/site-packages'
[0.823s] Level 1:colcon.colcon_core.environment:checking '/home/rayann/xrc_rover/install/xrc_rover_teleop/bin'
[0.829s] INFO:colcon.colcon_core.shell:Creating package script '/home/rayann/xrc_rover/install/xrc_rover_teleop/share/xrc_rover_teleop/package.ps1'
[0.829s] INFO:colcon.colcon_core.shell:Creating package descriptor '/home/rayann/xrc_rover/install/xrc_rover_teleop/share/xrc_rover_teleop/package.dsv'
[0.829s] INFO:colcon.colcon_core.shell:Creating package script '/home/rayann/xrc_rover/install/xrc_rover_teleop/share/xrc_rover_teleop/package.sh'
[0.829s] INFO:colcon.colcon_core.shell:Creating package script '/home/rayann/xrc_rover/install/xrc_rover_teleop/share/xrc_rover_teleop/package.bash'
[0.829s] INFO:colcon.colcon_core.shell:Creating package script '/home/rayann/xrc_rover/install/xrc_rover_teleop/share/xrc_rover_teleop/package.zsh'
[0.830s] Level 1:colcon.colcon_core.environment:create_file_with_runtime_dependencies(/home/rayann/xrc_rover/install/xrc_rover_teleop/share/colcon-core/packages/xrc_rover_teleop)
[0.836s] Level 1:colcon.colcon_core.environment:create_environment_scripts_only(xrc_rover_description)
[0.842s] Level 1:colcon.colcon_core.environment:checking '/home/rayann/xrc_rover/install/xrc_rover_description' for CMake module files
[0.843s] Level 1:colcon.colcon_core.environment:checking '/home/rayann/xrc_rover/install/xrc_rover_description' for CMake config files
[0.843s] Level 1:colcon.colcon_core.shell:create_environment_hook('xrc_rover_description', 'cmake_prefix_path')
[0.849s] INFO:colcon.colcon_core.shell:Creating environment hook '/home/rayann/xrc_rover/install/xrc_rover_description/share/xrc_rover_description/hook/cmake_prefix_path.ps1'
[0.849s] INFO:colcon.colcon_core.shell:Creating environment descriptor '/home/rayann/xrc_rover/install/xrc_rover_description/share/xrc_rover_description/hook/cmake_prefix_path.dsv'
[0.849s] INFO:colcon.colcon_core.shell:Creating environment hook '/home/rayann/xrc_rover/install/xrc_rover_description/share/xrc_rover_description/hook/cmake_prefix_path.sh'
[0.849s] Level 1:colcon.colcon_core.environment:checking '/home/rayann/xrc_rover/install/xrc_rover_description/bin'
[0.849s] Level 1:colcon.colcon_core.environment:checking '/home/rayann/xrc_rover/install/xrc_rover_description/lib/pkgconfig/xrc_rover_description.pc'
[0.850s] Level 1:colcon.colcon_core.environment:checking '/home/rayann/xrc_rover/install/xrc_rover_description/lib/python3.10/site-packages'
[0.850s] Level 1:colcon.colcon_core.environment:checking '/home/rayann/xrc_rover/install/xrc_rover_description/bin'
[0.856s] INFO:colcon.colcon_core.shell:Creating package script '/home/rayann/xrc_rover/install/xrc_rover_description/share/xrc_rover_description/package.ps1'
[0.856s] INFO:colcon.colcon_core.shell:Creating package descriptor '/home/rayann/xrc_rover/install/xrc_rover_description/share/xrc_rover_description/package.dsv'
[0.856s] INFO:colcon.colcon_core.shell:Creating package script '/home/rayann/xrc_rover/install/xrc_rover_description/share/xrc_rover_description/package.sh'
[0.856s] INFO:colcon.colcon_core.shell:Creating package script '/home/rayann/xrc_rover/install/xrc_rover_description/share/xrc_rover_description/package.bash'
[0.856s] INFO:colcon.colcon_core.shell:Creating package script '/home/rayann/xrc_rover/install/xrc_rover_description/share/xrc_rover_description/package.zsh'
[0.857s] Level 1:colcon.colcon_core.environment:create_file_with_runtime_dependencies(/home/rayann/xrc_rover/install/xrc_rover_description/share/colcon-core/packages/xrc_rover_description)
[0.867s] Level 1:colcon.colcon_core.environment:create_environment_scripts_only(xrc_rover_teleop)
[0.873s] Level 1:colcon.colcon_core.environment:checking '/home/rayann/xrc_rover/install/xrc_rover_teleop' for CMake module files
[0.873s] Level 1:colcon.colcon_core.environment:checking '/home/rayann/xrc_rover/install/xrc_rover_teleop' for CMake config files
[0.874s] Level 1:colcon.colcon_core.shell:create_environment_hook('xrc_rover_teleop', 'cmake_prefix_path')
[0.880s] INFO:colcon.colcon_core.shell:Creating environment hook '/home/rayann/xrc_rover/install/xrc_rover_teleop/share/xrc_rover_teleop/hook/cmake_prefix_path.ps1'
[0.880s] INFO:colcon.colcon_core.shell:Creating environment descriptor '/home/rayann/xrc_rover/install/xrc_rover_teleop/share/xrc_rover_teleop/hook/cmake_prefix_path.dsv'
[0.880s] INFO:colcon.colcon_core.shell:Creating environment hook '/home/rayann/xrc_rover/install/xrc_rover_teleop/share/xrc_rover_teleop/hook/cmake_prefix_path.sh'
[0.880s] Level 1:colcon.colcon_core.environment:checking '/home/rayann/xrc_rover/install/xrc_rover_teleop/lib'
[0.880s] Level 1:colcon.colcon_core.environment:checking '/home/rayann/xrc_rover/install/xrc_rover_teleop/bin'
[0.880s] Level 1:colcon.colcon_core.environment:checking '/home/rayann/xrc_rover/install/xrc_rover_teleop/lib/pkgconfig/xrc_rover_teleop.pc'
[0.880s] Level 1:colcon.colcon_core.environment:checking '/home/rayann/xrc_rover/install/xrc_rover_teleop/lib/python3.10/site-packages'
[0.881s] Level 1:colcon.colcon_core.environment:checking '/home/rayann/xrc_rover/install/xrc_rover_teleop/bin'
[0.886s] INFO:colcon.colcon_core.shell:Creating package script '/home/rayann/xrc_rover/install/xrc_rover_teleop/share/xrc_rover_teleop/package.ps1'
[0.887s] INFO:colcon.colcon_core.shell:Creating package descriptor '/home/rayann/xrc_rover/install/xrc_rover_teleop/share/xrc_rover_teleop/package.dsv'
[0.887s] INFO:colcon.colcon_core.shell:Creating package script '/home/rayann/xrc_rover/install/xrc_rover_teleop/share/xrc_rover_teleop/package.sh'
[0.887s] INFO:colcon.colcon_core.shell:Creating package script '/home/rayann/xrc_rover/install/xrc_rover_teleop/share/xrc_rover_teleop/package.bash'
[0.887s] INFO:colcon.colcon_core.shell:Creating package script '/home/rayann/xrc_rover/install/xrc_rover_teleop/share/xrc_rover_teleop/package.zsh'
[0.887s] Level 1:colcon.colcon_core.environment:create_file_with_runtime_dependencies(/home/rayann/xrc_rover/install/xrc_rover_teleop/share/colcon-core/packages/xrc_rover_teleop)
[0.888s] DEBUG:colcon.colcon_parallel_executor.executor.parallel:closing loop
[0.888s] DEBUG:colcon.colcon_parallel_executor.executor.parallel:loop closed
[0.888s] DEBUG:colcon.colcon_parallel_executor.executor.parallel:run_until_complete finished with '0'
[0.888s] DEBUG:colcon.colcon_core.event_reactor:joining thread
[0.897s] INFO:colcon.colcon_core.plugin_system:Skipping extension 'colcon_notification.desktop_notification.terminal_notifier': Not used on non-Darwin systems
[0.897s] INFO:colcon.colcon_core.plugin_system:Skipping extension 'colcon_notification.desktop_notification.win32': Not used on non-Windows systems
[0.897s] INFO:colcon.colcon_notification.desktop_notification:Sending desktop notification using 'notify2'
[0.906s] DEBUG:colcon.colcon_core.event_reactor:joined thread
[0.913s] INFO:colcon.colcon_core.shell:Creating prefix script '/home/rayann/xrc_rover/install/local_setup.ps1'
[0.914s] INFO:colcon.colcon_core.shell:Creating prefix util module '/home/rayann/xrc_rover/install/_local_setup_util_ps1.py'
[0.914s] INFO:colcon.colcon_core.shell:Creating prefix chain script '/home/rayann/xrc_rover/install/setup.ps1'
[0.920s] INFO:colcon.colcon_core.shell:Creating prefix script '/home/rayann/xrc_rover/install/local_setup.sh'
[0.921s] INFO:colcon.colcon_core.shell:Creating prefix util module '/home/rayann/xrc_rover/install/_local_setup_util_sh.py'
[0.921s] INFO:colcon.colcon_core.shell:Creating prefix chain script '/home/rayann/xrc_rover/install/setup.sh'
[0.928s] INFO:colcon.colcon_core.shell:Creating prefix script '/home/rayann/xrc_rover/install/local_setup.bash'
[0.928s] INFO:colcon.colcon_core.shell:Creating prefix chain script '/home/rayann/xrc_rover/install/setup.bash'
[0.934s] INFO:colcon.colcon_core.shell:Creating prefix script '/home/rayann/xrc_rover/install/local_setup.zsh'
[0.934s] INFO:colcon.colcon_core.shell:Creating prefix chain script '/home/rayann/xrc_rover/install/setup.zsh'
