-- Install configuration: ""
-- Execute custom install script
-- Up-to-date symlink: /home/rayann/xrc_rover/install/xrc_rover_description/share/xrc_rover_description//urdf/camera.xacro
-- Up-to-date symlink: /home/rayann/xrc_rover/install/xrc_rover_description/share/xrc_rover_description//urdf/common_properties.xacro
-- Up-to-date symlink: /home/rayann/xrc_rover/install/xrc_rover_description/share/xrc_rover_description//urdf/gazebo_control.xacro
-- Up-to-date symlink: /home/rayann/xrc_rover/install/xrc_rover_description/share/xrc_rover_description//urdf/lidar.xacro
-- Up-to-date symlink: /home/rayann/xrc_rover/install/xrc_rover_description/share/xrc_rover_description//urdf/mobile_base.xacro
-- Up-to-date symlink: /home/rayann/xrc_rover/install/xrc_rover_description/share/xrc_rover_description//urdf/test.xacro
-- Up-to-date symlink: /home/rayann/xrc_rover/install/xrc_rover_description/share/xrc_rover_description//urdf/xrc_rover.urdf.xacro
-- Up-to-date symlink: /home/rayann/xrc_rover/install/xrc_rover_description/share/xrc_rover_description//rviz/xrc_rover_config.rviz
-- Up-to-date symlink: /home/rayann/xrc_rover/install/xrc_rover_description/share/xrc_rover_description//worlds/test_world.world
-- Up-to-date symlink: /home/rayann/xrc_rover/install/xrc_rover_description/share/ament_index/resource_index/package_run_dependencies/xrc_rover_description
-- Up-to-date symlink: /home/rayann/xrc_rover/install/xrc_rover_description/share/ament_index/resource_index/parent_prefix_path/xrc_rover_description
-- Up-to-date symlink: /home/rayann/xrc_rover/install/xrc_rover_description/share/xrc_rover_description/environment/ament_prefix_path.sh
-- Up-to-date symlink: /home/rayann/xrc_rover/install/xrc_rover_description/share/xrc_rover_description/environment/ament_prefix_path.dsv
-- Up-to-date symlink: /home/rayann/xrc_rover/install/xrc_rover_description/share/xrc_rover_description/environment/path.sh
-- Up-to-date symlink: /home/rayann/xrc_rover/install/xrc_rover_description/share/xrc_rover_description/environment/path.dsv
-- Up-to-date symlink: /home/rayann/xrc_rover/install/xrc_rover_description/share/xrc_rover_description/local_setup.bash
-- Up-to-date symlink: /home/rayann/xrc_rover/install/xrc_rover_description/share/xrc_rover_description/local_setup.sh
-- Up-to-date symlink: /home/rayann/xrc_rover/install/xrc_rover_description/share/xrc_rover_description/local_setup.zsh
-- Up-to-date symlink: /home/rayann/xrc_rover/install/xrc_rover_description/share/xrc_rover_description/local_setup.dsv
-- Symlinking: /home/rayann/xrc_rover/install/xrc_rover_description/share/xrc_rover_description/package.dsv
-- Up-to-date symlink: /home/rayann/xrc_rover/install/xrc_rover_description/share/ament_index/resource_index/packages/xrc_rover_description
-- Up-to-date symlink: /home/rayann/xrc_rover/install/xrc_rover_description/share/xrc_rover_description/cmake/xrc_rover_descriptionConfig.cmake
-- Up-to-date symlink: /home/rayann/xrc_rover/install/xrc_rover_description/share/xrc_rover_description/cmake/xrc_rover_descriptionConfig-version.cmake
-- Up-to-date symlink: /home/rayann/xrc_rover/install/xrc_rover_description/share/xrc_rover_description/package.xml
