[0.033s] Invoking command in '/home/rayann/xrc_rover/build/xrc_rover_teleop': CMAKE_PREFIX_PATH=${CMAKE_PREFIX_PATH}:/opt/ros/humble /usr/bin/cmake /home/rayann/xrc_rover/src/xrc_rover_teleop -DAMENT_CMAKE_SYMLINK_INSTALL=1 -DCMAKE_INSTALL_PREFIX=/home/rayann/xrc_rover/install/xrc_rover_teleop
[0.040s] -- Found ament_cmake: 1.3.6 (/opt/ros/humble/share/ament_cmake/cmake)
[0.128s] -- Override CMake install command with custom implementation using symlinks instead of copying resources
[0.136s] -- Found rclcpp: 16.0.7 (/opt/ros/humble/share/rclcpp/cmake)
[0.158s] -- Found rosidl_generator_c: 3.1.5 (/opt/ros/humble/share/rosidl_generator_c/cmake)
[0.160s] -- Found rosidl_adapter: 3.1.5 (/opt/ros/humble/share/rosidl_adapter/cmake)
[0.164s] -- Found rosidl_generator_cpp: 3.1.5 (/opt/ros/humble/share/rosidl_generator_cpp/cmake)
[0.172s] -- Using all available rosidl_typesupport_c: rosidl_typesupport_fastrtps_c;rosidl_typesupport_introspection_c
[0.188s] -- Using all available rosidl_typesupport_cpp: rosidl_typesupport_fastrtps_cpp;rosidl_typesupport_introspection_cpp
[0.224s] -- Found rmw_implementation_cmake: 6.1.1 (/opt/ros/humble/share/rmw_implementation_cmake/cmake)
[0.225s] -- Found rmw_cyclonedds_cpp: 1.3.4 (/opt/ros/humble/share/rmw_cyclonedds_cpp/cmake)
[0.245s] -- Using RMW implementation 'rmw_cyclonedds_cpp' as default
[0.340s] -- Found geometry_msgs: 4.2.3 (/opt/ros/humble/share/geometry_msgs/cmake)
[0.413s] -- Configuring done
[0.421s] -- Generating done
[0.422s] -- Build files have been written to: /home/rayann/xrc_rover/build/xrc_rover_teleop
[0.428s] Invoked command in '/home/rayann/xrc_rover/build/xrc_rover_teleop' returned '0': CMAKE_PREFIX_PATH=${CMAKE_PREFIX_PATH}:/opt/ros/humble /usr/bin/cmake /home/rayann/xrc_rover/src/xrc_rover_teleop -DAMENT_CMAKE_SYMLINK_INSTALL=1 -DCMAKE_INSTALL_PREFIX=/home/rayann/xrc_rover/install/xrc_rover_teleop
[0.429s] Invoking command in '/home/rayann/xrc_rover/build/xrc_rover_teleop': CMAKE_PREFIX_PATH=${CMAKE_PREFIX_PATH}:/opt/ros/humble /usr/bin/cmake --build /home/rayann/xrc_rover/build/xrc_rover_teleop -- -j16 -l16
[0.465s] [35m[1mConsolidate compiler generated dependencies of target keyboard_teleop_node[0m
[0.486s] [100%] Built target keyboard_teleop_node
[0.495s] Invoked command in '/home/rayann/xrc_rover/build/xrc_rover_teleop' returned '0': CMAKE_PREFIX_PATH=${CMAKE_PREFIX_PATH}:/opt/ros/humble /usr/bin/cmake --build /home/rayann/xrc_rover/build/xrc_rover_teleop -- -j16 -l16
[0.529s] Invoking command in '/home/rayann/xrc_rover/build/xrc_rover_teleop': CMAKE_PREFIX_PATH=${CMAKE_PREFIX_PATH}:/opt/ros/humble /usr/bin/cmake --install /home/rayann/xrc_rover/build/xrc_rover_teleop
[0.534s] -- Install configuration: ""
[0.534s] -- Execute custom install script
[0.534s] -- Up-to-date symlink: /home/rayann/xrc_rover/install/xrc_rover_teleop/lib/xrc_rover_teleop/keyboard_teleop_node
[0.535s] -- Up-to-date symlink: /home/rayann/xrc_rover/install/xrc_rover_teleop/share/ament_index/resource_index/package_run_dependencies/xrc_rover_teleop
[0.535s] -- Up-to-date symlink: /home/rayann/xrc_rover/install/xrc_rover_teleop/share/ament_index/resource_index/parent_prefix_path/xrc_rover_teleop
[0.536s] -- Up-to-date symlink: /home/rayann/xrc_rover/install/xrc_rover_teleop/share/xrc_rover_teleop/environment/ament_prefix_path.sh
[0.536s] -- Up-to-date symlink: /home/rayann/xrc_rover/install/xrc_rover_teleop/share/xrc_rover_teleop/environment/ament_prefix_path.dsv
[0.536s] -- Up-to-date symlink: /home/rayann/xrc_rover/install/xrc_rover_teleop/share/xrc_rover_teleop/environment/path.sh
[0.537s] -- Up-to-date symlink: /home/rayann/xrc_rover/install/xrc_rover_teleop/share/xrc_rover_teleop/environment/path.dsv
[0.537s] -- Up-to-date symlink: /home/rayann/xrc_rover/install/xrc_rover_teleop/share/xrc_rover_teleop/local_setup.bash
[0.537s] -- Up-to-date symlink: /home/rayann/xrc_rover/install/xrc_rover_teleop/share/xrc_rover_teleop/local_setup.sh
[0.537s] -- Up-to-date symlink: /home/rayann/xrc_rover/install/xrc_rover_teleop/share/xrc_rover_teleop/local_setup.zsh
[0.537s] -- Up-to-date symlink: /home/rayann/xrc_rover/install/xrc_rover_teleop/share/xrc_rover_teleop/local_setup.dsv
[0.538s] -- Symlinking: /home/rayann/xrc_rover/install/xrc_rover_teleop/share/xrc_rover_teleop/package.dsv
[0.545s] -- Up-to-date symlink: /home/rayann/xrc_rover/install/xrc_rover_teleop/share/ament_index/resource_index/packages/xrc_rover_teleop
[0.545s] -- Up-to-date symlink: /home/rayann/xrc_rover/install/xrc_rover_teleop/share/xrc_rover_teleop/cmake/xrc_rover_teleopConfig.cmake
[0.545s] -- Up-to-date symlink: /home/rayann/xrc_rover/install/xrc_rover_teleop/share/xrc_rover_teleop/cmake/xrc_rover_teleopConfig-version.cmake
[0.545s] -- Up-to-date symlink: /home/rayann/xrc_rover/install/xrc_rover_teleop/share/xrc_rover_teleop/package.xml
[0.547s] Invoked command in '/home/rayann/xrc_rover/build/xrc_rover_teleop' returned '0': CMAKE_PREFIX_PATH=${CMAKE_PREFIX_PATH}:/opt/ros/humble /usr/bin/cmake --install /home/rayann/xrc_rover/build/xrc_rover_teleop
