[0.026s] Invoking command in '/home/rayann/gazebo_urdf_rviz_tuto/build/my_robot_bringup': AMENT_PREFIX_PATH=/home/rayann/gazebo_urdf_rviz_tuto/install/my_robot_description:${AMENT_PREFIX_PATH} CMAKE_PREFIX_PATH=/home/rayann/gazebo_urdf_rviz_tuto/install/my_robot_description:/opt/ros/humble /usr/bin/cmake /home/rayann/gazebo_urdf_rviz_tuto/src/my_robot_bringup -DCMAKE_INSTALL_PREFIX=/home/rayann/gazebo_urdf_rviz_tuto/install/my_robot_bringup
[0.069s] -- The C compiler identification is GNU 11.4.0
[0.108s] -- The CXX compiler identification is GNU 11.4.0
[0.114s] -- Detecting C compiler ABI info
[0.176s] -- Detecting C compiler ABI info - done
[0.188s] -- Check for working C compiler: /usr/bin/cc - skipped
[0.188s] -- Detecting C compile features
[0.189s] -- Detecting C compile features - done
[0.193s] -- Detecting CXX compiler ABI info
[0.263s] -- Detecting CXX compiler ABI info - done
[0.275s] -- Check for working CXX compiler: /usr/bin/c++ - skipped
[0.275s] -- Detecting CXX compile features
[0.276s] -- Detecting CXX compile features - done
[0.281s] -- Found ament_cmake: 1.3.6 (/opt/ros/humble/share/ament_cmake/cmake)
[0.399s] -- Found Python3: /usr/bin/python3.10 (found version "3.10.12") found components: Interpreter 
[0.510s] -- Configuring done
[0.514s] -- Generating done
[0.515s] -- Build files have been written to: /home/rayann/gazebo_urdf_rviz_tuto/build/my_robot_bringup
[0.521s] Invoked command in '/home/rayann/gazebo_urdf_rviz_tuto/build/my_robot_bringup' returned '0': AMENT_PREFIX_PATH=/home/rayann/gazebo_urdf_rviz_tuto/install/my_robot_description:${AMENT_PREFIX_PATH} CMAKE_PREFIX_PATH=/home/rayann/gazebo_urdf_rviz_tuto/install/my_robot_description:/opt/ros/humble /usr/bin/cmake /home/rayann/gazebo_urdf_rviz_tuto/src/my_robot_bringup -DCMAKE_INSTALL_PREFIX=/home/rayann/gazebo_urdf_rviz_tuto/install/my_robot_bringup
[0.523s] Invoking command in '/home/rayann/gazebo_urdf_rviz_tuto/build/my_robot_bringup': AMENT_PREFIX_PATH=/home/rayann/gazebo_urdf_rviz_tuto/install/my_robot_description:${AMENT_PREFIX_PATH} CMAKE_PREFIX_PATH=/home/rayann/gazebo_urdf_rviz_tuto/install/my_robot_description:/opt/ros/humble /usr/bin/cmake --build /home/rayann/gazebo_urdf_rviz_tuto/build/my_robot_bringup -- -j16 -l16
[0.562s] Invoked command in '/home/rayann/gazebo_urdf_rviz_tuto/build/my_robot_bringup' returned '0': AMENT_PREFIX_PATH=/home/rayann/gazebo_urdf_rviz_tuto/install/my_robot_description:${AMENT_PREFIX_PATH} CMAKE_PREFIX_PATH=/home/rayann/gazebo_urdf_rviz_tuto/install/my_robot_description:/opt/ros/humble /usr/bin/cmake --build /home/rayann/gazebo_urdf_rviz_tuto/build/my_robot_bringup -- -j16 -l16
[0.587s] Invoking command in '/home/rayann/gazebo_urdf_rviz_tuto/build/my_robot_bringup': AMENT_PREFIX_PATH=/home/rayann/gazebo_urdf_rviz_tuto/install/my_robot_description:${AMENT_PREFIX_PATH} CMAKE_PREFIX_PATH=/home/rayann/gazebo_urdf_rviz_tuto/install/my_robot_description:/opt/ros/humble /usr/bin/cmake --install /home/rayann/gazebo_urdf_rviz_tuto/build/my_robot_bringup
[0.593s] -- Install configuration: ""
[0.593s] -- Installing: /home/rayann/gazebo_urdf_rviz_tuto/install/my_robot_bringup/share/my_robot_bringup//launch
[0.593s] -- Installing: /home/rayann/gazebo_urdf_rviz_tuto/install/my_robot_bringup/share/my_robot_bringup//launch/my_robot_gazebo.launch.xml
[0.593s] -- Installing: /home/rayann/gazebo_urdf_rviz_tuto/install/my_robot_bringup/share/my_robot_bringup//rviz
[0.593s] -- Installing: /home/rayann/gazebo_urdf_rviz_tuto/install/my_robot_bringup/share/my_robot_bringup//rviz/urdf_config.rviz
[0.593s] -- Installing: /home/rayann/gazebo_urdf_rviz_tuto/install/my_robot_bringup/share/my_robot_bringup//worlds
[0.594s] -- Installing: /home/rayann/gazebo_urdf_rviz_tuto/install/my_robot_bringup/share/my_robot_bringup//worlds/test_world.world
[0.594s] -- Installing: /home/rayann/gazebo_urdf_rviz_tuto/install/my_robot_bringup/share/ament_index/resource_index/package_run_dependencies/my_robot_bringup
[0.594s] -- Installing: /home/rayann/gazebo_urdf_rviz_tuto/install/my_robot_bringup/share/ament_index/resource_index/parent_prefix_path/my_robot_bringup
[0.594s] -- Installing: /home/rayann/gazebo_urdf_rviz_tuto/install/my_robot_bringup/share/my_robot_bringup/environment/ament_prefix_path.sh
[0.594s] -- Installing: /home/rayann/gazebo_urdf_rviz_tuto/install/my_robot_bringup/share/my_robot_bringup/environment/ament_prefix_path.dsv
[0.594s] -- Installing: /home/rayann/gazebo_urdf_rviz_tuto/install/my_robot_bringup/share/my_robot_bringup/environment/path.sh
[0.594s] -- Installing: /home/rayann/gazebo_urdf_rviz_tuto/install/my_robot_bringup/share/my_robot_bringup/environment/path.dsv
[0.594s] -- Installing: /home/rayann/gazebo_urdf_rviz_tuto/install/my_robot_bringup/share/my_robot_bringup/local_setup.bash
[0.594s] -- Installing: /home/rayann/gazebo_urdf_rviz_tuto/install/my_robot_bringup/share/my_robot_bringup/local_setup.sh
[0.594s] -- Installing: /home/rayann/gazebo_urdf_rviz_tuto/install/my_robot_bringup/share/my_robot_bringup/local_setup.zsh
[0.594s] -- Installing: /home/rayann/gazebo_urdf_rviz_tuto/install/my_robot_bringup/share/my_robot_bringup/local_setup.dsv
[0.594s] -- Installing: /home/rayann/gazebo_urdf_rviz_tuto/install/my_robot_bringup/share/my_robot_bringup/package.dsv
[0.594s] -- Installing: /home/rayann/gazebo_urdf_rviz_tuto/install/my_robot_bringup/share/ament_index/resource_index/packages/my_robot_bringup
[0.595s] -- Installing: /home/rayann/gazebo_urdf_rviz_tuto/install/my_robot_bringup/share/my_robot_bringup/cmake/my_robot_bringupConfig.cmake
[0.595s] -- Installing: /home/rayann/gazebo_urdf_rviz_tuto/install/my_robot_bringup/share/my_robot_bringup/cmake/my_robot_bringupConfig-version.cmake
[0.595s] -- Installing: /home/rayann/gazebo_urdf_rviz_tuto/install/my_robot_bringup/share/my_robot_bringup/package.xml
[0.596s] Invoked command in '/home/rayann/gazebo_urdf_rviz_tuto/build/my_robot_bringup' returned '0': AMENT_PREFIX_PATH=/home/rayann/gazebo_urdf_rviz_tuto/install/my_robot_description:${AMENT_PREFIX_PATH} CMAKE_PREFIX_PATH=/home/rayann/gazebo_urdf_rviz_tuto/install/my_robot_description:/opt/ros/humble /usr/bin/cmake --install /home/rayann/gazebo_urdf_rviz_tuto/build/my_robot_bringup
