[0.027s] Invoking command in '/home/rayann/ros2_ws/basics_tuto/build/my_robot_interfaces': CMAKE_PREFIX_PATH=/opt/ros/humble /usr/bin/cmake /home/rayann/ros2_ws/basics_tuto/src/my_robot_interfaces -DCMAKE_INSTALL_PREFIX=/home/rayann/ros2_ws/basics_tuto/install/my_robot_interfaces
[0.074s] -- The C compiler identification is GNU 11.4.0
[0.113s] -- The CXX compiler identification is GNU 11.4.0
[0.118s] -- Detecting C compiler ABI info
[0.183s] -- Detecting C compiler ABI info - done
[0.187s] -- Check for working C compiler: /usr/bin/cc - skipped
[0.188s] -- Detecting C compile features
[0.188s] -- Detecting C compile features - done
[0.189s] -- Detecting CXX compiler ABI info
[0.256s] -- Detecting CXX compiler ABI info - done
[0.260s] -- Check for working CXX compiler: /usr/bin/c++ - skipped
[0.260s] -- Detecting CXX compile features
[0.261s] -- Detecting CXX compile features - done
[0.262s] -- Found ament_cmake: 1.3.6 (/opt/ros/humble/share/ament_cmake/cmake)
[0.371s] -- Found Python3: /usr/bin/python3.10 (found version "3.10.12") found components: Interpreter 
[0.421s] -- Found rosidl_default_generators: 1.2.0 (/opt/ros/humble/share/rosidl_default_generators/cmake)
[0.424s] -- Using all available rosidl_typesupport_c: rosidl_typesupport_fastrtps_c;rosidl_typesupport_introspection_c
[0.428s] -- Found rosidl_adapter: 3.1.5 (/opt/ros/humble/share/rosidl_adapter/cmake)
[0.453s] -- Using all available rosidl_typesupport_cpp: rosidl_typesupport_fastrtps_cpp;rosidl_typesupport_introspection_cpp
[0.646s] -- Found ament_cmake_ros: 0.10.0 (/opt/ros/humble/share/ament_cmake_ros/cmake)
[0.759s] -- Using all available rosidl_typesupport_c: rosidl_typesupport_fastrtps_c;rosidl_typesupport_introspection_c
[0.924s] -- Using all available rosidl_typesupport_cpp: rosidl_typesupport_fastrtps_cpp;rosidl_typesupport_introspection_cpp
[0.943s] -- Found PythonInterp: /usr/bin/python3 (found suitable version "3.10.12", minimum required is "3.6") 
[0.944s] -- Found python_cmake_module: 0.10.0 (/opt/ros/humble/share/python_cmake_module/cmake)
[0.964s] -- Found PythonLibs: /usr/lib/x86_64-linux-gnu/libpython3.10.so (found suitable version "3.10.12", minimum required is "3.5") 
[0.964s] -- Using PYTHON_EXECUTABLE: /usr/bin/python3
[0.965s] -- Using PYTHON_INCLUDE_DIRS: /usr/include/python3.10
[0.965s] -- Using PYTHON_LIBRARIES: /usr/lib/x86_64-linux-gnu/libpython3.10.so
[0.977s] -- Found PythonExtra: .so  
[1.001s] -- Configuring done
[1.024s] -- Generating done
[1.025s] -- Build files have been written to: /home/rayann/ros2_ws/basics_tuto/build/my_robot_interfaces
[1.031s] Invoked command in '/home/rayann/ros2_ws/basics_tuto/build/my_robot_interfaces' returned '0': CMAKE_PREFIX_PATH=/opt/ros/humble /usr/bin/cmake /home/rayann/ros2_ws/basics_tuto/src/my_robot_interfaces -DCMAKE_INSTALL_PREFIX=/home/rayann/ros2_ws/basics_tuto/install/my_robot_interfaces
[1.033s] Invoking command in '/home/rayann/ros2_ws/basics_tuto/build/my_robot_interfaces': CMAKE_PREFIX_PATH=/opt/ros/humble /usr/bin/cmake --build /home/rayann/ros2_ws/basics_tuto/build/my_robot_interfaces -- -j16 -l16
[1.078s] [  1%] [34m[1mGenerating C code for ROS interfaces[0m
[1.086s] [  2%] [34m[1mGenerating C++ code for ROS interfaces[0m
[1.093s] [  2%] Built target ament_cmake_python_copy_my_robot_interfaces
[1.221s] running egg_info
[1.222s] creating my_robot_interfaces.egg-info
[1.222s] writing my_robot_interfaces.egg-info/PKG-INFO
[1.222s] writing dependency_links to my_robot_interfaces.egg-info/dependency_links.txt
[1.222s] writing top-level names to my_robot_interfaces.egg-info/top_level.txt
[1.222s] writing manifest file 'my_robot_interfaces.egg-info/SOURCES.txt'
[1.223s] reading manifest file 'my_robot_interfaces.egg-info/SOURCES.txt'
[1.224s] writing manifest file 'my_robot_interfaces.egg-info/SOURCES.txt'
[1.244s] [  2%] Built target ament_cmake_python_build_my_robot_interfaces_egg
[1.396s] [  2%] Built target my_robot_interfaces__cpp
[1.405s] [  5%] [34m[1mGenerating C++ introspection for ROS interfaces[0m
[1.405s] [  5%] [34m[1mGenerating C++ type support for eProsima Fast-RTPS[0m
[1.405s] [  6%] [34m[1mGenerating C++ type support dispatch for ROS interfaces[0m
[1.414s] [ 12%] [32mBuilding C object CMakeFiles/my_robot_interfaces__rosidl_generator_c.dir/rosidl_generator_c/my_robot_interfaces/msg/detail/turtle__functions.c.o[0m
[1.414s] [ 12%] [32mBuilding C object CMakeFiles/my_robot_interfaces__rosidl_generator_c.dir/rosidl_generator_c/my_robot_interfaces/msg/detail/turtle_array__functions.c.o[0m
[1.414s] [ 12%] [32mBuilding C object CMakeFiles/my_robot_interfaces__rosidl_generator_c.dir/rosidl_generator_c/my_robot_interfaces/msg/detail/led_state_array__functions.c.o[0m
[1.414s] [ 12%] [32mBuilding C object CMakeFiles/my_robot_interfaces__rosidl_generator_c.dir/rosidl_generator_c/my_robot_interfaces/srv/detail/set_led__functions.c.o[0m
[1.414s] [ 12%] [32mBuilding C object CMakeFiles/my_robot_interfaces__rosidl_generator_c.dir/rosidl_generator_c/my_robot_interfaces/msg/detail/hardware_status__functions.c.o[0m
[1.414s] [ 13%] [32mBuilding C object CMakeFiles/my_robot_interfaces__rosidl_generator_c.dir/rosidl_generator_c/my_robot_interfaces/srv/detail/compute_rectangle_area__functions.c.o[0m
[1.416s] [ 15%] [32mBuilding C object CMakeFiles/my_robot_interfaces__rosidl_generator_c.dir/rosidl_generator_c/my_robot_interfaces/srv/detail/catch_turtle__functions.c.o[0m
[1.466s] [ 16%] [32m[1mLinking C shared library libmy_robot_interfaces__rosidl_generator_c.so[0m
[1.498s] [ 16%] Built target my_robot_interfaces__rosidl_generator_c
[1.507s] [ 20%] [34m[1mGenerating C type support for eProsima Fast-RTPS[0m
[1.507s] [ 20%] [34m[1mGenerating C type support dispatch for ROS interfaces[0m
[1.507s] [ 20%] [34m[1mGenerating C introspection for ROS interfaces[0m
[1.620s] [ 29%] [32mBuilding CXX object CMakeFiles/my_robot_interfaces__rosidl_typesupport_cpp.dir/rosidl_typesupport_cpp/my_robot_interfaces/msg/hardware_status__type_support.cpp.o[0m
[1.621s] [ 29%] [32mBuilding CXX object CMakeFiles/my_robot_interfaces__rosidl_typesupport_cpp.dir/rosidl_typesupport_cpp/my_robot_interfaces/srv/compute_rectangle_area__type_support.cpp.o[0m
[1.621s] [ 29%] [32mBuilding CXX object CMakeFiles/my_robot_interfaces__rosidl_typesupport_cpp.dir/rosidl_typesupport_cpp/my_robot_interfaces/srv/catch_turtle__type_support.cpp.o[0m
[1.621s] [ 29%] [32mBuilding CXX object CMakeFiles/my_robot_interfaces__rosidl_typesupport_cpp.dir/rosidl_typesupport_cpp/my_robot_interfaces/msg/turtle_array__type_support.cpp.o[0m
[1.621s] [ 29%] [32mBuilding CXX object CMakeFiles/my_robot_interfaces__rosidl_typesupport_cpp.dir/rosidl_typesupport_cpp/my_robot_interfaces/msg/turtle__type_support.cpp.o[0m
[1.621s] [ 29%] [32mBuilding CXX object CMakeFiles/my_robot_interfaces__rosidl_typesupport_cpp.dir/rosidl_typesupport_cpp/my_robot_interfaces/msg/led_state_array__type_support.cpp.o[0m
[1.621s] [ 29%] [32mBuilding CXX object CMakeFiles/my_robot_interfaces__rosidl_typesupport_cpp.dir/rosidl_typesupport_cpp/my_robot_interfaces/srv/set_led__type_support.cpp.o[0m
[1.712s] [ 30%] [32mBuilding CXX object CMakeFiles/my_robot_interfaces__rosidl_typesupport_introspection_cpp.dir/rosidl_typesupport_introspection_cpp/my_robot_interfaces/msg/detail/hardware_status__type_support.cpp.o[0m
[1.715s] [ 32%] [32mBuilding CXX object CMakeFiles/my_robot_interfaces__rosidl_typesupport_introspection_cpp.dir/rosidl_typesupport_introspection_cpp/my_robot_interfaces/msg/detail/turtle__type_support.cpp.o[0m
[1.715s] [ 32%] [32mBuilding CXX object CMakeFiles/my_robot_interfaces__rosidl_typesupport_introspection_cpp.dir/rosidl_typesupport_introspection_cpp/my_robot_interfaces/msg/detail/led_state_array__type_support.cpp.o[0m
[1.724s] [ 35%] [32mBuilding CXX object CMakeFiles/my_robot_interfaces__rosidl_typesupport_introspection_cpp.dir/rosidl_typesupport_introspection_cpp/my_robot_interfaces/msg/detail/turtle_array__type_support.cpp.o[0m
[1.724s] [ 35%] [32mBuilding CXX object CMakeFiles/my_robot_interfaces__rosidl_typesupport_introspection_cpp.dir/rosidl_typesupport_introspection_cpp/my_robot_interfaces/srv/detail/compute_rectangle_area__type_support.cpp.o[0m
[1.737s] [ 36%] [32mBuilding CXX object CMakeFiles/my_robot_interfaces__rosidl_typesupport_fastrtps_cpp.dir/rosidl_typesupport_fastrtps_cpp/my_robot_interfaces/msg/detail/dds_fastrtps/hardware_status__type_support.cpp.o[0m
[1.854s] [ 37%] [32mBuilding CXX object CMakeFiles/my_robot_interfaces__rosidl_typesupport_c.dir/rosidl_typesupport_c/my_robot_interfaces/msg/hardware_status__type_support.cpp.o[0m
[1.876s] [ 39%] [32mBuilding CXX object CMakeFiles/my_robot_interfaces__rosidl_typesupport_c.dir/rosidl_typesupport_c/my_robot_interfaces/msg/led_state_array__type_support.cpp.o[0m
[1.876s] [ 40%] [32mBuilding CXX object CMakeFiles/my_robot_interfaces__rosidl_typesupport_introspection_cpp.dir/rosidl_typesupport_introspection_cpp/my_robot_interfaces/srv/detail/set_led__type_support.cpp.o[0m
[1.880s] [ 41%] [32mBuilding CXX object CMakeFiles/my_robot_interfaces__rosidl_typesupport_introspection_cpp.dir/rosidl_typesupport_introspection_cpp/my_robot_interfaces/srv/detail/catch_turtle__type_support.cpp.o[0m
[1.881s] [ 43%] [32mBuilding CXX object CMakeFiles/my_robot_interfaces__rosidl_typesupport_fastrtps_cpp.dir/rosidl_typesupport_fastrtps_cpp/my_robot_interfaces/msg/detail/dds_fastrtps/led_state_array__type_support.cpp.o[0m
[1.883s] [ 44%] [32m[1mLinking CXX shared library libmy_robot_interfaces__rosidl_typesupport_cpp.so[0m
[1.890s] [ 45%] [32mBuilding CXX object CMakeFiles/my_robot_interfaces__rosidl_typesupport_fastrtps_cpp.dir/rosidl_typesupport_fastrtps_cpp/my_robot_interfaces/msg/detail/dds_fastrtps/turtle__type_support.cpp.o[0m
[1.892s] [ 46%] [32mBuilding CXX object CMakeFiles/my_robot_interfaces__rosidl_typesupport_fastrtps_cpp.dir/rosidl_typesupport_fastrtps_cpp/my_robot_interfaces/msg/detail/dds_fastrtps/turtle_array__type_support.cpp.o[0m
[1.893s] [ 48%] [32mBuilding CXX object CMakeFiles/my_robot_interfaces__rosidl_typesupport_fastrtps_cpp.dir/rosidl_typesupport_fastrtps_cpp/my_robot_interfaces/srv/detail/dds_fastrtps/compute_rectangle_area__type_support.cpp.o[0m
[1.909s] [ 49%] [32mBuilding CXX object CMakeFiles/my_robot_interfaces__rosidl_typesupport_c.dir/rosidl_typesupport_c/my_robot_interfaces/msg/turtle__type_support.cpp.o[0m
[1.931s] [ 49%] Built target my_robot_interfaces__rosidl_typesupport_cpp
[1.942s] [ 50%] [32mBuilding C object CMakeFiles/my_robot_interfaces__rosidl_typesupport_introspection_c.dir/rosidl_typesupport_introspection_c/my_robot_interfaces/msg/detail/hardware_status__type_support.c.o[0m
[1.944s] [ 51%] [32mBuilding CXX object CMakeFiles/my_robot_interfaces__rosidl_typesupport_c.dir/rosidl_typesupport_c/my_robot_interfaces/msg/turtle_array__type_support.cpp.o[0m
[1.953s] [ 53%] [32mBuilding CXX object CMakeFiles/my_robot_interfaces__rosidl_typesupport_fastrtps_cpp.dir/rosidl_typesupport_fastrtps_cpp/my_robot_interfaces/srv/detail/dds_fastrtps/set_led__type_support.cpp.o[0m
[1.980s] [ 55%] [32mBuilding CXX object CMakeFiles/my_robot_interfaces__rosidl_typesupport_c.dir/rosidl_typesupport_c/my_robot_interfaces/srv/compute_rectangle_area__type_support.cpp.o[0m
[1.980s] [ 55%] [32mBuilding C object CMakeFiles/my_robot_interfaces__rosidl_typesupport_introspection_c.dir/rosidl_typesupport_introspection_c/my_robot_interfaces/msg/detail/led_state_array__type_support.c.o[0m
[2.014s] [ 56%] [32mBuilding CXX object CMakeFiles/my_robot_interfaces__rosidl_typesupport_fastrtps_c.dir/rosidl_typesupport_fastrtps_c/my_robot_interfaces/msg/detail/hardware_status__type_support_c.cpp.o[0m
[2.014s] [ 58%] [32mBuilding CXX object CMakeFiles/my_robot_interfaces__rosidl_typesupport_c.dir/rosidl_typesupport_c/my_robot_interfaces/srv/set_led__type_support.cpp.o[0m
[2.018s] [ 59%] [32mBuilding C object CMakeFiles/my_robot_interfaces__rosidl_typesupport_introspection_c.dir/rosidl_typesupport_introspection_c/my_robot_interfaces/msg/detail/turtle__type_support.c.o[0m
[2.052s] [ 60%] [32mBuilding CXX object CMakeFiles/my_robot_interfaces__rosidl_typesupport_c.dir/rosidl_typesupport_c/my_robot_interfaces/srv/catch_turtle__type_support.cpp.o[0m
[2.057s] [ 62%] [32mBuilding C object CMakeFiles/my_robot_interfaces__rosidl_typesupport_introspection_c.dir/rosidl_typesupport_introspection_c/my_robot_interfaces/msg/detail/turtle_array__type_support.c.o[0m
[2.088s] [ 63%] [32m[1mLinking CXX shared library libmy_robot_interfaces__rosidl_typesupport_c.so[0m
[2.094s] [ 64%] [32mBuilding CXX object CMakeFiles/my_robot_interfaces__rosidl_typesupport_fastrtps_c.dir/rosidl_typesupport_fastrtps_c/my_robot_interfaces/msg/detail/led_state_array__type_support_c.cpp.o[0m
[2.097s] [ 67%] [32mBuilding C object CMakeFiles/my_robot_interfaces__rosidl_typesupport_introspection_c.dir/rosidl_typesupport_introspection_c/my_robot_interfaces/srv/detail/compute_rectangle_area__type_support.c.o[0m
[2.097s] [ 67%] [32mBuilding CXX object CMakeFiles/my_robot_interfaces__rosidl_typesupport_fastrtps_c.dir/rosidl_typesupport_fastrtps_c/my_robot_interfaces/msg/detail/turtle__type_support_c.cpp.o[0m
[2.103s] [ 68%] [32mBuilding C object CMakeFiles/my_robot_interfaces__rosidl_typesupport_introspection_c.dir/rosidl_typesupport_introspection_c/my_robot_interfaces/srv/detail/set_led__type_support.c.o[0m
[2.124s] [ 69%] [32mBuilding C object CMakeFiles/my_robot_interfaces__rosidl_typesupport_introspection_c.dir/rosidl_typesupport_introspection_c/my_robot_interfaces/srv/detail/catch_turtle__type_support.c.o[0m
[2.136s] [ 70%] [32mBuilding CXX object CMakeFiles/my_robot_interfaces__rosidl_typesupport_fastrtps_c.dir/rosidl_typesupport_fastrtps_c/my_robot_interfaces/msg/detail/turtle_array__type_support_c.cpp.o[0m
[2.139s] [ 70%] Built target my_robot_interfaces__rosidl_typesupport_c
[2.140s] [ 72%] [32mBuilding CXX object CMakeFiles/my_robot_interfaces__rosidl_typesupport_fastrtps_cpp.dir/rosidl_typesupport_fastrtps_cpp/my_robot_interfaces/srv/detail/dds_fastrtps/catch_turtle__type_support.cpp.o[0m
[2.144s] [ 73%] [32mBuilding CXX object CMakeFiles/my_robot_interfaces__rosidl_typesupport_fastrtps_c.dir/rosidl_typesupport_fastrtps_c/my_robot_interfaces/srv/detail/compute_rectangle_area__type_support_c.cpp.o[0m
[2.148s] [ 74%] [32mBuilding CXX object CMakeFiles/my_robot_interfaces__rosidl_typesupport_fastrtps_c.dir/rosidl_typesupport_fastrtps_c/my_robot_interfaces/srv/detail/set_led__type_support_c.cpp.o[0m
[2.150s] [ 75%] [32mBuilding CXX object CMakeFiles/my_robot_interfaces__rosidl_typesupport_fastrtps_c.dir/rosidl_typesupport_fastrtps_c/my_robot_interfaces/srv/detail/catch_turtle__type_support_c.cpp.o[0m
[2.166s] [ 77%] [32m[1mLinking C shared library libmy_robot_interfaces__rosidl_typesupport_introspection_c.so[0m
[2.206s] [ 77%] Built target my_robot_interfaces__rosidl_typesupport_introspection_c
[2.263s] [ 78%] [32m[1mLinking CXX shared library libmy_robot_interfaces__rosidl_typesupport_introspection_cpp.so[0m
[2.339s] [ 78%] Built target my_robot_interfaces__rosidl_typesupport_introspection_cpp
[2.460s] [ 79%] [32m[1mLinking CXX shared library libmy_robot_interfaces__rosidl_typesupport_fastrtps_c.so[0m
[2.467s] [ 81%] [32m[1mLinking CXX shared library libmy_robot_interfaces__rosidl_typesupport_fastrtps_cpp.so[0m
[2.516s] [ 81%] Built target my_robot_interfaces__rosidl_typesupport_fastrtps_c
[2.524s] [ 81%] Built target my_robot_interfaces__rosidl_typesupport_fastrtps_cpp
[2.542s] [ 81%] Built target my_robot_interfaces
[2.562s] [ 82%] [34m[1mGenerating Python code for ROS interfaces[0m
[3.041s] [ 82%] Built target my_robot_interfaces__py
[3.062s] [ 87%] [32mBuilding C object CMakeFiles/my_robot_interfaces__rosidl_generator_py.dir/rosidl_generator_py/my_robot_interfaces/msg/_hardware_status_s.c.o[0m
[3.062s] [ 87%] [32mBuilding C object CMakeFiles/my_robot_interfaces__rosidl_generator_py.dir/rosidl_generator_py/my_robot_interfaces/msg/_led_state_array_s.c.o[0m
[3.062s] [ 87%] [32mBuilding C object CMakeFiles/my_robot_interfaces__rosidl_generator_py.dir/rosidl_generator_py/my_robot_interfaces/msg/_turtle_array_s.c.o[0m
[3.062s] [ 87%] [32mBuilding C object CMakeFiles/my_robot_interfaces__rosidl_generator_py.dir/rosidl_generator_py/my_robot_interfaces/msg/_turtle_s.c.o[0m
[3.062s] [ 91%] [32mBuilding C object CMakeFiles/my_robot_interfaces__rosidl_generator_py.dir/rosidl_generator_py/my_robot_interfaces/srv/_set_led_s.c.o[0m
[3.062s] [ 91%] [32mBuilding C object CMakeFiles/my_robot_interfaces__rosidl_generator_py.dir/rosidl_generator_py/my_robot_interfaces/srv/_compute_rectangle_area_s.c.o[0m
[3.062s] [ 91%] [32mBuilding C object CMakeFiles/my_robot_interfaces__rosidl_generator_py.dir/rosidl_generator_py/my_robot_interfaces/srv/_catch_turtle_s.c.o[0m
[3.137s] [ 92%] [32m[1mLinking C shared library rosidl_generator_py/my_robot_interfaces/libmy_robot_interfaces__rosidl_generator_py.so[0m
[3.173s] [ 92%] Built target my_robot_interfaces__rosidl_generator_py
[3.190s] [ 96%] [32mBuilding C object CMakeFiles/my_robot_interfaces__rosidl_typesupport_c__pyext.dir/rosidl_generator_py/my_robot_interfaces/_my_robot_interfaces_s.ep.rosidl_typesupport_c.c.o[0m
[3.190s] [ 96%] [32mBuilding C object CMakeFiles/my_robot_interfaces__rosidl_typesupport_introspection_c__pyext.dir/rosidl_generator_py/my_robot_interfaces/_my_robot_interfaces_s.ep.rosidl_typesupport_introspection_c.c.o[0m
[3.190s] [ 96%] [32mBuilding C object CMakeFiles/my_robot_interfaces__rosidl_typesupport_fastrtps_c__pyext.dir/rosidl_generator_py/my_robot_interfaces/_my_robot_interfaces_s.ep.rosidl_typesupport_fastrtps_c.c.o[0m
[3.263s] [ 98%] [32m[1mLinking C shared library rosidl_generator_py/my_robot_interfaces/my_robot_interfaces_s__rosidl_typesupport_introspection_c.cpython-310-x86_64-linux-gnu.so[0m
[3.263s] [ 98%] [32m[1mLinking C shared library rosidl_generator_py/my_robot_interfaces/my_robot_interfaces_s__rosidl_typesupport_c.cpython-310-x86_64-linux-gnu.so[0m
[3.267s] [100%] [32m[1mLinking C shared library rosidl_generator_py/my_robot_interfaces/my_robot_interfaces_s__rosidl_typesupport_fastrtps_c.cpython-310-x86_64-linux-gnu.so[0m
[3.291s] [100%] Built target my_robot_interfaces__rosidl_typesupport_introspection_c__pyext
[3.291s] [100%] Built target my_robot_interfaces__rosidl_typesupport_c__pyext
[3.293s] [100%] Built target my_robot_interfaces__rosidl_typesupport_fastrtps_c__pyext
[3.306s] Invoked command in '/home/rayann/ros2_ws/basics_tuto/build/my_robot_interfaces' returned '0': CMAKE_PREFIX_PATH=/opt/ros/humble /usr/bin/cmake --build /home/rayann/ros2_ws/basics_tuto/build/my_robot_interfaces -- -j16 -l16
[3.539s] Invoking command in '/home/rayann/ros2_ws/basics_tuto/build/my_robot_interfaces': CMAKE_PREFIX_PATH=/opt/ros/humble /usr/bin/cmake --install /home/rayann/ros2_ws/basics_tuto/build/my_robot_interfaces
[3.544s] -- Install configuration: ""
[3.545s] -- Installing: /home/rayann/ros2_ws/basics_tuto/install/my_robot_interfaces/share/ament_index/resource_index/rosidl_interfaces/my_robot_interfaces
[3.545s] -- Installing: /home/rayann/ros2_ws/basics_tuto/install/my_robot_interfaces/include/my_robot_interfaces/my_robot_interfaces
[3.545s] -- Installing: /home/rayann/ros2_ws/basics_tuto/install/my_robot_interfaces/include/my_robot_interfaces/my_robot_interfaces/msg
[3.545s] -- Installing: /home/rayann/ros2_ws/basics_tuto/install/my_robot_interfaces/include/my_robot_interfaces/my_robot_interfaces/msg/led_state_array.h
[3.545s] -- Installing: /home/rayann/ros2_ws/basics_tuto/install/my_robot_interfaces/include/my_robot_interfaces/my_robot_interfaces/msg/turtle_array.h
[3.545s] -- Installing: /home/rayann/ros2_ws/basics_tuto/install/my_robot_interfaces/include/my_robot_interfaces/my_robot_interfaces/msg/detail
[3.545s] -- Installing: /home/rayann/ros2_ws/basics_tuto/install/my_robot_interfaces/include/my_robot_interfaces/my_robot_interfaces/msg/detail/turtle_array__struct.h
[3.545s] -- Installing: /home/rayann/ros2_ws/basics_tuto/install/my_robot_interfaces/include/my_robot_interfaces/my_robot_interfaces/msg/detail/led_state_array__type_support.h
[3.545s] -- Installing: /home/rayann/ros2_ws/basics_tuto/install/my_robot_interfaces/include/my_robot_interfaces/my_robot_interfaces/msg/detail/turtle_array__functions.c
[3.545s] -- Installing: /home/rayann/ros2_ws/basics_tuto/install/my_robot_interfaces/include/my_robot_interfaces/my_robot_interfaces/msg/detail/hardware_status__functions.h
[3.545s] -- Installing: /home/rayann/ros2_ws/basics_tuto/install/my_robot_interfaces/include/my_robot_interfaces/my_robot_interfaces/msg/detail/turtle__struct.h
[3.546s] -- Installing: /home/rayann/ros2_ws/basics_tuto/install/my_robot_interfaces/include/my_robot_interfaces/my_robot_interfaces/msg/detail/turtle__functions.h
[3.546s] -- Installing: /home/rayann/ros2_ws/basics_tuto/install/my_robot_interfaces/include/my_robot_interfaces/my_robot_interfaces/msg/detail/led_state_array__functions.c
[3.546s] -- Installing: /home/rayann/ros2_ws/basics_tuto/install/my_robot_interfaces/include/my_robot_interfaces/my_robot_interfaces/msg/detail/turtle__type_support.h
[3.546s] -- Installing: /home/rayann/ros2_ws/basics_tuto/install/my_robot_interfaces/include/my_robot_interfaces/my_robot_interfaces/msg/detail/turtle__functions.c
[3.546s] -- Installing: /home/rayann/ros2_ws/basics_tuto/install/my_robot_interfaces/include/my_robot_interfaces/my_robot_interfaces/msg/detail/turtle_array__type_support.h
[3.546s] -- Installing: /home/rayann/ros2_ws/basics_tuto/install/my_robot_interfaces/include/my_robot_interfaces/my_robot_interfaces/msg/detail/led_state_array__functions.h
[3.546s] -- Installing: /home/rayann/ros2_ws/basics_tuto/install/my_robot_interfaces/include/my_robot_interfaces/my_robot_interfaces/msg/detail/turtle_array__functions.h
[3.546s] -- Installing: /home/rayann/ros2_ws/basics_tuto/install/my_robot_interfaces/include/my_robot_interfaces/my_robot_interfaces/msg/detail/hardware_status__type_support.h
[3.546s] -- Installing: /home/rayann/ros2_ws/basics_tuto/install/my_robot_interfaces/include/my_robot_interfaces/my_robot_interfaces/msg/detail/hardware_status__functions.c
[3.546s] -- Installing: /home/rayann/ros2_ws/basics_tuto/install/my_robot_interfaces/include/my_robot_interfaces/my_robot_interfaces/msg/detail/hardware_status__struct.h
[3.546s] -- Installing: /home/rayann/ros2_ws/basics_tuto/install/my_robot_interfaces/include/my_robot_interfaces/my_robot_interfaces/msg/detail/led_state_array__struct.h
[3.546s] -- Installing: /home/rayann/ros2_ws/basics_tuto/install/my_robot_interfaces/include/my_robot_interfaces/my_robot_interfaces/msg/turtle.h
[3.546s] -- Installing: /home/rayann/ros2_ws/basics_tuto/install/my_robot_interfaces/include/my_robot_interfaces/my_robot_interfaces/msg/hardware_status.h
[3.546s] -- Installing: /home/rayann/ros2_ws/basics_tuto/install/my_robot_interfaces/include/my_robot_interfaces/my_robot_interfaces/msg/rosidl_generator_c__visibility_control.h
[3.546s] -- Installing: /home/rayann/ros2_ws/basics_tuto/install/my_robot_interfaces/include/my_robot_interfaces/my_robot_interfaces/srv
[3.546s] -- Installing: /home/rayann/ros2_ws/basics_tuto/install/my_robot_interfaces/include/my_robot_interfaces/my_robot_interfaces/srv/detail
[3.547s] -- Installing: /home/rayann/ros2_ws/basics_tuto/install/my_robot_interfaces/include/my_robot_interfaces/my_robot_interfaces/srv/detail/catch_turtle__type_support.h
[3.547s] -- Installing: /home/rayann/ros2_ws/basics_tuto/install/my_robot_interfaces/include/my_robot_interfaces/my_robot_interfaces/srv/detail/catch_turtle__functions.c
[3.547s] -- Installing: /home/rayann/ros2_ws/basics_tuto/install/my_robot_interfaces/include/my_robot_interfaces/my_robot_interfaces/srv/detail/compute_rectangle_area__type_support.h
[3.547s] -- Installing: /home/rayann/ros2_ws/basics_tuto/install/my_robot_interfaces/include/my_robot_interfaces/my_robot_interfaces/srv/detail/set_led__functions.h
[3.547s] -- Installing: /home/rayann/ros2_ws/basics_tuto/install/my_robot_interfaces/include/my_robot_interfaces/my_robot_interfaces/srv/detail/catch_turtle__functions.h
[3.547s] -- Installing: /home/rayann/ros2_ws/basics_tuto/install/my_robot_interfaces/include/my_robot_interfaces/my_robot_interfaces/srv/detail/compute_rectangle_area__struct.h
[3.547s] -- Installing: /home/rayann/ros2_ws/basics_tuto/install/my_robot_interfaces/include/my_robot_interfaces/my_robot_interfaces/srv/detail/compute_rectangle_area__functions.h
[3.547s] -- Installing: /home/rayann/ros2_ws/basics_tuto/install/my_robot_interfaces/include/my_robot_interfaces/my_robot_interfaces/srv/detail/catch_turtle__struct.h
[3.547s] -- Installing: /home/rayann/ros2_ws/basics_tuto/install/my_robot_interfaces/include/my_robot_interfaces/my_robot_interfaces/srv/detail/compute_rectangle_area__functions.c
[3.547s] -- Installing: /home/rayann/ros2_ws/basics_tuto/install/my_robot_interfaces/include/my_robot_interfaces/my_robot_interfaces/srv/detail/set_led__functions.c
[3.547s] -- Installing: /home/rayann/ros2_ws/basics_tuto/install/my_robot_interfaces/include/my_robot_interfaces/my_robot_interfaces/srv/detail/set_led__type_support.h
[3.547s] -- Installing: /home/rayann/ros2_ws/basics_tuto/install/my_robot_interfaces/include/my_robot_interfaces/my_robot_interfaces/srv/detail/set_led__struct.h
[3.548s] -- Installing: /home/rayann/ros2_ws/basics_tuto/install/my_robot_interfaces/include/my_robot_interfaces/my_robot_interfaces/srv/catch_turtle.h
[3.548s] -- Installing: /home/rayann/ros2_ws/basics_tuto/install/my_robot_interfaces/include/my_robot_interfaces/my_robot_interfaces/srv/compute_rectangle_area.h
[3.548s] -- Installing: /home/rayann/ros2_ws/basics_tuto/install/my_robot_interfaces/include/my_robot_interfaces/my_robot_interfaces/srv/set_led.h
[3.548s] -- Installing: /home/rayann/ros2_ws/basics_tuto/install/my_robot_interfaces/share/my_robot_interfaces/environment/library_path.sh
[3.548s] -- Installing: /home/rayann/ros2_ws/basics_tuto/install/my_robot_interfaces/share/my_robot_interfaces/environment/library_path.dsv
[3.548s] -- Installing: /home/rayann/ros2_ws/basics_tuto/install/my_robot_interfaces/lib/libmy_robot_interfaces__rosidl_generator_c.so
[3.548s] -- Set runtime path of "/home/rayann/ros2_ws/basics_tuto/install/my_robot_interfaces/lib/libmy_robot_interfaces__rosidl_generator_c.so" to ""
[3.548s] -- Up-to-date: /home/rayann/ros2_ws/basics_tuto/install/my_robot_interfaces/include/my_robot_interfaces/my_robot_interfaces
[3.548s] -- Up-to-date: /home/rayann/ros2_ws/basics_tuto/install/my_robot_interfaces/include/my_robot_interfaces/my_robot_interfaces/msg
[3.548s] -- Up-to-date: /home/rayann/ros2_ws/basics_tuto/install/my_robot_interfaces/include/my_robot_interfaces/my_robot_interfaces/msg/detail
[3.548s] -- Installing: /home/rayann/ros2_ws/basics_tuto/install/my_robot_interfaces/include/my_robot_interfaces/my_robot_interfaces/msg/detail/hardware_status__rosidl_typesupport_fastrtps_c.h
[3.548s] -- Installing: /home/rayann/ros2_ws/basics_tuto/install/my_robot_interfaces/include/my_robot_interfaces/my_robot_interfaces/msg/detail/led_state_array__rosidl_typesupport_fastrtps_c.h
[3.549s] -- Installing: /home/rayann/ros2_ws/basics_tuto/install/my_robot_interfaces/include/my_robot_interfaces/my_robot_interfaces/msg/detail/turtle__rosidl_typesupport_fastrtps_c.h
[3.549s] -- Installing: /home/rayann/ros2_ws/basics_tuto/install/my_robot_interfaces/include/my_robot_interfaces/my_robot_interfaces/msg/detail/turtle_array__rosidl_typesupport_fastrtps_c.h
[3.549s] -- Installing: /home/rayann/ros2_ws/basics_tuto/install/my_robot_interfaces/include/my_robot_interfaces/my_robot_interfaces/msg/rosidl_typesupport_fastrtps_c__visibility_control.h
[3.549s] -- Up-to-date: /home/rayann/ros2_ws/basics_tuto/install/my_robot_interfaces/include/my_robot_interfaces/my_robot_interfaces/srv
[3.549s] -- Up-to-date: /home/rayann/ros2_ws/basics_tuto/install/my_robot_interfaces/include/my_robot_interfaces/my_robot_interfaces/srv/detail
[3.549s] -- Installing: /home/rayann/ros2_ws/basics_tuto/install/my_robot_interfaces/include/my_robot_interfaces/my_robot_interfaces/srv/detail/compute_rectangle_area__rosidl_typesupport_fastrtps_c.h
[3.549s] -- Installing: /home/rayann/ros2_ws/basics_tuto/install/my_robot_interfaces/include/my_robot_interfaces/my_robot_interfaces/srv/detail/catch_turtle__rosidl_typesupport_fastrtps_c.h
[3.549s] -- Installing: /home/rayann/ros2_ws/basics_tuto/install/my_robot_interfaces/include/my_robot_interfaces/my_robot_interfaces/srv/detail/set_led__rosidl_typesupport_fastrtps_c.h
[3.549s] -- Installing: /home/rayann/ros2_ws/basics_tuto/install/my_robot_interfaces/lib/libmy_robot_interfaces__rosidl_typesupport_fastrtps_c.so
[3.549s] -- Set runtime path of "/home/rayann/ros2_ws/basics_tuto/install/my_robot_interfaces/lib/libmy_robot_interfaces__rosidl_typesupport_fastrtps_c.so" to ""
[3.549s] -- Up-to-date: /home/rayann/ros2_ws/basics_tuto/install/my_robot_interfaces/include/my_robot_interfaces/my_robot_interfaces
[3.549s] -- Up-to-date: /home/rayann/ros2_ws/basics_tuto/install/my_robot_interfaces/include/my_robot_interfaces/my_robot_interfaces/msg
[3.549s] -- Up-to-date: /home/rayann/ros2_ws/basics_tuto/install/my_robot_interfaces/include/my_robot_interfaces/my_robot_interfaces/msg/detail
[3.550s] -- Installing: /home/rayann/ros2_ws/basics_tuto/install/my_robot_interfaces/include/my_robot_interfaces/my_robot_interfaces/msg/detail/hardware_status__type_support.c
[3.550s] -- Installing: /home/rayann/ros2_ws/basics_tuto/install/my_robot_interfaces/include/my_robot_interfaces/my_robot_interfaces/msg/detail/turtle__type_support.c
[3.550s] -- Installing: /home/rayann/ros2_ws/basics_tuto/install/my_robot_interfaces/include/my_robot_interfaces/my_robot_interfaces/msg/detail/led_state_array__rosidl_typesupport_introspection_c.h
[3.550s] -- Installing: /home/rayann/ros2_ws/basics_tuto/install/my_robot_interfaces/include/my_robot_interfaces/my_robot_interfaces/msg/detail/turtle_array__rosidl_typesupport_introspection_c.h
[3.550s] -- Installing: /home/rayann/ros2_ws/basics_tuto/install/my_robot_interfaces/include/my_robot_interfaces/my_robot_interfaces/msg/detail/hardware_status__rosidl_typesupport_introspection_c.h
[3.550s] -- Installing: /home/rayann/ros2_ws/basics_tuto/install/my_robot_interfaces/include/my_robot_interfaces/my_robot_interfaces/msg/detail/turtle__rosidl_typesupport_introspection_c.h
[3.550s] -- Installing: /home/rayann/ros2_ws/basics_tuto/install/my_robot_interfaces/include/my_robot_interfaces/my_robot_interfaces/msg/detail/led_state_array__type_support.c
[3.550s] -- Installing: /home/rayann/ros2_ws/basics_tuto/install/my_robot_interfaces/include/my_robot_interfaces/my_robot_interfaces/msg/detail/turtle_array__type_support.c
[3.550s] -- Installing: /home/rayann/ros2_ws/basics_tuto/install/my_robot_interfaces/include/my_robot_interfaces/my_robot_interfaces/msg/rosidl_typesupport_introspection_c__visibility_control.h
[3.550s] -- Up-to-date: /home/rayann/ros2_ws/basics_tuto/install/my_robot_interfaces/include/my_robot_interfaces/my_robot_interfaces/srv
[3.550s] -- Up-to-date: /home/rayann/ros2_ws/basics_tuto/install/my_robot_interfaces/include/my_robot_interfaces/my_robot_interfaces/srv/detail
[3.550s] -- Installing: /home/rayann/ros2_ws/basics_tuto/install/my_robot_interfaces/include/my_robot_interfaces/my_robot_interfaces/srv/detail/set_led__type_support.c
[3.550s] -- Installing: /home/rayann/ros2_ws/basics_tuto/install/my_robot_interfaces/include/my_robot_interfaces/my_robot_interfaces/srv/detail/catch_turtle__rosidl_typesupport_introspection_c.h
[3.550s] -- Installing: /home/rayann/ros2_ws/basics_tuto/install/my_robot_interfaces/include/my_robot_interfaces/my_robot_interfaces/srv/detail/set_led__rosidl_typesupport_introspection_c.h
[3.551s] -- Installing: /home/rayann/ros2_ws/basics_tuto/install/my_robot_interfaces/include/my_robot_interfaces/my_robot_interfaces/srv/detail/compute_rectangle_area__rosidl_typesupport_introspection_c.h
[3.551s] -- Installing: /home/rayann/ros2_ws/basics_tuto/install/my_robot_interfaces/include/my_robot_interfaces/my_robot_interfaces/srv/detail/catch_turtle__type_support.c
[3.551s] -- Installing: /home/rayann/ros2_ws/basics_tuto/install/my_robot_interfaces/include/my_robot_interfaces/my_robot_interfaces/srv/detail/compute_rectangle_area__type_support.c
[3.551s] -- Installing: /home/rayann/ros2_ws/basics_tuto/install/my_robot_interfaces/lib/libmy_robot_interfaces__rosidl_typesupport_introspection_c.so
[3.551s] -- Set runtime path of "/home/rayann/ros2_ws/basics_tuto/install/my_robot_interfaces/lib/libmy_robot_interfaces__rosidl_typesupport_introspection_c.so" to ""
[3.551s] -- Installing: /home/rayann/ros2_ws/basics_tuto/install/my_robot_interfaces/lib/libmy_robot_interfaces__rosidl_typesupport_c.so
[3.551s] -- Set runtime path of "/home/rayann/ros2_ws/basics_tuto/install/my_robot_interfaces/lib/libmy_robot_interfaces__rosidl_typesupport_c.so" to ""
[3.551s] -- Up-to-date: /home/rayann/ros2_ws/basics_tuto/install/my_robot_interfaces/include/my_robot_interfaces/my_robot_interfaces
[3.551s] -- Up-to-date: /home/rayann/ros2_ws/basics_tuto/install/my_robot_interfaces/include/my_robot_interfaces/my_robot_interfaces/msg
[3.551s] -- Installing: /home/rayann/ros2_ws/basics_tuto/install/my_robot_interfaces/include/my_robot_interfaces/my_robot_interfaces/msg/turtle.hpp
[3.551s] -- Installing: /home/rayann/ros2_ws/basics_tuto/install/my_robot_interfaces/include/my_robot_interfaces/my_robot_interfaces/msg/led_state_array.hpp
[3.552s] -- Up-to-date: /home/rayann/ros2_ws/basics_tuto/install/my_robot_interfaces/include/my_robot_interfaces/my_robot_interfaces/msg/detail
[3.552s] -- Installing: /home/rayann/ros2_ws/basics_tuto/install/my_robot_interfaces/include/my_robot_interfaces/my_robot_interfaces/msg/detail/turtle_array__builder.hpp
[3.552s] -- Installing: /home/rayann/ros2_ws/basics_tuto/install/my_robot_interfaces/include/my_robot_interfaces/my_robot_interfaces/msg/detail/turtle__traits.hpp
[3.552s] -- Installing: /home/rayann/ros2_ws/basics_tuto/install/my_robot_interfaces/include/my_robot_interfaces/my_robot_interfaces/msg/detail/turtle__struct.hpp
[3.552s] -- Installing: /home/rayann/ros2_ws/basics_tuto/install/my_robot_interfaces/include/my_robot_interfaces/my_robot_interfaces/msg/detail/led_state_array__traits.hpp
[3.553s] -- Installing: /home/rayann/ros2_ws/basics_tuto/install/my_robot_interfaces/include/my_robot_interfaces/my_robot_interfaces/msg/detail/hardware_status__traits.hpp
[3.553s] -- Installing: /home/rayann/ros2_ws/basics_tuto/install/my_robot_interfaces/include/my_robot_interfaces/my_robot_interfaces/msg/detail/led_state_array__builder.hpp
[3.554s] -- Installing: /home/rayann/ros2_ws/basics_tuto/install/my_robot_interfaces/include/my_robot_interfaces/my_robot_interfaces/msg/detail/turtle__builder.hpp
[3.555s] -- Installing: /home/rayann/ros2_ws/basics_tuto/install/my_robot_interfaces/include/my_robot_interfaces/my_robot_interfaces/msg/detail/turtle_array__traits.hpp
[3.555s] -- Installing: /home/rayann/ros2_ws/basics_tuto/install/my_robot_interfaces/include/my_robot_interfaces/my_robot_interfaces/msg/detail/turtle_array__struct.hpp
[3.555s] -- Installing: /home/rayann/ros2_ws/basics_tuto/install/my_robot_interfaces/include/my_robot_interfaces/my_robot_interfaces/msg/detail/led_state_array__struct.hpp
[3.555s] -- Installing: /home/rayann/ros2_ws/basics_tuto/install/my_robot_interfaces/include/my_robot_interfaces/my_robot_interfaces/msg/detail/hardware_status__struct.hpp
[3.555s] -- Installing: /home/rayann/ros2_ws/basics_tuto/install/my_robot_interfaces/include/my_robot_interfaces/my_robot_interfaces/msg/detail/hardware_status__builder.hpp
[3.555s] -- Installing: /home/rayann/ros2_ws/basics_tuto/install/my_robot_interfaces/include/my_robot_interfaces/my_robot_interfaces/msg/hardware_status.hpp
[3.555s] -- Installing: /home/rayann/ros2_ws/basics_tuto/install/my_robot_interfaces/include/my_robot_interfaces/my_robot_interfaces/msg/turtle_array.hpp
[3.555s] -- Up-to-date: /home/rayann/ros2_ws/basics_tuto/install/my_robot_interfaces/include/my_robot_interfaces/my_robot_interfaces/srv
[3.555s] -- Up-to-date: /home/rayann/ros2_ws/basics_tuto/install/my_robot_interfaces/include/my_robot_interfaces/my_robot_interfaces/srv/detail
[3.555s] -- Installing: /home/rayann/ros2_ws/basics_tuto/install/my_robot_interfaces/include/my_robot_interfaces/my_robot_interfaces/srv/detail/set_led__struct.hpp
[3.555s] -- Installing: /home/rayann/ros2_ws/basics_tuto/install/my_robot_interfaces/include/my_robot_interfaces/my_robot_interfaces/srv/detail/catch_turtle__traits.hpp
[3.556s] -- Installing: /home/rayann/ros2_ws/basics_tuto/install/my_robot_interfaces/include/my_robot_interfaces/my_robot_interfaces/srv/detail/compute_rectangle_area__struct.hpp
[3.556s] -- Installing: /home/rayann/ros2_ws/basics_tuto/install/my_robot_interfaces/include/my_robot_interfaces/my_robot_interfaces/srv/detail/compute_rectangle_area__traits.hpp
[3.556s] -- Installing: /home/rayann/ros2_ws/basics_tuto/install/my_robot_interfaces/include/my_robot_interfaces/my_robot_interfaces/srv/detail/catch_turtle__builder.hpp
[3.556s] -- Installing: /home/rayann/ros2_ws/basics_tuto/install/my_robot_interfaces/include/my_robot_interfaces/my_robot_interfaces/srv/detail/set_led__builder.hpp
[3.556s] -- Installing: /home/rayann/ros2_ws/basics_tuto/install/my_robot_interfaces/include/my_robot_interfaces/my_robot_interfaces/srv/detail/set_led__traits.hpp
[3.556s] -- Installing: /home/rayann/ros2_ws/basics_tuto/install/my_robot_interfaces/include/my_robot_interfaces/my_robot_interfaces/srv/detail/compute_rectangle_area__builder.hpp
[3.556s] -- Installing: /home/rayann/ros2_ws/basics_tuto/install/my_robot_interfaces/include/my_robot_interfaces/my_robot_interfaces/srv/detail/catch_turtle__struct.hpp
[3.556s] -- Installing: /home/rayann/ros2_ws/basics_tuto/install/my_robot_interfaces/include/my_robot_interfaces/my_robot_interfaces/srv/compute_rectangle_area.hpp
[3.556s] -- Installing: /home/rayann/ros2_ws/basics_tuto/install/my_robot_interfaces/include/my_robot_interfaces/my_robot_interfaces/srv/catch_turtle.hpp
[3.556s] -- Installing: /home/rayann/ros2_ws/basics_tuto/install/my_robot_interfaces/include/my_robot_interfaces/my_robot_interfaces/srv/set_led.hpp
[3.556s] -- Up-to-date: /home/rayann/ros2_ws/basics_tuto/install/my_robot_interfaces/include/my_robot_interfaces/my_robot_interfaces
[3.556s] -- Up-to-date: /home/rayann/ros2_ws/basics_tuto/install/my_robot_interfaces/include/my_robot_interfaces/my_robot_interfaces/msg
[3.556s] -- Installing: /home/rayann/ros2_ws/basics_tuto/install/my_robot_interfaces/include/my_robot_interfaces/my_robot_interfaces/msg/rosidl_typesupport_fastrtps_cpp__visibility_control.h
[3.557s] -- Up-to-date: /home/rayann/ros2_ws/basics_tuto/install/my_robot_interfaces/include/my_robot_interfaces/my_robot_interfaces/msg/detail
[3.557s] -- Installing: /home/rayann/ros2_ws/basics_tuto/install/my_robot_interfaces/include/my_robot_interfaces/my_robot_interfaces/msg/detail/turtle__rosidl_typesupport_fastrtps_cpp.hpp
[3.557s] -- Installing: /home/rayann/ros2_ws/basics_tuto/install/my_robot_interfaces/include/my_robot_interfaces/my_robot_interfaces/msg/detail/turtle_array__rosidl_typesupport_fastrtps_cpp.hpp
[3.557s] -- Installing: /home/rayann/ros2_ws/basics_tuto/install/my_robot_interfaces/include/my_robot_interfaces/my_robot_interfaces/msg/detail/dds_fastrtps
[3.557s] -- Installing: /home/rayann/ros2_ws/basics_tuto/install/my_robot_interfaces/include/my_robot_interfaces/my_robot_interfaces/msg/detail/led_state_array__rosidl_typesupport_fastrtps_cpp.hpp
[3.557s] -- Installing: /home/rayann/ros2_ws/basics_tuto/install/my_robot_interfaces/include/my_robot_interfaces/my_robot_interfaces/msg/detail/hardware_status__rosidl_typesupport_fastrtps_cpp.hpp
[3.557s] -- Up-to-date: /home/rayann/ros2_ws/basics_tuto/install/my_robot_interfaces/include/my_robot_interfaces/my_robot_interfaces/srv
[3.557s] -- Up-to-date: /home/rayann/ros2_ws/basics_tuto/install/my_robot_interfaces/include/my_robot_interfaces/my_robot_interfaces/srv/detail
[3.557s] -- Installing: /home/rayann/ros2_ws/basics_tuto/install/my_robot_interfaces/include/my_robot_interfaces/my_robot_interfaces/srv/detail/catch_turtle__rosidl_typesupport_fastrtps_cpp.hpp
[3.557s] -- Installing: /home/rayann/ros2_ws/basics_tuto/install/my_robot_interfaces/include/my_robot_interfaces/my_robot_interfaces/srv/detail/set_led__rosidl_typesupport_fastrtps_cpp.hpp
[3.557s] -- Installing: /home/rayann/ros2_ws/basics_tuto/install/my_robot_interfaces/include/my_robot_interfaces/my_robot_interfaces/srv/detail/compute_rectangle_area__rosidl_typesupport_fastrtps_cpp.hpp
[3.557s] -- Installing: /home/rayann/ros2_ws/basics_tuto/install/my_robot_interfaces/include/my_robot_interfaces/my_robot_interfaces/srv/detail/dds_fastrtps
[3.557s] -- Installing: /home/rayann/ros2_ws/basics_tuto/install/my_robot_interfaces/lib/libmy_robot_interfaces__rosidl_typesupport_fastrtps_cpp.so
[3.558s] -- Set runtime path of "/home/rayann/ros2_ws/basics_tuto/install/my_robot_interfaces/lib/libmy_robot_interfaces__rosidl_typesupport_fastrtps_cpp.so" to ""
[3.558s] -- Up-to-date: /home/rayann/ros2_ws/basics_tuto/install/my_robot_interfaces/include/my_robot_interfaces/my_robot_interfaces
[3.558s] -- Up-to-date: /home/rayann/ros2_ws/basics_tuto/install/my_robot_interfaces/include/my_robot_interfaces/my_robot_interfaces/msg
[3.558s] -- Up-to-date: /home/rayann/ros2_ws/basics_tuto/install/my_robot_interfaces/include/my_robot_interfaces/my_robot_interfaces/msg/detail
[3.558s] -- Installing: /home/rayann/ros2_ws/basics_tuto/install/my_robot_interfaces/include/my_robot_interfaces/my_robot_interfaces/msg/detail/turtle_array__type_support.cpp
[3.558s] -- Installing: /home/rayann/ros2_ws/basics_tuto/install/my_robot_interfaces/include/my_robot_interfaces/my_robot_interfaces/msg/detail/led_state_array__rosidl_typesupport_introspection_cpp.hpp
[3.558s] -- Installing: /home/rayann/ros2_ws/basics_tuto/install/my_robot_interfaces/include/my_robot_interfaces/my_robot_interfaces/msg/detail/turtle__rosidl_typesupport_introspection_cpp.hpp
[3.558s] -- Installing: /home/rayann/ros2_ws/basics_tuto/install/my_robot_interfaces/include/my_robot_interfaces/my_robot_interfaces/msg/detail/hardware_status__rosidl_typesupport_introspection_cpp.hpp
[3.558s] -- Installing: /home/rayann/ros2_ws/basics_tuto/install/my_robot_interfaces/include/my_robot_interfaces/my_robot_interfaces/msg/detail/turtle__type_support.cpp
[3.558s] -- Installing: /home/rayann/ros2_ws/basics_tuto/install/my_robot_interfaces/include/my_robot_interfaces/my_robot_interfaces/msg/detail/turtle_array__rosidl_typesupport_introspection_cpp.hpp
[3.558s] -- Installing: /home/rayann/ros2_ws/basics_tuto/install/my_robot_interfaces/include/my_robot_interfaces/my_robot_interfaces/msg/detail/led_state_array__type_support.cpp
[3.558s] -- Installing: /home/rayann/ros2_ws/basics_tuto/install/my_robot_interfaces/include/my_robot_interfaces/my_robot_interfaces/msg/detail/hardware_status__type_support.cpp
[3.558s] -- Up-to-date: /home/rayann/ros2_ws/basics_tuto/install/my_robot_interfaces/include/my_robot_interfaces/my_robot_interfaces/srv
[3.559s] -- Up-to-date: /home/rayann/ros2_ws/basics_tuto/install/my_robot_interfaces/include/my_robot_interfaces/my_robot_interfaces/srv/detail
[3.559s] -- Installing: /home/rayann/ros2_ws/basics_tuto/install/my_robot_interfaces/include/my_robot_interfaces/my_robot_interfaces/srv/detail/set_led__type_support.cpp
[3.559s] -- Installing: /home/rayann/ros2_ws/basics_tuto/install/my_robot_interfaces/include/my_robot_interfaces/my_robot_interfaces/srv/detail/catch_turtle__type_support.cpp
[3.559s] -- Installing: /home/rayann/ros2_ws/basics_tuto/install/my_robot_interfaces/include/my_robot_interfaces/my_robot_interfaces/srv/detail/compute_rectangle_area__rosidl_typesupport_introspection_cpp.hpp
[3.559s] -- Installing: /home/rayann/ros2_ws/basics_tuto/install/my_robot_interfaces/include/my_robot_interfaces/my_robot_interfaces/srv/detail/compute_rectangle_area__type_support.cpp
[3.559s] -- Installing: /home/rayann/ros2_ws/basics_tuto/install/my_robot_interfaces/include/my_robot_interfaces/my_robot_interfaces/srv/detail/set_led__rosidl_typesupport_introspection_cpp.hpp
[3.559s] -- Installing: /home/rayann/ros2_ws/basics_tuto/install/my_robot_interfaces/include/my_robot_interfaces/my_robot_interfaces/srv/detail/catch_turtle__rosidl_typesupport_introspection_cpp.hpp
[3.559s] -- Installing: /home/rayann/ros2_ws/basics_tuto/install/my_robot_interfaces/lib/libmy_robot_interfaces__rosidl_typesupport_introspection_cpp.so
[3.559s] -- Set runtime path of "/home/rayann/ros2_ws/basics_tuto/install/my_robot_interfaces/lib/libmy_robot_interfaces__rosidl_typesupport_introspection_cpp.so" to ""
[3.559s] -- Installing: /home/rayann/ros2_ws/basics_tuto/install/my_robot_interfaces/lib/libmy_robot_interfaces__rosidl_typesupport_cpp.so
[3.560s] -- Set runtime path of "/home/rayann/ros2_ws/basics_tuto/install/my_robot_interfaces/lib/libmy_robot_interfaces__rosidl_typesupport_cpp.so" to ""
[3.560s] -- Installing: /home/rayann/ros2_ws/basics_tuto/install/my_robot_interfaces/share/my_robot_interfaces/environment/pythonpath.sh
[3.560s] -- Installing: /home/rayann/ros2_ws/basics_tuto/install/my_robot_interfaces/share/my_robot_interfaces/environment/pythonpath.dsv
[3.560s] -- Installing: /home/rayann/ros2_ws/basics_tuto/install/my_robot_interfaces/local/lib/python3.10/dist-packages/my_robot_interfaces-0.0.0-py3.10.egg-info
[3.560s] -- Installing: /home/rayann/ros2_ws/basics_tuto/install/my_robot_interfaces/local/lib/python3.10/dist-packages/my_robot_interfaces-0.0.0-py3.10.egg-info/PKG-INFO
[3.560s] -- Installing: /home/rayann/ros2_ws/basics_tuto/install/my_robot_interfaces/local/lib/python3.10/dist-packages/my_robot_interfaces-0.0.0-py3.10.egg-info/dependency_links.txt
[3.560s] -- Installing: /home/rayann/ros2_ws/basics_tuto/install/my_robot_interfaces/local/lib/python3.10/dist-packages/my_robot_interfaces-0.0.0-py3.10.egg-info/top_level.txt
[3.560s] -- Installing: /home/rayann/ros2_ws/basics_tuto/install/my_robot_interfaces/local/lib/python3.10/dist-packages/my_robot_interfaces-0.0.0-py3.10.egg-info/SOURCES.txt
[3.560s] -- Installing: /home/rayann/ros2_ws/basics_tuto/install/my_robot_interfaces/local/lib/python3.10/dist-packages/my_robot_interfaces
[3.560s] -- Installing: /home/rayann/ros2_ws/basics_tuto/install/my_robot_interfaces/local/lib/python3.10/dist-packages/my_robot_interfaces/libmy_robot_interfaces__rosidl_generator_py.so
[3.561s] -- Installing: /home/rayann/ros2_ws/basics_tuto/install/my_robot_interfaces/local/lib/python3.10/dist-packages/my_robot_interfaces/msg
[3.561s] -- Installing: /home/rayann/ros2_ws/basics_tuto/install/my_robot_interfaces/local/lib/python3.10/dist-packages/my_robot_interfaces/msg/_turtle_s.c
[3.561s] -- Installing: /home/rayann/ros2_ws/basics_tuto/install/my_robot_interfaces/local/lib/python3.10/dist-packages/my_robot_interfaces/msg/_hardware_status_s.c
[3.561s] -- Installing: /home/rayann/ros2_ws/basics_tuto/install/my_robot_interfaces/local/lib/python3.10/dist-packages/my_robot_interfaces/msg/_turtle.py
[3.561s] -- Installing: /home/rayann/ros2_ws/basics_tuto/install/my_robot_interfaces/local/lib/python3.10/dist-packages/my_robot_interfaces/msg/_turtle_array.py
[3.561s] -- Installing: /home/rayann/ros2_ws/basics_tuto/install/my_robot_interfaces/local/lib/python3.10/dist-packages/my_robot_interfaces/msg/_led_state_array.py
[3.561s] -- Installing: /home/rayann/ros2_ws/basics_tuto/install/my_robot_interfaces/local/lib/python3.10/dist-packages/my_robot_interfaces/msg/_turtle_array_s.c
[3.561s] -- Installing: /home/rayann/ros2_ws/basics_tuto/install/my_robot_interfaces/local/lib/python3.10/dist-packages/my_robot_interfaces/msg/__init__.py
[3.561s] -- Installing: /home/rayann/ros2_ws/basics_tuto/install/my_robot_interfaces/local/lib/python3.10/dist-packages/my_robot_interfaces/msg/_led_state_array_s.c
[3.561s] -- Installing: /home/rayann/ros2_ws/basics_tuto/install/my_robot_interfaces/local/lib/python3.10/dist-packages/my_robot_interfaces/msg/_hardware_status.py
[3.561s] -- Installing: /home/rayann/ros2_ws/basics_tuto/install/my_robot_interfaces/local/lib/python3.10/dist-packages/my_robot_interfaces/_my_robot_interfaces_s.ep.rosidl_typesupport_c.c
[3.561s] -- Installing: /home/rayann/ros2_ws/basics_tuto/install/my_robot_interfaces/local/lib/python3.10/dist-packages/my_robot_interfaces/my_robot_interfaces_s__rosidl_typesupport_fastrtps_c.cpython-310-x86_64-linux-gnu.so
[3.562s] -- Installing: /home/rayann/ros2_ws/basics_tuto/install/my_robot_interfaces/local/lib/python3.10/dist-packages/my_robot_interfaces/_my_robot_interfaces_s.ep.rosidl_typesupport_introspection_c.c
[3.562s] -- Installing: /home/rayann/ros2_ws/basics_tuto/install/my_robot_interfaces/local/lib/python3.10/dist-packages/my_robot_interfaces/_my_robot_interfaces_s.ep.rosidl_typesupport_fastrtps_c.c
[3.562s] -- Installing: /home/rayann/ros2_ws/basics_tuto/install/my_robot_interfaces/local/lib/python3.10/dist-packages/my_robot_interfaces/my_robot_interfaces_s__rosidl_typesupport_introspection_c.cpython-310-x86_64-linux-gnu.so
[3.562s] -- Installing: /home/rayann/ros2_ws/basics_tuto/install/my_robot_interfaces/local/lib/python3.10/dist-packages/my_robot_interfaces/my_robot_interfaces_s__rosidl_typesupport_c.cpython-310-x86_64-linux-gnu.so
[3.562s] -- Installing: /home/rayann/ros2_ws/basics_tuto/install/my_robot_interfaces/local/lib/python3.10/dist-packages/my_robot_interfaces/__init__.py
[3.562s] -- Installing: /home/rayann/ros2_ws/basics_tuto/install/my_robot_interfaces/local/lib/python3.10/dist-packages/my_robot_interfaces/srv
[3.562s] -- Installing: /home/rayann/ros2_ws/basics_tuto/install/my_robot_interfaces/local/lib/python3.10/dist-packages/my_robot_interfaces/srv/_set_led.py
[3.562s] -- Installing: /home/rayann/ros2_ws/basics_tuto/install/my_robot_interfaces/local/lib/python3.10/dist-packages/my_robot_interfaces/srv/_compute_rectangle_area.py
[3.562s] -- Installing: /home/rayann/ros2_ws/basics_tuto/install/my_robot_interfaces/local/lib/python3.10/dist-packages/my_robot_interfaces/srv/_compute_rectangle_area_s.c
[3.563s] -- Installing: /home/rayann/ros2_ws/basics_tuto/install/my_robot_interfaces/local/lib/python3.10/dist-packages/my_robot_interfaces/srv/_set_led_s.c
[3.563s] -- Installing: /home/rayann/ros2_ws/basics_tuto/install/my_robot_interfaces/local/lib/python3.10/dist-packages/my_robot_interfaces/srv/_catch_turtle.py
[3.563s] -- Installing: /home/rayann/ros2_ws/basics_tuto/install/my_robot_interfaces/local/lib/python3.10/dist-packages/my_robot_interfaces/srv/_catch_turtle_s.c
[3.563s] -- Installing: /home/rayann/ros2_ws/basics_tuto/install/my_robot_interfaces/local/lib/python3.10/dist-packages/my_robot_interfaces/srv/__init__.py
[3.588s] Listing '/home/rayann/ros2_ws/basics_tuto/install/my_robot_interfaces/local/lib/python3.10/dist-packages/my_robot_interfaces'...
[3.588s] Compiling '/home/rayann/ros2_ws/basics_tuto/install/my_robot_interfaces/local/lib/python3.10/dist-packages/my_robot_interfaces/__init__.py'...
[3.588s] Listing '/home/rayann/ros2_ws/basics_tuto/install/my_robot_interfaces/local/lib/python3.10/dist-packages/my_robot_interfaces/msg'...
[3.589s] Compiling '/home/rayann/ros2_ws/basics_tuto/install/my_robot_interfaces/local/lib/python3.10/dist-packages/my_robot_interfaces/msg/__init__.py'...
[3.589s] Compiling '/home/rayann/ros2_ws/basics_tuto/install/my_robot_interfaces/local/lib/python3.10/dist-packages/my_robot_interfaces/msg/_hardware_status.py'...
[3.589s] Compiling '/home/rayann/ros2_ws/basics_tuto/install/my_robot_interfaces/local/lib/python3.10/dist-packages/my_robot_interfaces/msg/_led_state_array.py'...
[3.589s] Compiling '/home/rayann/ros2_ws/basics_tuto/install/my_robot_interfaces/local/lib/python3.10/dist-packages/my_robot_interfaces/msg/_turtle.py'...
[3.589s] Compiling '/home/rayann/ros2_ws/basics_tuto/install/my_robot_interfaces/local/lib/python3.10/dist-packages/my_robot_interfaces/msg/_turtle_array.py'...
[3.589s] Listing '/home/rayann/ros2_ws/basics_tuto/install/my_robot_interfaces/local/lib/python3.10/dist-packages/my_robot_interfaces/srv'...
[3.589s] Compiling '/home/rayann/ros2_ws/basics_tuto/install/my_robot_interfaces/local/lib/python3.10/dist-packages/my_robot_interfaces/srv/__init__.py'...
[3.589s] Compiling '/home/rayann/ros2_ws/basics_tuto/install/my_robot_interfaces/local/lib/python3.10/dist-packages/my_robot_interfaces/srv/_catch_turtle.py'...
[3.589s] Compiling '/home/rayann/ros2_ws/basics_tuto/install/my_robot_interfaces/local/lib/python3.10/dist-packages/my_robot_interfaces/srv/_compute_rectangle_area.py'...
[3.589s] Compiling '/home/rayann/ros2_ws/basics_tuto/install/my_robot_interfaces/local/lib/python3.10/dist-packages/my_robot_interfaces/srv/_set_led.py'...
[3.592s] -- Installing: /home/rayann/ros2_ws/basics_tuto/install/my_robot_interfaces/local/lib/python3.10/dist-packages/my_robot_interfaces/my_robot_interfaces_s__rosidl_typesupport_fastrtps_c.cpython-310-x86_64-linux-gnu.so
[3.592s] -- Set runtime path of "/home/rayann/ros2_ws/basics_tuto/install/my_robot_interfaces/local/lib/python3.10/dist-packages/my_robot_interfaces/my_robot_interfaces_s__rosidl_typesupport_fastrtps_c.cpython-310-x86_64-linux-gnu.so" to ""
[3.592s] -- Installing: /home/rayann/ros2_ws/basics_tuto/install/my_robot_interfaces/local/lib/python3.10/dist-packages/my_robot_interfaces/my_robot_interfaces_s__rosidl_typesupport_introspection_c.cpython-310-x86_64-linux-gnu.so
[3.593s] -- Set runtime path of "/home/rayann/ros2_ws/basics_tuto/install/my_robot_interfaces/local/lib/python3.10/dist-packages/my_robot_interfaces/my_robot_interfaces_s__rosidl_typesupport_introspection_c.cpython-310-x86_64-linux-gnu.so" to ""
[3.593s] -- Installing: /home/rayann/ros2_ws/basics_tuto/install/my_robot_interfaces/local/lib/python3.10/dist-packages/my_robot_interfaces/my_robot_interfaces_s__rosidl_typesupport_c.cpython-310-x86_64-linux-gnu.so
[3.593s] -- Set runtime path of "/home/rayann/ros2_ws/basics_tuto/install/my_robot_interfaces/local/lib/python3.10/dist-packages/my_robot_interfaces/my_robot_interfaces_s__rosidl_typesupport_c.cpython-310-x86_64-linux-gnu.so" to ""
[3.593s] -- Installing: /home/rayann/ros2_ws/basics_tuto/install/my_robot_interfaces/lib/libmy_robot_interfaces__rosidl_generator_py.so
[3.593s] -- Set runtime path of "/home/rayann/ros2_ws/basics_tuto/install/my_robot_interfaces/lib/libmy_robot_interfaces__rosidl_generator_py.so" to ""
[3.593s] -- Installing: /home/rayann/ros2_ws/basics_tuto/install/my_robot_interfaces/share/my_robot_interfaces/msg/HardwareStatus.idl
[3.593s] -- Installing: /home/rayann/ros2_ws/basics_tuto/install/my_robot_interfaces/share/my_robot_interfaces/msg/LedStateArray.idl
[3.593s] -- Installing: /home/rayann/ros2_ws/basics_tuto/install/my_robot_interfaces/share/my_robot_interfaces/msg/Turtle.idl
[3.593s] -- Installing: /home/rayann/ros2_ws/basics_tuto/install/my_robot_interfaces/share/my_robot_interfaces/msg/TurtleArray.idl
[3.594s] -- Installing: /home/rayann/ros2_ws/basics_tuto/install/my_robot_interfaces/share/my_robot_interfaces/srv/ComputeRectangleArea.idl
[3.594s] -- Installing: /home/rayann/ros2_ws/basics_tuto/install/my_robot_interfaces/share/my_robot_interfaces/srv/SetLed.idl
[3.594s] -- Installing: /home/rayann/ros2_ws/basics_tuto/install/my_robot_interfaces/share/my_robot_interfaces/srv/CatchTurtle.idl
[3.594s] -- Installing: /home/rayann/ros2_ws/basics_tuto/install/my_robot_interfaces/share/my_robot_interfaces/msg/HardwareStatus.msg
[3.594s] -- Installing: /home/rayann/ros2_ws/basics_tuto/install/my_robot_interfaces/share/my_robot_interfaces/msg/LedStateArray.msg
[3.594s] -- Installing: /home/rayann/ros2_ws/basics_tuto/install/my_robot_interfaces/share/my_robot_interfaces/msg/Turtle.msg
[3.594s] -- Installing: /home/rayann/ros2_ws/basics_tuto/install/my_robot_interfaces/share/my_robot_interfaces/msg/TurtleArray.msg
[3.594s] -- Installing: /home/rayann/ros2_ws/basics_tuto/install/my_robot_interfaces/share/my_robot_interfaces/srv/ComputeRectangleArea.srv
[3.594s] -- Installing: /home/rayann/ros2_ws/basics_tuto/install/my_robot_interfaces/share/my_robot_interfaces/srv/ComputeRectangleArea_Request.msg
[3.594s] -- Installing: /home/rayann/ros2_ws/basics_tuto/install/my_robot_interfaces/share/my_robot_interfaces/srv/ComputeRectangleArea_Response.msg
[3.594s] -- Installing: /home/rayann/ros2_ws/basics_tuto/install/my_robot_interfaces/share/my_robot_interfaces/srv/SetLed.srv
[3.595s] -- Installing: /home/rayann/ros2_ws/basics_tuto/install/my_robot_interfaces/share/my_robot_interfaces/srv/SetLed_Request.msg
[3.595s] -- Installing: /home/rayann/ros2_ws/basics_tuto/install/my_robot_interfaces/share/my_robot_interfaces/srv/SetLed_Response.msg
[3.595s] -- Installing: /home/rayann/ros2_ws/basics_tuto/install/my_robot_interfaces/share/my_robot_interfaces/srv/CatchTurtle.srv
[3.595s] -- Installing: /home/rayann/ros2_ws/basics_tuto/install/my_robot_interfaces/share/my_robot_interfaces/srv/CatchTurtle_Request.msg
[3.595s] -- Installing: /home/rayann/ros2_ws/basics_tuto/install/my_robot_interfaces/share/my_robot_interfaces/srv/CatchTurtle_Response.msg
[3.595s] -- Installing: /home/rayann/ros2_ws/basics_tuto/install/my_robot_interfaces/share/ament_index/resource_index/package_run_dependencies/my_robot_interfaces
[3.595s] -- Installing: /home/rayann/ros2_ws/basics_tuto/install/my_robot_interfaces/share/ament_index/resource_index/parent_prefix_path/my_robot_interfaces
[3.595s] -- Installing: /home/rayann/ros2_ws/basics_tuto/install/my_robot_interfaces/share/my_robot_interfaces/environment/ament_prefix_path.sh
[3.595s] -- Installing: /home/rayann/ros2_ws/basics_tuto/install/my_robot_interfaces/share/my_robot_interfaces/environment/ament_prefix_path.dsv
[3.595s] -- Installing: /home/rayann/ros2_ws/basics_tuto/install/my_robot_interfaces/share/my_robot_interfaces/environment/path.sh
[3.596s] -- Installing: /home/rayann/ros2_ws/basics_tuto/install/my_robot_interfaces/share/my_robot_interfaces/environment/path.dsv
[3.596s] -- Installing: /home/rayann/ros2_ws/basics_tuto/install/my_robot_interfaces/share/my_robot_interfaces/local_setup.bash
[3.596s] -- Installing: /home/rayann/ros2_ws/basics_tuto/install/my_robot_interfaces/share/my_robot_interfaces/local_setup.sh
[3.596s] -- Installing: /home/rayann/ros2_ws/basics_tuto/install/my_robot_interfaces/share/my_robot_interfaces/local_setup.zsh
[3.596s] -- Installing: /home/rayann/ros2_ws/basics_tuto/install/my_robot_interfaces/share/my_robot_interfaces/local_setup.dsv
[3.596s] -- Installing: /home/rayann/ros2_ws/basics_tuto/install/my_robot_interfaces/share/my_robot_interfaces/package.dsv
[3.596s] -- Installing: /home/rayann/ros2_ws/basics_tuto/install/my_robot_interfaces/share/ament_index/resource_index/packages/my_robot_interfaces
[3.596s] -- Installing: /home/rayann/ros2_ws/basics_tuto/install/my_robot_interfaces/share/my_robot_interfaces/cmake/export_my_robot_interfaces__rosidl_generator_cExport.cmake
[3.596s] -- Installing: /home/rayann/ros2_ws/basics_tuto/install/my_robot_interfaces/share/my_robot_interfaces/cmake/export_my_robot_interfaces__rosidl_generator_cExport-noconfig.cmake
[3.596s] -- Installing: /home/rayann/ros2_ws/basics_tuto/install/my_robot_interfaces/share/my_robot_interfaces/cmake/export_my_robot_interfaces__rosidl_typesupport_fastrtps_cExport.cmake
[3.597s] -- Installing: /home/rayann/ros2_ws/basics_tuto/install/my_robot_interfaces/share/my_robot_interfaces/cmake/export_my_robot_interfaces__rosidl_typesupport_fastrtps_cExport-noconfig.cmake
[3.597s] -- Installing: /home/rayann/ros2_ws/basics_tuto/install/my_robot_interfaces/share/my_robot_interfaces/cmake/my_robot_interfaces__rosidl_typesupport_introspection_cExport.cmake
[3.597s] -- Installing: /home/rayann/ros2_ws/basics_tuto/install/my_robot_interfaces/share/my_robot_interfaces/cmake/my_robot_interfaces__rosidl_typesupport_introspection_cExport-noconfig.cmake
[3.597s] -- Installing: /home/rayann/ros2_ws/basics_tuto/install/my_robot_interfaces/share/my_robot_interfaces/cmake/my_robot_interfaces__rosidl_typesupport_cExport.cmake
[3.597s] -- Installing: /home/rayann/ros2_ws/basics_tuto/install/my_robot_interfaces/share/my_robot_interfaces/cmake/my_robot_interfaces__rosidl_typesupport_cExport-noconfig.cmake
[3.597s] -- Installing: /home/rayann/ros2_ws/basics_tuto/install/my_robot_interfaces/share/my_robot_interfaces/cmake/export_my_robot_interfaces__rosidl_generator_cppExport.cmake
[3.597s] -- Installing: /home/rayann/ros2_ws/basics_tuto/install/my_robot_interfaces/share/my_robot_interfaces/cmake/export_my_robot_interfaces__rosidl_typesupport_fastrtps_cppExport.cmake
[3.597s] -- Installing: /home/rayann/ros2_ws/basics_tuto/install/my_robot_interfaces/share/my_robot_interfaces/cmake/export_my_robot_interfaces__rosidl_typesupport_fastrtps_cppExport-noconfig.cmake
[3.597s] -- Installing: /home/rayann/ros2_ws/basics_tuto/install/my_robot_interfaces/share/my_robot_interfaces/cmake/my_robot_interfaces__rosidl_typesupport_introspection_cppExport.cmake
[3.598s] -- Installing: /home/rayann/ros2_ws/basics_tuto/install/my_robot_interfaces/share/my_robot_interfaces/cmake/my_robot_interfaces__rosidl_typesupport_introspection_cppExport-noconfig.cmake
[3.598s] -- Installing: /home/rayann/ros2_ws/basics_tuto/install/my_robot_interfaces/share/my_robot_interfaces/cmake/my_robot_interfaces__rosidl_typesupport_cppExport.cmake
[3.598s] -- Installing: /home/rayann/ros2_ws/basics_tuto/install/my_robot_interfaces/share/my_robot_interfaces/cmake/my_robot_interfaces__rosidl_typesupport_cppExport-noconfig.cmake
[3.598s] -- Installing: /home/rayann/ros2_ws/basics_tuto/install/my_robot_interfaces/share/my_robot_interfaces/cmake/export_my_robot_interfaces__rosidl_generator_pyExport.cmake
[3.598s] -- Installing: /home/rayann/ros2_ws/basics_tuto/install/my_robot_interfaces/share/my_robot_interfaces/cmake/export_my_robot_interfaces__rosidl_generator_pyExport-noconfig.cmake
[3.598s] -- Installing: /home/rayann/ros2_ws/basics_tuto/install/my_robot_interfaces/share/my_robot_interfaces/cmake/rosidl_cmake-extras.cmake
[3.598s] -- Installing: /home/rayann/ros2_ws/basics_tuto/install/my_robot_interfaces/share/my_robot_interfaces/cmake/ament_cmake_export_include_directories-extras.cmake
[3.598s] -- Installing: /home/rayann/ros2_ws/basics_tuto/install/my_robot_interfaces/share/my_robot_interfaces/cmake/ament_cmake_export_libraries-extras.cmake
[3.598s] -- Installing: /home/rayann/ros2_ws/basics_tuto/install/my_robot_interfaces/share/my_robot_interfaces/cmake/ament_cmake_export_targets-extras.cmake
[3.599s] -- Installing: /home/rayann/ros2_ws/basics_tuto/install/my_robot_interfaces/share/my_robot_interfaces/cmake/rosidl_cmake_export_typesupport_targets-extras.cmake
[3.599s] -- Installing: /home/rayann/ros2_ws/basics_tuto/install/my_robot_interfaces/share/my_robot_interfaces/cmake/ament_cmake_export_dependencies-extras.cmake
[3.599s] -- Installing: /home/rayann/ros2_ws/basics_tuto/install/my_robot_interfaces/share/my_robot_interfaces/cmake/rosidl_cmake_export_typesupport_libraries-extras.cmake
[3.599s] -- Installing: /home/rayann/ros2_ws/basics_tuto/install/my_robot_interfaces/share/my_robot_interfaces/cmake/my_robot_interfacesConfig.cmake
[3.599s] -- Installing: /home/rayann/ros2_ws/basics_tuto/install/my_robot_interfaces/share/my_robot_interfaces/cmake/my_robot_interfacesConfig-version.cmake
[3.599s] -- Installing: /home/rayann/ros2_ws/basics_tuto/install/my_robot_interfaces/share/my_robot_interfaces/package.xml
[3.601s] Invoked command in '/home/rayann/ros2_ws/basics_tuto/build/my_robot_interfaces' returned '0': CMAKE_PREFIX_PATH=/opt/ros/humble /usr/bin/cmake --install /home/rayann/ros2_ws/basics_tuto/build/my_robot_interfaces
