[0.031s] Invoking command in '/home/rayann/xrc_rover/build/xrc_rover_teleop': CMAKE_PREFIX_PATH=/opt/ros/humble /usr/bin/cmake --build /home/rayann/xrc_rover/build/xrc_rover_teleop -- -j16 -l16
[0.088s] [100%] Built target keyboard_teleop_node
[0.104s] Invoked command in '/home/rayann/xrc_rover/build/xrc_rover_teleop' returned '0': CMAKE_PREFIX_PATH=/opt/ros/humble /usr/bin/cmake --build /home/rayann/xrc_rover/build/xrc_rover_teleop -- -j16 -l16
[0.170s] Invoking command in '/home/rayann/xrc_rover/build/xrc_rover_teleop': CMAKE_PREFIX_PATH=/opt/ros/humble /usr/bin/cmake --install /home/rayann/xrc_rover/build/xrc_rover_teleop
[0.174s] -- Install configuration: ""
[0.175s] -- Execute custom install script
[0.175s] -- Up-to-date symlink: /home/rayann/xrc_rover/install/xrc_rover_teleop/lib/xrc_rover_teleop/keyboard_teleop_node
[0.175s] -- Up-to-date symlink: /home/rayann/xrc_rover/install/xrc_rover_teleop/share/ament_index/resource_index/package_run_dependencies/xrc_rover_teleop
[0.176s] -- Up-to-date symlink: /home/rayann/xrc_rover/install/xrc_rover_teleop/share/ament_index/resource_index/parent_prefix_path/xrc_rover_teleop
[0.176s] -- Up-to-date symlink: /home/rayann/xrc_rover/install/xrc_rover_teleop/share/xrc_rover_teleop/environment/ament_prefix_path.sh
[0.176s] -- Up-to-date symlink: /home/rayann/xrc_rover/install/xrc_rover_teleop/share/xrc_rover_teleop/environment/ament_prefix_path.dsv
[0.176s] -- Up-to-date symlink: /home/rayann/xrc_rover/install/xrc_rover_teleop/share/xrc_rover_teleop/environment/path.sh
[0.176s] -- Up-to-date symlink: /home/rayann/xrc_rover/install/xrc_rover_teleop/share/xrc_rover_teleop/environment/path.dsv
[0.176s] -- Up-to-date symlink: /home/rayann/xrc_rover/install/xrc_rover_teleop/share/xrc_rover_teleop/local_setup.bash
[0.177s] -- Up-to-date symlink: /home/rayann/xrc_rover/install/xrc_rover_teleop/share/xrc_rover_teleop/local_setup.sh
[0.177s] -- Up-to-date symlink: /home/rayann/xrc_rover/install/xrc_rover_teleop/share/xrc_rover_teleop/local_setup.zsh
[0.177s] -- Up-to-date symlink: /home/rayann/xrc_rover/install/xrc_rover_teleop/share/xrc_rover_teleop/local_setup.dsv
[0.177s] -- Symlinking: /home/rayann/xrc_rover/install/xrc_rover_teleop/share/xrc_rover_teleop/package.dsv
[0.184s] -- Up-to-date symlink: /home/rayann/xrc_rover/install/xrc_rover_teleop/share/ament_index/resource_index/packages/xrc_rover_teleop
[0.184s] -- Up-to-date symlink: /home/rayann/xrc_rover/install/xrc_rover_teleop/share/xrc_rover_teleop/cmake/xrc_rover_teleopConfig.cmake
[0.185s] -- Up-to-date symlink: /home/rayann/xrc_rover/install/xrc_rover_teleop/share/xrc_rover_teleop/cmake/xrc_rover_teleopConfig-version.cmake
[0.185s] -- Up-to-date symlink: /home/rayann/xrc_rover/install/xrc_rover_teleop/share/xrc_rover_teleop/package.xml
[0.231s] Invoked command in '/home/rayann/xrc_rover/build/xrc_rover_teleop' returned '0': CMAKE_PREFIX_PATH=/opt/ros/humble /usr/bin/cmake --install /home/rayann/xrc_rover/build/xrc_rover_teleop
