[0.030s] Invoking command in '/home/rayann/ros2_ws/basics_tuto/build/my_robot_bringup': AMENT_PREFIX_PATH=/home/rayann/ros2_ws/basics_tuto/install/turtlesim_project_cpp:/home/rayann/ros2_ws/basics_tuto/install/turtlesim_catch_them_all:/home/rayann/ros2_ws/basics_tuto/install/my_py_pkg:/home/rayann/ros2_ws/basics_tuto/install/my_cpp_pkg:/home/rayann/ros2_ws/basics_tuto/install/my_robot_interfaces:${AMENT_PREFIX_PATH} CMAKE_PREFIX_PATH=/home/rayann/ros2_ws/basics_tuto/install/turtlesim_project_cpp:/home/rayann/ros2_ws/basics_tuto/install/my_cpp_pkg:/home/rayann/ros2_ws/basics_tuto/install/my_robot_interfaces:/opt/ros/humble LD_LIBRARY_PATH=/home/rayann/ros2_ws/basics_tuto/install/my_robot_interfaces/lib:${LD_LIBRARY_PATH} PYTHONPATH=/home/rayann/ros2_ws/basics_tuto/install/turtlesim_catch_them_all/lib/python3.10/site-packages:/home/rayann/ros2_ws/basics_tuto/install/my_py_pkg/lib/python3.10/site-packages:/home/rayann/ros2_ws/basics_tuto/install/my_robot_interfaces/local/lib/python3.10/dist-packages:${PYTHONPATH} /usr/bin/cmake /home/rayann/ros2_ws/basics_tuto/src/my_robot_bringup -DCMAKE_INSTALL_PREFIX=/home/rayann/ros2_ws/basics_tuto/install/my_robot_bringup
[0.072s] -- The C compiler identification is GNU 11.4.0
[0.117s] -- The CXX compiler identification is GNU 11.4.0
[0.123s] -- Detecting C compiler ABI info
[0.181s] -- Detecting C compiler ABI info - done
[0.193s] -- Check for working C compiler: /usr/bin/cc - skipped
[0.193s] -- Detecting C compile features
[0.194s] -- Detecting C compile features - done
[0.200s] -- Detecting CXX compiler ABI info
[0.272s] -- Detecting CXX compiler ABI info - done
[0.285s] -- Check for working CXX compiler: /usr/bin/c++ - skipped
[0.285s] -- Detecting CXX compile features
[0.285s] -- Detecting CXX compile features - done
[0.290s] -- Found ament_cmake: 1.3.6 (/opt/ros/humble/share/ament_cmake/cmake)
[0.419s] -- Found Python3: /usr/bin/python3.10 (found version "3.10.12") found components: Interpreter 
[0.530s] -- Configuring done
[0.532s] -- Generating done
[0.533s] -- Build files have been written to: /home/rayann/ros2_ws/basics_tuto/build/my_robot_bringup
[0.536s] Invoked command in '/home/rayann/ros2_ws/basics_tuto/build/my_robot_bringup' returned '0': AMENT_PREFIX_PATH=/home/rayann/ros2_ws/basics_tuto/install/turtlesim_project_cpp:/home/rayann/ros2_ws/basics_tuto/install/turtlesim_catch_them_all:/home/rayann/ros2_ws/basics_tuto/install/my_py_pkg:/home/rayann/ros2_ws/basics_tuto/install/my_cpp_pkg:/home/rayann/ros2_ws/basics_tuto/install/my_robot_interfaces:${AMENT_PREFIX_PATH} CMAKE_PREFIX_PATH=/home/rayann/ros2_ws/basics_tuto/install/turtlesim_project_cpp:/home/rayann/ros2_ws/basics_tuto/install/my_cpp_pkg:/home/rayann/ros2_ws/basics_tuto/install/my_robot_interfaces:/opt/ros/humble LD_LIBRARY_PATH=/home/rayann/ros2_ws/basics_tuto/install/my_robot_interfaces/lib:${LD_LIBRARY_PATH} PYTHONPATH=/home/rayann/ros2_ws/basics_tuto/install/turtlesim_catch_them_all/lib/python3.10/site-packages:/home/rayann/ros2_ws/basics_tuto/install/my_py_pkg/lib/python3.10/site-packages:/home/rayann/ros2_ws/basics_tuto/install/my_robot_interfaces/local/lib/python3.10/dist-packages:${PYTHONPATH} /usr/bin/cmake /home/rayann/ros2_ws/basics_tuto/src/my_robot_bringup -DCMAKE_INSTALL_PREFIX=/home/rayann/ros2_ws/basics_tuto/install/my_robot_bringup
[0.538s] Invoking command in '/home/rayann/ros2_ws/basics_tuto/build/my_robot_bringup': AMENT_PREFIX_PATH=/home/rayann/ros2_ws/basics_tuto/install/turtlesim_project_cpp:/home/rayann/ros2_ws/basics_tuto/install/turtlesim_catch_them_all:/home/rayann/ros2_ws/basics_tuto/install/my_py_pkg:/home/rayann/ros2_ws/basics_tuto/install/my_cpp_pkg:/home/rayann/ros2_ws/basics_tuto/install/my_robot_interfaces:${AMENT_PREFIX_PATH} CMAKE_PREFIX_PATH=/home/rayann/ros2_ws/basics_tuto/install/turtlesim_project_cpp:/home/rayann/ros2_ws/basics_tuto/install/my_cpp_pkg:/home/rayann/ros2_ws/basics_tuto/install/my_robot_interfaces:/opt/ros/humble LD_LIBRARY_PATH=/home/rayann/ros2_ws/basics_tuto/install/my_robot_interfaces/lib:${LD_LIBRARY_PATH} PYTHONPATH=/home/rayann/ros2_ws/basics_tuto/install/turtlesim_catch_them_all/lib/python3.10/site-packages:/home/rayann/ros2_ws/basics_tuto/install/my_py_pkg/lib/python3.10/site-packages:/home/rayann/ros2_ws/basics_tuto/install/my_robot_interfaces/local/lib/python3.10/dist-packages:${PYTHONPATH} /usr/bin/cmake --build /home/rayann/ros2_ws/basics_tuto/build/my_robot_bringup -- -j16 -l16
[0.574s] Invoked command in '/home/rayann/ros2_ws/basics_tuto/build/my_robot_bringup' returned '0': AMENT_PREFIX_PATH=/home/rayann/ros2_ws/basics_tuto/install/turtlesim_project_cpp:/home/rayann/ros2_ws/basics_tuto/install/turtlesim_catch_them_all:/home/rayann/ros2_ws/basics_tuto/install/my_py_pkg:/home/rayann/ros2_ws/basics_tuto/install/my_cpp_pkg:/home/rayann/ros2_ws/basics_tuto/install/my_robot_interfaces:${AMENT_PREFIX_PATH} CMAKE_PREFIX_PATH=/home/rayann/ros2_ws/basics_tuto/install/turtlesim_project_cpp:/home/rayann/ros2_ws/basics_tuto/install/my_cpp_pkg:/home/rayann/ros2_ws/basics_tuto/install/my_robot_interfaces:/opt/ros/humble LD_LIBRARY_PATH=/home/rayann/ros2_ws/basics_tuto/install/my_robot_interfaces/lib:${LD_LIBRARY_PATH} PYTHONPATH=/home/rayann/ros2_ws/basics_tuto/install/turtlesim_catch_them_all/lib/python3.10/site-packages:/home/rayann/ros2_ws/basics_tuto/install/my_py_pkg/lib/python3.10/site-packages:/home/rayann/ros2_ws/basics_tuto/install/my_robot_interfaces/local/lib/python3.10/dist-packages:${PYTHONPATH} /usr/bin/cmake --build /home/rayann/ros2_ws/basics_tuto/build/my_robot_bringup -- -j16 -l16
[0.603s] Invoking command in '/home/rayann/ros2_ws/basics_tuto/build/my_robot_bringup': AMENT_PREFIX_PATH=/home/rayann/ros2_ws/basics_tuto/install/turtlesim_project_cpp:/home/rayann/ros2_ws/basics_tuto/install/turtlesim_catch_them_all:/home/rayann/ros2_ws/basics_tuto/install/my_py_pkg:/home/rayann/ros2_ws/basics_tuto/install/my_cpp_pkg:/home/rayann/ros2_ws/basics_tuto/install/my_robot_interfaces:${AMENT_PREFIX_PATH} CMAKE_PREFIX_PATH=/home/rayann/ros2_ws/basics_tuto/install/turtlesim_project_cpp:/home/rayann/ros2_ws/basics_tuto/install/my_cpp_pkg:/home/rayann/ros2_ws/basics_tuto/install/my_robot_interfaces:/opt/ros/humble LD_LIBRARY_PATH=/home/rayann/ros2_ws/basics_tuto/install/my_robot_interfaces/lib:${LD_LIBRARY_PATH} PYTHONPATH=/home/rayann/ros2_ws/basics_tuto/install/turtlesim_catch_them_all/lib/python3.10/site-packages:/home/rayann/ros2_ws/basics_tuto/install/my_py_pkg/lib/python3.10/site-packages:/home/rayann/ros2_ws/basics_tuto/install/my_robot_interfaces/local/lib/python3.10/dist-packages:${PYTHONPATH} /usr/bin/cmake --install /home/rayann/ros2_ws/basics_tuto/build/my_robot_bringup
[0.609s] -- Install configuration: ""
[0.609s] -- Installing: /home/rayann/ros2_ws/basics_tuto/install/my_robot_bringup/share/my_robot_bringup/launch
[0.609s] -- Installing: /home/rayann/ros2_ws/basics_tuto/install/my_robot_bringup/share/my_robot_bringup/launch/turtlesim_catch_them_all.launch.py
[0.609s] -- Installing: /home/rayann/ros2_ws/basics_tuto/install/my_robot_bringup/share/my_robot_bringup/launch/radio.launch.py
[0.609s] -- Installing: /home/rayann/ros2_ws/basics_tuto/install/my_robot_bringup/share/my_robot_bringup/launch/turtlesim_miniproject_cpp.launch.py
[0.609s] -- Installing: /home/rayann/ros2_ws/basics_tuto/install/my_robot_bringup/share/my_robot_bringup/launch/number_app.launch.py
[0.610s] -- Installing: /home/rayann/ros2_ws/basics_tuto/install/my_robot_bringup/share/ament_index/resource_index/package_run_dependencies/my_robot_bringup
[0.610s] -- Installing: /home/rayann/ros2_ws/basics_tuto/install/my_robot_bringup/share/ament_index/resource_index/parent_prefix_path/my_robot_bringup
[0.610s] -- Installing: /home/rayann/ros2_ws/basics_tuto/install/my_robot_bringup/share/my_robot_bringup/environment/ament_prefix_path.sh
[0.610s] -- Installing: /home/rayann/ros2_ws/basics_tuto/install/my_robot_bringup/share/my_robot_bringup/environment/ament_prefix_path.dsv
[0.610s] -- Installing: /home/rayann/ros2_ws/basics_tuto/install/my_robot_bringup/share/my_robot_bringup/environment/path.sh
[0.610s] -- Installing: /home/rayann/ros2_ws/basics_tuto/install/my_robot_bringup/share/my_robot_bringup/environment/path.dsv
[0.610s] -- Installing: /home/rayann/ros2_ws/basics_tuto/install/my_robot_bringup/share/my_robot_bringup/local_setup.bash
[0.610s] -- Installing: /home/rayann/ros2_ws/basics_tuto/install/my_robot_bringup/share/my_robot_bringup/local_setup.sh
[0.610s] -- Installing: /home/rayann/ros2_ws/basics_tuto/install/my_robot_bringup/share/my_robot_bringup/local_setup.zsh
[0.610s] -- Installing: /home/rayann/ros2_ws/basics_tuto/install/my_robot_bringup/share/my_robot_bringup/local_setup.dsv
[0.610s] -- Installing: /home/rayann/ros2_ws/basics_tuto/install/my_robot_bringup/share/my_robot_bringup/package.dsv
[0.610s] -- Installing: /home/rayann/ros2_ws/basics_tuto/install/my_robot_bringup/share/ament_index/resource_index/packages/my_robot_bringup
[0.610s] -- Installing: /home/rayann/ros2_ws/basics_tuto/install/my_robot_bringup/share/my_robot_bringup/cmake/my_robot_bringupConfig.cmake
[0.610s] -- Installing: /home/rayann/ros2_ws/basics_tuto/install/my_robot_bringup/share/my_robot_bringup/cmake/my_robot_bringupConfig-version.cmake
[0.610s] -- Installing: /home/rayann/ros2_ws/basics_tuto/install/my_robot_bringup/share/my_robot_bringup/package.xml
[0.612s] Invoked command in '/home/rayann/ros2_ws/basics_tuto/build/my_robot_bringup' returned '0': AMENT_PREFIX_PATH=/home/rayann/ros2_ws/basics_tuto/install/turtlesim_project_cpp:/home/rayann/ros2_ws/basics_tuto/install/turtlesim_catch_them_all:/home/rayann/ros2_ws/basics_tuto/install/my_py_pkg:/home/rayann/ros2_ws/basics_tuto/install/my_cpp_pkg:/home/rayann/ros2_ws/basics_tuto/install/my_robot_interfaces:${AMENT_PREFIX_PATH} CMAKE_PREFIX_PATH=/home/rayann/ros2_ws/basics_tuto/install/turtlesim_project_cpp:/home/rayann/ros2_ws/basics_tuto/install/my_cpp_pkg:/home/rayann/ros2_ws/basics_tuto/install/my_robot_interfaces:/opt/ros/humble LD_LIBRARY_PATH=/home/rayann/ros2_ws/basics_tuto/install/my_robot_interfaces/lib:${LD_LIBRARY_PATH} PYTHONPATH=/home/rayann/ros2_ws/basics_tuto/install/turtlesim_catch_them_all/lib/python3.10/site-packages:/home/rayann/ros2_ws/basics_tuto/install/my_py_pkg/lib/python3.10/site-packages:/home/rayann/ros2_ws/basics_tuto/install/my_robot_interfaces/local/lib/python3.10/dist-packages:${PYTHONPATH} /usr/bin/cmake --install /home/rayann/ros2_ws/basics_tuto/build/my_robot_bringup
